ERROR - 2024-05-04 04:38:04 --> mysqli_sql_exception: Table 'users' already exists in /Applications/XAMPP/xamppfiles/htdocs/SENA/api_ADMIRED/api_ADMIRED/vendor/codeigniter4/framework/system/Database/MySQLi/Connection.php:308
Stack trace:
#0 /Applications/XAMPP/xamppfiles/htdocs/SENA/api_ADMIRED/api_ADMIRED/vendor/codeigniter4/framework/system/Database/MySQLi/Connection.php(308): mysqli->query('CREATE TABLE `u...', 0)
#1 /Applications/XAMPP/xamppfiles/htdocs/SENA/api_ADMIRED/api_ADMIRED/vendor/codeigniter4/framework/system/Database/BaseConnection.php(722): CodeIgniter\Database\MySQLi\Connection->execute('CREATE TABLE `u...')
#2 /Applications/XAMPP/xamppfiles/htdocs/SENA/api_ADMIRED/api_ADMIRED/vendor/codeigniter4/framework/system/Database/BaseConnection.php(636): CodeIgniter\Database\BaseConnection->simpleQuery('CREATE TABLE `u...')
#3 /Applications/XAMPP/xamppfiles/htdocs/SENA/api_ADMIRED/api_ADMIRED/vendor/codeigniter4/framework/system/Database/Forge.php(570): CodeIgniter\Database\BaseConnection->query('CREATE TABLE `u...')
#4 /Applications/XAMPP/xamppfiles/htdocs/SENA/api_ADMIRED/api_ADMIRED/app/Database/Migrations/2024-05-04-042902_AddUser.php(38): CodeIgniter\Database\Forge->createTable('users')
#5 /Applications/XAMPP/xamppfiles/htdocs/SENA/api_ADMIRED/api_ADMIRED/vendor/codeigniter4/framework/system/Database/MigrationRunner.php(867): App\Database\Migrations\AddUser->up()
#6 /Applications/XAMPP/xamppfiles/htdocs/SENA/api_ADMIRED/api_ADMIRED/vendor/codeigniter4/framework/system/Database/MigrationRunner.php(183): CodeIgniter\Database\MigrationRunner->migrate('up', Object(stdClass))
#7 /Applications/XAMPP/xamppfiles/htdocs/SENA/api_ADMIRED/api_ADMIRED/vendor/codeigniter4/framework/system/Commands/Database/Migrate.php(85): CodeIgniter\Database\MigrationRunner->latest(NULL)
#8 /Applications/XAMPP/xamppfiles/htdocs/SENA/api_ADMIRED/api_ADMIRED/vendor/codeigniter4/framework/system/CLI/Commands.php(70): CodeIgniter\Commands\Database\Migrate->run(Array)
#9 /Applications/XAMPP/xamppfiles/htdocs/SENA/api_ADMIRED/api_ADMIRED/vendor/codeigniter4/framework/system/CLI/Console.php(48): CodeIgniter\CLI\Commands->run('migrate', Array)
#10 /Applications/XAMPP/xamppfiles/htdocs/SENA/api_ADMIRED/api_ADMIRED/vendor/codeigniter4/framework/system/Boot.php(338): CodeIgniter\CLI\Console->run()
#11 /Applications/XAMPP/xamppfiles/htdocs/SENA/api_ADMIRED/api_ADMIRED/vendor/codeigniter4/framework/system/Boot.php(104): CodeIgniter\Boot::runCommand(Object(CodeIgniter\CLI\Console))
#12 /Applications/XAMPP/xamppfiles/htdocs/SENA/api_ADMIRED/api_ADMIRED/spark(84): CodeIgniter\Boot::bootSpark(Object(Config\Paths))
#13 {main}
ERROR - 2024-05-04 04:42:19 --> mysqli_sql_exception: Table 'users' already exists in /Applications/XAMPP/xamppfiles/htdocs/SENA/api_ADMIRED/api_ADMIRED/vendor/codeigniter4/framework/system/Database/MySQLi/Connection.php:308
Stack trace:
#0 /Applications/XAMPP/xamppfiles/htdocs/SENA/api_ADMIRED/api_ADMIRED/vendor/codeigniter4/framework/system/Database/MySQLi/Connection.php(308): mysqli->query('CREATE TABLE `u...', 0)
#1 /Applications/XAMPP/xamppfiles/htdocs/SENA/api_ADMIRED/api_ADMIRED/vendor/codeigniter4/framework/system/Database/BaseConnection.php(722): CodeIgniter\Database\MySQLi\Connection->execute('CREATE TABLE `u...')
#2 /Applications/XAMPP/xamppfiles/htdocs/SENA/api_ADMIRED/api_ADMIRED/vendor/codeigniter4/framework/system/Database/BaseConnection.php(636): CodeIgniter\Database\BaseConnection->simpleQuery('CREATE TABLE `u...')
#3 /Applications/XAMPP/xamppfiles/htdocs/SENA/api_ADMIRED/api_ADMIRED/vendor/codeigniter4/framework/system/Database/Forge.php(570): CodeIgniter\Database\BaseConnection->query('CREATE TABLE `u...')
#4 /Applications/XAMPP/xamppfiles/htdocs/SENA/api_ADMIRED/api_ADMIRED/app/Database/Migrations/2024-05-04-042902_AddUser.php(38): CodeIgniter\Database\Forge->createTable('users')
#5 /Applications/XAMPP/xamppfiles/htdocs/SENA/api_ADMIRED/api_ADMIRED/vendor/codeigniter4/framework/system/Database/MigrationRunner.php(867): App\Database\Migrations\AddUser->up()
#6 /Applications/XAMPP/xamppfiles/htdocs/SENA/api_ADMIRED/api_ADMIRED/vendor/codeigniter4/framework/system/Database/MigrationRunner.php(183): CodeIgniter\Database\MigrationRunner->migrate('up', Object(stdClass))
#7 /Applications/XAMPP/xamppfiles/htdocs/SENA/api_ADMIRED/api_ADMIRED/vendor/codeigniter4/framework/system/Commands/Database/Migrate.php(85): CodeIgniter\Database\MigrationRunner->latest(NULL)
#8 /Applications/XAMPP/xamppfiles/htdocs/SENA/api_ADMIRED/api_ADMIRED/vendor/codeigniter4/framework/system/CLI/Commands.php(70): CodeIgniter\Commands\Database\Migrate->run(Array)
#9 /Applications/XAMPP/xamppfiles/htdocs/SENA/api_ADMIRED/api_ADMIRED/vendor/codeigniter4/framework/system/CLI/BaseCommand.php(119): CodeIgniter\CLI\Commands->run('migrate', Array)
#10 /Applications/XAMPP/xamppfiles/htdocs/SENA/api_ADMIRED/api_ADMIRED/vendor/codeigniter4/framework/system/Commands/Database/MigrateRefresh.php(87): CodeIgniter\CLI\BaseCommand->call('migrate', Array)
#11 /Applications/XAMPP/xamppfiles/htdocs/SENA/api_ADMIRED/api_ADMIRED/vendor/codeigniter4/framework/system/CLI/Commands.php(70): CodeIgniter\Commands\Database\MigrateRefresh->run(Array)
#12 /Applications/XAMPP/xamppfiles/htdocs/SENA/api_ADMIRED/api_ADMIRED/vendor/codeigniter4/framework/system/CLI/Console.php(48): CodeIgniter\CLI\Commands->run('migrate:refresh', Array)
#13 /Applications/XAMPP/xamppfiles/htdocs/SENA/api_ADMIRED/api_ADMIRED/vendor/codeigniter4/framework/system/Boot.php(338): CodeIgniter\CLI\Console->run()
#14 /Applications/XAMPP/xamppfiles/htdocs/SENA/api_ADMIRED/api_ADMIRED/vendor/codeigniter4/framework/system/Boot.php(104): CodeIgniter\Boot::runCommand(Object(CodeIgniter\CLI\Console))
#15 /Applications/XAMPP/xamppfiles/htdocs/SENA/api_ADMIRED/api_ADMIRED/spark(84): CodeIgniter\Boot::bootSpark(Object(Config\Paths))
#16 {main}
ERROR - 2024-05-04 04:42:33 --> mysqli_sql_exception: Table 'users' already exists in /Applications/XAMPP/xamppfiles/htdocs/SENA/api_ADMIRED/api_ADMIRED/vendor/codeigniter4/framework/system/Database/MySQLi/Connection.php:308
Stack trace:
#0 /Applications/XAMPP/xamppfiles/htdocs/SENA/api_ADMIRED/api_ADMIRED/vendor/codeigniter4/framework/system/Database/MySQLi/Connection.php(308): mysqli->query('CREATE TABLE `u...', 0)
#1 /Applications/XAMPP/xamppfiles/htdocs/SENA/api_ADMIRED/api_ADMIRED/vendor/codeigniter4/framework/system/Database/BaseConnection.php(722): CodeIgniter\Database\MySQLi\Connection->execute('CREATE TABLE `u...')
#2 /Applications/XAMPP/xamppfiles/htdocs/SENA/api_ADMIRED/api_ADMIRED/vendor/codeigniter4/framework/system/Database/BaseConnection.php(636): CodeIgniter\Database\BaseConnection->simpleQuery('CREATE TABLE `u...')
#3 /Applications/XAMPP/xamppfiles/htdocs/SENA/api_ADMIRED/api_ADMIRED/vendor/codeigniter4/framework/system/Database/Forge.php(570): CodeIgniter\Database\BaseConnection->query('CREATE TABLE `u...')
#4 /Applications/XAMPP/xamppfiles/htdocs/SENA/api_ADMIRED/api_ADMIRED/app/Database/Migrations/2024-05-04-042902_AddUser.php(38): CodeIgniter\Database\Forge->createTable('users')
#5 /Applications/XAMPP/xamppfiles/htdocs/SENA/api_ADMIRED/api_ADMIRED/vendor/codeigniter4/framework/system/Database/MigrationRunner.php(867): App\Database\Migrations\AddUser->up()
#6 /Applications/XAMPP/xamppfiles/htdocs/SENA/api_ADMIRED/api_ADMIRED/vendor/codeigniter4/framework/system/Database/MigrationRunner.php(183): CodeIgniter\Database\MigrationRunner->migrate('up', Object(stdClass))
#7 /Applications/XAMPP/xamppfiles/htdocs/SENA/api_ADMIRED/api_ADMIRED/vendor/codeigniter4/framework/system/Commands/Database/Migrate.php(85): CodeIgniter\Database\MigrationRunner->latest(NULL)
#8 /Applications/XAMPP/xamppfiles/htdocs/SENA/api_ADMIRED/api_ADMIRED/vendor/codeigniter4/framework/system/CLI/Commands.php(70): CodeIgniter\Commands\Database\Migrate->run(Array)
#9 /Applications/XAMPP/xamppfiles/htdocs/SENA/api_ADMIRED/api_ADMIRED/vendor/codeigniter4/framework/system/CLI/Console.php(48): CodeIgniter\CLI\Commands->run('migrate', Array)
#10 /Applications/XAMPP/xamppfiles/htdocs/SENA/api_ADMIRED/api_ADMIRED/vendor/codeigniter4/framework/system/Boot.php(338): CodeIgniter\CLI\Console->run()
#11 /Applications/XAMPP/xamppfiles/htdocs/SENA/api_ADMIRED/api_ADMIRED/vendor/codeigniter4/framework/system/Boot.php(104): CodeIgniter\Boot::runCommand(Object(CodeIgniter\CLI\Console))
#12 /Applications/XAMPP/xamppfiles/htdocs/SENA/api_ADMIRED/api_ADMIRED/spark(84): CodeIgniter\Boot::bootSpark(Object(Config\Paths))
#13 {main}
CRITICAL - 2024-05-04 14:50:35 --> Error: Class "Config\BaseFilters" not found
[Method: GET, Route: /]
in APPPATH/Config/Filters.php on line 13.
 1 SYSTEMPATH/Autoloader/Autoloader.php(317): include_once()
 2 SYSTEMPATH/Autoloader/Autoloader.php(296): CodeIgniter\Autoloader\Autoloader->includeFile('/Applications/XAMPP/xamppfiles/htdocs/SENA/api_ADMIRED/api_ADMIRED/app/Config/Filters.php')
 3 SYSTEMPATH/Autoloader/Autoloader.php(272): CodeIgniter\Autoloader\Autoloader->loadInNamespace('Config\\Filters')
 4 [internal function]: CodeIgniter\Autoloader\Autoloader->loadClass('Config\\Filters')
 5 SYSTEMPATH/Config/Factories.php(297): class_exists('Config\\Filters')
 6 SYSTEMPATH/Config/Factories.php(216): CodeIgniter\Config\Factories::locateClass([...], 'Config\\Filters')
 7 SYSTEMPATH/Config/Factories.php(159): CodeIgniter\Config\Factories::getDefinedInstance([...], 'Config\\Filters', [])
 8 SYSTEMPATH/Config/Factories.php(188): CodeIgniter\Config\Factories::__callStatic('config', [])
 9 SYSTEMPATH/Common.php(207): CodeIgniter\Config\Factories::get('config', 'Config\\Filters')
10 SYSTEMPATH/Config/Services.php(293): config('Config\\Filters')
11 SYSTEMPATH/Config/BaseService.php(311): CodeIgniter\Config\Services::filters(null, false)
12 SYSTEMPATH/Config/BaseService.php(250): CodeIgniter\Config\BaseService::__callStatic('filters', [...])
13 SYSTEMPATH/Config/Services.php(290): CodeIgniter\Config\BaseService::getSharedInstance('filters', null)
14 SYSTEMPATH/Config/BaseService.php(320): CodeIgniter\Config\Services::filters()
15 SYSTEMPATH/CodeIgniter.php(346): CodeIgniter\Config\BaseService::__callStatic('filters', [])
16 SYSTEMPATH/Boot.php(312): CodeIgniter\CodeIgniter->run()
17 SYSTEMPATH/Boot.php(67): CodeIgniter\Boot::runCodeIgniter(Object(CodeIgniter\CodeIgniter))
18 FCPATH/index.php(56): CodeIgniter\Boot::bootWeb(Object(Config\Paths))
19 SYSTEMPATH/Commands/Server/rewrite.php(49): require_once('/Applications/XAMPP/xamppfiles/htdocs/SENA/api_ADMIRED/api_ADMIRED/public/index.php')
CRITICAL - 2024-05-04 14:51:08 --> CodeIgniter\Filters\Exceptions\FilterException: "forcehttps" filter must have a matching alias defined.
[Method: GET, Route: /]
in SYSTEMPATH/Filters/Filters.php on line 329.
 1 SYSTEMPATH/Filters/Filters.php(329): CodeIgniter\Filters\Exceptions\FilterException::forNoAlias('forcehttps')
 2 SYSTEMPATH/Filters/Filters.php(270): CodeIgniter\Filters\Filters->getRequiredFilters('before')
 3 SYSTEMPATH/CodeIgniter.php(389): CodeIgniter\Filters\Filters->runRequired('before')
 4 SYSTEMPATH/CodeIgniter.php(348): CodeIgniter\CodeIgniter->runRequiredBeforeFilters(Object(CodeIgniter\Filters\Filters))
 5 SYSTEMPATH/Boot.php(312): CodeIgniter\CodeIgniter->run()
 6 SYSTEMPATH/Boot.php(67): CodeIgniter\Boot::runCodeIgniter(Object(CodeIgniter\CodeIgniter))
 7 FCPATH/index.php(56): CodeIgniter\Boot::bootWeb(Object(Config\Paths))
 8 SYSTEMPATH/Commands/Server/rewrite.php(49): require_once('/Applications/XAMPP/xamppfiles/htdocs/SENA/api_ADMIRED/api_ADMIRED/public/index.php')
CRITICAL - 2024-05-04 14:51:11 --> CodeIgniter\Filters\Exceptions\FilterException: "forcehttps" filter must have a matching alias defined.
[Method: GET, Route: /]
in SYSTEMPATH/Filters/Filters.php on line 329.
 1 SYSTEMPATH/Filters/Filters.php(329): CodeIgniter\Filters\Exceptions\FilterException::forNoAlias('forcehttps')
 2 SYSTEMPATH/Filters/Filters.php(270): CodeIgniter\Filters\Filters->getRequiredFilters('before')
 3 SYSTEMPATH/CodeIgniter.php(389): CodeIgniter\Filters\Filters->runRequired('before')
 4 SYSTEMPATH/CodeIgniter.php(348): CodeIgniter\CodeIgniter->runRequiredBeforeFilters(Object(CodeIgniter\Filters\Filters))
 5 SYSTEMPATH/Boot.php(312): CodeIgniter\CodeIgniter->run()
 6 SYSTEMPATH/Boot.php(67): CodeIgniter\Boot::runCodeIgniter(Object(CodeIgniter\CodeIgniter))
 7 FCPATH/index.php(56): CodeIgniter\Boot::bootWeb(Object(Config\Paths))
 8 SYSTEMPATH/Commands/Server/rewrite.php(49): require_once('/Applications/XAMPP/xamppfiles/htdocs/SENA/api_ADMIRED/api_ADMIRED/public/index.php')
CRITICAL - 2024-05-04 14:58:00 --> Error: Class "Config\BaseFilters" not found
[Method: GET, Route: /]
in APPPATH/Config/Filters.php on line 13.
 1 SYSTEMPATH/Autoloader/Autoloader.php(317): include_once()
 2 SYSTEMPATH/Autoloader/Autoloader.php(296): CodeIgniter\Autoloader\Autoloader->includeFile('/Applications/XAMPP/xamppfiles/htdocs/SENA/api_ADMIRED/api_ADMIRED/app/Config/Filters.php')
 3 SYSTEMPATH/Autoloader/Autoloader.php(272): CodeIgniter\Autoloader\Autoloader->loadInNamespace('Config\\Filters')
 4 [internal function]: CodeIgniter\Autoloader\Autoloader->loadClass('Config\\Filters')
 5 SYSTEMPATH/Config/Factories.php(297): class_exists('Config\\Filters')
 6 SYSTEMPATH/Config/Factories.php(216): CodeIgniter\Config\Factories::locateClass([...], 'Config\\Filters')
 7 SYSTEMPATH/Config/Factories.php(159): CodeIgniter\Config\Factories::getDefinedInstance([...], 'Config\\Filters', [])
 8 SYSTEMPATH/Config/Factories.php(188): CodeIgniter\Config\Factories::__callStatic('config', [])
 9 SYSTEMPATH/Common.php(207): CodeIgniter\Config\Factories::get('config', 'Config\\Filters')
10 SYSTEMPATH/Config/Services.php(293): config('Config\\Filters')
11 SYSTEMPATH/Config/BaseService.php(311): CodeIgniter\Config\Services::filters(null, false)
12 SYSTEMPATH/Config/BaseService.php(250): CodeIgniter\Config\BaseService::__callStatic('filters', [...])
13 SYSTEMPATH/Config/Services.php(290): CodeIgniter\Config\BaseService::getSharedInstance('filters', null)
14 SYSTEMPATH/Config/BaseService.php(320): CodeIgniter\Config\Services::filters()
15 SYSTEMPATH/CodeIgniter.php(346): CodeIgniter\Config\BaseService::__callStatic('filters', [])
16 SYSTEMPATH/Boot.php(312): CodeIgniter\CodeIgniter->run()
17 SYSTEMPATH/Boot.php(67): CodeIgniter\Boot::runCodeIgniter(Object(CodeIgniter\CodeIgniter))
18 FCPATH/index.php(56): CodeIgniter\Boot::bootWeb(Object(Config\Paths))
19 SYSTEMPATH/Commands/Server/rewrite.php(49): require_once('/Applications/XAMPP/xamppfiles/htdocs/SENA/api_ADMIRED/api_ADMIRED/public/index.php')
CRITICAL - 2024-05-04 14:58:43 --> CodeIgniter\Filters\Exceptions\FilterException: "forcehttps" filter must have a matching alias defined.
[Method: GET, Route: /]
in SYSTEMPATH/Filters/Filters.php on line 329.
 1 SYSTEMPATH/Filters/Filters.php(329): CodeIgniter\Filters\Exceptions\FilterException::forNoAlias('forcehttps')
 2 SYSTEMPATH/Filters/Filters.php(270): CodeIgniter\Filters\Filters->getRequiredFilters('before')
 3 SYSTEMPATH/CodeIgniter.php(389): CodeIgniter\Filters\Filters->runRequired('before')
 4 SYSTEMPATH/CodeIgniter.php(348): CodeIgniter\CodeIgniter->runRequiredBeforeFilters(Object(CodeIgniter\Filters\Filters))
 5 SYSTEMPATH/Boot.php(312): CodeIgniter\CodeIgniter->run()
 6 SYSTEMPATH/Boot.php(67): CodeIgniter\Boot::runCodeIgniter(Object(CodeIgniter\CodeIgniter))
 7 FCPATH/index.php(56): CodeIgniter\Boot::bootWeb(Object(Config\Paths))
 8 SYSTEMPATH/Commands/Server/rewrite.php(49): require_once('/Applications/XAMPP/xamppfiles/htdocs/SENA/api_ADMIRED/api_ADMIRED/public/index.php')
CRITICAL - 2024-05-04 15:15:26 --> CodeIgniter\Filters\Exceptions\FilterException: "forcehttps" filter must have a matching alias defined.
[Method: GET, Route: /]
in SYSTEMPATH/Filters/Filters.php on line 329.
 1 SYSTEMPATH/Filters/Filters.php(329): CodeIgniter\Filters\Exceptions\FilterException::forNoAlias('forcehttps')
 2 SYSTEMPATH/Filters/Filters.php(270): CodeIgniter\Filters\Filters->getRequiredFilters('before')
 3 SYSTEMPATH/CodeIgniter.php(389): CodeIgniter\Filters\Filters->runRequired('before')
 4 SYSTEMPATH/CodeIgniter.php(348): CodeIgniter\CodeIgniter->runRequiredBeforeFilters(Object(CodeIgniter\Filters\Filters))
 5 SYSTEMPATH/Boot.php(312): CodeIgniter\CodeIgniter->run()
 6 SYSTEMPATH/Boot.php(67): CodeIgniter\Boot::runCodeIgniter(Object(CodeIgniter\CodeIgniter))
 7 FCPATH/index.php(56): CodeIgniter\Boot::bootWeb(Object(Config\Paths))
 8 SYSTEMPATH/Commands/Server/rewrite.php(49): require_once('/Applications/XAMPP/xamppfiles/htdocs/SENA/api_ADMIRED/api_ADMIRED/public/index.php')
CRITICAL - 2024-05-04 15:15:28 --> CodeIgniter\Filters\Exceptions\FilterException: "forcehttps" filter must have a matching alias defined.
[Method: GET, Route: /]
in SYSTEMPATH/Filters/Filters.php on line 329.
 1 SYSTEMPATH/Filters/Filters.php(329): CodeIgniter\Filters\Exceptions\FilterException::forNoAlias('forcehttps')
 2 SYSTEMPATH/Filters/Filters.php(270): CodeIgniter\Filters\Filters->getRequiredFilters('before')
 3 SYSTEMPATH/CodeIgniter.php(389): CodeIgniter\Filters\Filters->runRequired('before')
 4 SYSTEMPATH/CodeIgniter.php(348): CodeIgniter\CodeIgniter->runRequiredBeforeFilters(Object(CodeIgniter\Filters\Filters))
 5 SYSTEMPATH/Boot.php(312): CodeIgniter\CodeIgniter->run()
 6 SYSTEMPATH/Boot.php(67): CodeIgniter\Boot::runCodeIgniter(Object(CodeIgniter\CodeIgniter))
 7 FCPATH/index.php(56): CodeIgniter\Boot::bootWeb(Object(Config\Paths))
 8 SYSTEMPATH/Commands/Server/rewrite.php(49): require_once('/Applications/XAMPP/xamppfiles/htdocs/SENA/api_ADMIRED/api_ADMIRED/public/index.php')
ERROR - 2024-05-04 16:45:50 --> mysqli_sql_exception: No database selected in /Applications/XAMPP/xamppfiles/htdocs/SENA/api_ADMIRED/api_ADMIRED/vendor/codeigniter4/framework/system/Database/MySQLi/Connection.php:308
Stack trace:
#0 /Applications/XAMPP/xamppfiles/htdocs/SENA/api_ADMIRED/api_ADMIRED/vendor/codeigniter4/framework/system/Database/MySQLi/Connection.php(308): mysqli->query('SELECT 1\nFROM `...', 0)
#1 /Applications/XAMPP/xamppfiles/htdocs/SENA/api_ADMIRED/api_ADMIRED/vendor/codeigniter4/framework/system/Database/BaseConnection.php(722): CodeIgniter\Database\MySQLi\Connection->execute('SELECT 1\nFROM `...')
#2 /Applications/XAMPP/xamppfiles/htdocs/SENA/api_ADMIRED/api_ADMIRED/vendor/codeigniter4/framework/system/Database/BaseConnection.php(636): CodeIgniter\Database\BaseConnection->simpleQuery('SELECT 1\nFROM `...')
#3 /Applications/XAMPP/xamppfiles/htdocs/SENA/api_ADMIRED/api_ADMIRED/vendor/codeigniter4/framework/system/Database/BaseBuilder.php(1629): CodeIgniter\Database\BaseConnection->query('SELECT 1\nFROM `...', Array, false)
#4 /Applications/XAMPP/xamppfiles/htdocs/SENA/api_ADMIRED/api_ADMIRED/vendor/codeigniter4/framework/system/Validation/StrictRules/Rules.php(228): CodeIgniter\Database\BaseBuilder->get()
#5 /Applications/XAMPP/xamppfiles/htdocs/SENA/api_ADMIRED/api_ADMIRED/vendor/codeigniter4/framework/system/Validation/Validation.php(336): CodeIgniter\Validation\StrictRules\Rules->is_unique('user@gmail.com', 'email', Array, NULL, 'email')
#6 /Applications/XAMPP/xamppfiles/htdocs/SENA/api_ADMIRED/api_ADMIRED/vendor/codeigniter4/framework/system/Validation/Validation.php(201): CodeIgniter\Validation\Validation->processRules('email', 'email', 'user@gmail.com', Array, Array, 'email')
#7 /Applications/XAMPP/xamppfiles/htdocs/SENA/api_ADMIRED/api_ADMIRED/vendor/codeigniter4/framework/system/Controller.php(137): CodeIgniter\Validation\Validation->run()
#8 /Applications/XAMPP/xamppfiles/htdocs/SENA/api_ADMIRED/api_ADMIRED/app/Controllers/Register.php(33): CodeIgniter\Controller->validate(Array)
#9 /Applications/XAMPP/xamppfiles/htdocs/SENA/api_ADMIRED/api_ADMIRED/vendor/codeigniter4/framework/system/CodeIgniter.php(933): App\Controllers\Register->index()
#10 /Applications/XAMPP/xamppfiles/htdocs/SENA/api_ADMIRED/api_ADMIRED/vendor/codeigniter4/framework/system/CodeIgniter.php(509): CodeIgniter\CodeIgniter->runController(Object(App\Controllers\Register))
#11 /Applications/XAMPP/xamppfiles/htdocs/SENA/api_ADMIRED/api_ADMIRED/vendor/codeigniter4/framework/system/CodeIgniter.php(355): CodeIgniter\CodeIgniter->handleRequest(NULL, Object(Config\Cache), false)
#12 /Applications/XAMPP/xamppfiles/htdocs/SENA/api_ADMIRED/api_ADMIRED/vendor/codeigniter4/framework/system/Boot.php(312): CodeIgniter\CodeIgniter->run()
#13 /Applications/XAMPP/xamppfiles/htdocs/SENA/api_ADMIRED/api_ADMIRED/vendor/codeigniter4/framework/system/Boot.php(67): CodeIgniter\Boot::runCodeIgniter(Object(CodeIgniter\CodeIgniter))
#14 /Applications/XAMPP/xamppfiles/htdocs/SENA/api_ADMIRED/api_ADMIRED/public/index.php(56): CodeIgniter\Boot::bootWeb(Object(Config\Paths))
#15 /Applications/XAMPP/xamppfiles/htdocs/SENA/api_ADMIRED/api_ADMIRED/vendor/codeigniter4/framework/system/Commands/Server/rewrite.php(49): require_once('/Applications/X...')
#16 {main}
CRITICAL - 2024-05-04 16:45:50 --> CodeIgniter\Database\Exceptions\DatabaseException: No database selected
[Method: POST, Route: api/register]
in SYSTEMPATH/Database/BaseConnection.php on line 676.
 1 SYSTEMPATH/Database/BaseBuilder.php(1629): CodeIgniter\Database\BaseConnection->query('SELECT 1
FROM `users`
WHERE `email` = :email:
 LIMIT 1', [...], false)
 2 SYSTEMPATH/Validation/StrictRules/Rules.php(228): CodeIgniter\Database\BaseBuilder->get()
 3 SYSTEMPATH/Validation/Validation.php(336): CodeIgniter\Validation\StrictRules\Rules->is_unique('user@gmail.com', 'email', [...], null, 'email')
 4 SYSTEMPATH/Validation/Validation.php(201): CodeIgniter\Validation\Validation->processRules('email', 'email', 'user@gmail.com', [...], [...], 'email')
 5 SYSTEMPATH/Controller.php(137): CodeIgniter\Validation\Validation->run()
 6 APPPATH/Controllers/Register.php(33): CodeIgniter\Controller->validate([...])
 7 SYSTEMPATH/CodeIgniter.php(933): App\Controllers\Register->index()
 8 SYSTEMPATH/CodeIgniter.php(509): CodeIgniter\CodeIgniter->runController(Object(App\Controllers\Register))
 9 SYSTEMPATH/CodeIgniter.php(355): CodeIgniter\CodeIgniter->handleRequest(null, Object(Config\Cache), false)
10 SYSTEMPATH/Boot.php(312): CodeIgniter\CodeIgniter->run()
11 SYSTEMPATH/Boot.php(67): CodeIgniter\Boot::runCodeIgniter(Object(CodeIgniter\CodeIgniter))
12 FCPATH/index.php(56): CodeIgniter\Boot::bootWeb(Object(Config\Paths))
13 SYSTEMPATH/Commands/Server/rewrite.php(49): require_once('/Applications/XAMPP/xamppfiles/htdocs/SENA/api_ADMIRED/api_ADMIRED/public/index.php')
CRITICAL - 2024-05-04 16:45:50 --> [Caused by] CodeIgniter\Database\Exceptions\DatabaseException: No database selected
in SYSTEMPATH/Database/MySQLi/Connection.php on line 313.
 1 SYSTEMPATH/Database/BaseConnection.php(722): CodeIgniter\Database\MySQLi\Connection->execute('SELECT 1
FROM `users`
WHERE `email` = \'user@gmail.com\'
 LIMIT 1')
 2 SYSTEMPATH/Database/BaseConnection.php(636): CodeIgniter\Database\BaseConnection->simpleQuery('SELECT 1
FROM `users`
WHERE `email` = \'user@gmail.com\'
 LIMIT 1')
 3 SYSTEMPATH/Database/BaseBuilder.php(1629): CodeIgniter\Database\BaseConnection->query('SELECT 1
FROM `users`
WHERE `email` = :email:
 LIMIT 1', [...], false)
 4 SYSTEMPATH/Validation/StrictRules/Rules.php(228): CodeIgniter\Database\BaseBuilder->get()
 5 SYSTEMPATH/Validation/Validation.php(336): CodeIgniter\Validation\StrictRules\Rules->is_unique('user@gmail.com', 'email', [...], null, 'email')
 6 SYSTEMPATH/Validation/Validation.php(201): CodeIgniter\Validation\Validation->processRules('email', 'email', 'user@gmail.com', [...], [...], 'email')
 7 SYSTEMPATH/Controller.php(137): CodeIgniter\Validation\Validation->run()
 8 APPPATH/Controllers/Register.php(33): CodeIgniter\Controller->validate([...])
 9 SYSTEMPATH/CodeIgniter.php(933): App\Controllers\Register->index()
10 SYSTEMPATH/CodeIgniter.php(509): CodeIgniter\CodeIgniter->runController(Object(App\Controllers\Register))
11 SYSTEMPATH/CodeIgniter.php(355): CodeIgniter\CodeIgniter->handleRequest(null, Object(Config\Cache), false)
12 SYSTEMPATH/Boot.php(312): CodeIgniter\CodeIgniter->run()
13 SYSTEMPATH/Boot.php(67): CodeIgniter\Boot::runCodeIgniter(Object(CodeIgniter\CodeIgniter))
14 FCPATH/index.php(56): CodeIgniter\Boot::bootWeb(Object(Config\Paths))
15 SYSTEMPATH/Commands/Server/rewrite.php(49): require_once('/Applications/XAMPP/xamppfiles/htdocs/SENA/api_ADMIRED/api_ADMIRED/public/index.php')
CRITICAL - 2024-05-04 16:45:50 --> [Caused by] mysqli_sql_exception: No database selected
in SYSTEMPATH/Database/MySQLi/Connection.php on line 308.
 1 SYSTEMPATH/Database/MySQLi/Connection.php(308): mysqli->query('SELECT 1
FROM `users`
WHERE `email` = \'user@gmail.com\'
 LIMIT 1', 0)
 2 SYSTEMPATH/Database/BaseConnection.php(722): CodeIgniter\Database\MySQLi\Connection->execute('SELECT 1
FROM `users`
WHERE `email` = \'user@gmail.com\'
 LIMIT 1')
 3 SYSTEMPATH/Database/BaseConnection.php(636): CodeIgniter\Database\BaseConnection->simpleQuery('SELECT 1
FROM `users`
WHERE `email` = \'user@gmail.com\'
 LIMIT 1')
 4 SYSTEMPATH/Database/BaseBuilder.php(1629): CodeIgniter\Database\BaseConnection->query('SELECT 1
FROM `users`
WHERE `email` = :email:
 LIMIT 1', [...], false)
 5 SYSTEMPATH/Validation/StrictRules/Rules.php(228): CodeIgniter\Database\BaseBuilder->get()
 6 SYSTEMPATH/Validation/Validation.php(336): CodeIgniter\Validation\StrictRules\Rules->is_unique('user@gmail.com', 'email', [...], null, 'email')
 7 SYSTEMPATH/Validation/Validation.php(201): CodeIgniter\Validation\Validation->processRules('email', 'email', 'user@gmail.com', [...], [...], 'email')
 8 SYSTEMPATH/Controller.php(137): CodeIgniter\Validation\Validation->run()
 9 APPPATH/Controllers/Register.php(33): CodeIgniter\Controller->validate([...])
10 SYSTEMPATH/CodeIgniter.php(933): App\Controllers\Register->index()
11 SYSTEMPATH/CodeIgniter.php(509): CodeIgniter\CodeIgniter->runController(Object(App\Controllers\Register))
12 SYSTEMPATH/CodeIgniter.php(355): CodeIgniter\CodeIgniter->handleRequest(null, Object(Config\Cache), false)
13 SYSTEMPATH/Boot.php(312): CodeIgniter\CodeIgniter->run()
14 SYSTEMPATH/Boot.php(67): CodeIgniter\Boot::runCodeIgniter(Object(CodeIgniter\CodeIgniter))
15 FCPATH/index.php(56): CodeIgniter\Boot::bootWeb(Object(Config\Paths))
16 SYSTEMPATH/Commands/Server/rewrite.php(49): require_once('/Applications/XAMPP/xamppfiles/htdocs/SENA/api_ADMIRED/api_ADMIRED/public/index.php')
ERROR - 2024-05-04 16:49:46 --> mysqli_sql_exception: No database selected in /Applications/XAMPP/xamppfiles/htdocs/SENA/api_ADMIRED/api_ADMIRED/vendor/codeigniter4/framework/system/Database/MySQLi/Connection.php:308
Stack trace:
#0 /Applications/XAMPP/xamppfiles/htdocs/SENA/api_ADMIRED/api_ADMIRED/vendor/codeigniter4/framework/system/Database/MySQLi/Connection.php(308): mysqli->query('SELECT 1\nFROM `...', 0)
#1 /Applications/XAMPP/xamppfiles/htdocs/SENA/api_ADMIRED/api_ADMIRED/vendor/codeigniter4/framework/system/Database/BaseConnection.php(722): CodeIgniter\Database\MySQLi\Connection->execute('SELECT 1\nFROM `...')
#2 /Applications/XAMPP/xamppfiles/htdocs/SENA/api_ADMIRED/api_ADMIRED/vendor/codeigniter4/framework/system/Database/BaseConnection.php(636): CodeIgniter\Database\BaseConnection->simpleQuery('SELECT 1\nFROM `...')
#3 /Applications/XAMPP/xamppfiles/htdocs/SENA/api_ADMIRED/api_ADMIRED/vendor/codeigniter4/framework/system/Database/BaseBuilder.php(1629): CodeIgniter\Database\BaseConnection->query('SELECT 1\nFROM `...', Array, false)
#4 /Applications/XAMPP/xamppfiles/htdocs/SENA/api_ADMIRED/api_ADMIRED/vendor/codeigniter4/framework/system/Validation/StrictRules/Rules.php(228): CodeIgniter\Database\BaseBuilder->get()
#5 /Applications/XAMPP/xamppfiles/htdocs/SENA/api_ADMIRED/api_ADMIRED/vendor/codeigniter4/framework/system/Validation/Validation.php(336): CodeIgniter\Validation\StrictRules\Rules->is_unique('user@gmail.com', 'email', Array, NULL, 'email')
#6 /Applications/XAMPP/xamppfiles/htdocs/SENA/api_ADMIRED/api_ADMIRED/vendor/codeigniter4/framework/system/Validation/Validation.php(201): CodeIgniter\Validation\Validation->processRules('email', 'email', 'user@gmail.com', Array, Array, 'email')
#7 /Applications/XAMPP/xamppfiles/htdocs/SENA/api_ADMIRED/api_ADMIRED/vendor/codeigniter4/framework/system/Controller.php(137): CodeIgniter\Validation\Validation->run()
#8 /Applications/XAMPP/xamppfiles/htdocs/SENA/api_ADMIRED/api_ADMIRED/app/Controllers/Register.php(33): CodeIgniter\Controller->validate(Array)
#9 /Applications/XAMPP/xamppfiles/htdocs/SENA/api_ADMIRED/api_ADMIRED/vendor/codeigniter4/framework/system/CodeIgniter.php(933): App\Controllers\Register->index()
#10 /Applications/XAMPP/xamppfiles/htdocs/SENA/api_ADMIRED/api_ADMIRED/vendor/codeigniter4/framework/system/CodeIgniter.php(509): CodeIgniter\CodeIgniter->runController(Object(App\Controllers\Register))
#11 /Applications/XAMPP/xamppfiles/htdocs/SENA/api_ADMIRED/api_ADMIRED/vendor/codeigniter4/framework/system/CodeIgniter.php(355): CodeIgniter\CodeIgniter->handleRequest(NULL, Object(Config\Cache), false)
#12 /Applications/XAMPP/xamppfiles/htdocs/SENA/api_ADMIRED/api_ADMIRED/vendor/codeigniter4/framework/system/Boot.php(312): CodeIgniter\CodeIgniter->run()
#13 /Applications/XAMPP/xamppfiles/htdocs/SENA/api_ADMIRED/api_ADMIRED/vendor/codeigniter4/framework/system/Boot.php(67): CodeIgniter\Boot::runCodeIgniter(Object(CodeIgniter\CodeIgniter))
#14 /Applications/XAMPP/xamppfiles/htdocs/SENA/api_ADMIRED/api_ADMIRED/public/index.php(56): CodeIgniter\Boot::bootWeb(Object(Config\Paths))
#15 /Applications/XAMPP/xamppfiles/htdocs/SENA/api_ADMIRED/api_ADMIRED/vendor/codeigniter4/framework/system/Commands/Server/rewrite.php(49): require_once('/Applications/X...')
#16 {main}
CRITICAL - 2024-05-04 16:49:46 --> CodeIgniter\Database\Exceptions\DatabaseException: No database selected
[Method: POST, Route: api/register]
in SYSTEMPATH/Database/BaseConnection.php on line 676.
 1 SYSTEMPATH/Database/BaseBuilder.php(1629): CodeIgniter\Database\BaseConnection->query('SELECT 1
FROM `users`
WHERE `email` = :email:
 LIMIT 1', [...], false)
 2 SYSTEMPATH/Validation/StrictRules/Rules.php(228): CodeIgniter\Database\BaseBuilder->get()
 3 SYSTEMPATH/Validation/Validation.php(336): CodeIgniter\Validation\StrictRules\Rules->is_unique('user@gmail.com', 'email', [...], null, 'email')
 4 SYSTEMPATH/Validation/Validation.php(201): CodeIgniter\Validation\Validation->processRules('email', 'email', 'user@gmail.com', [...], [...], 'email')
 5 SYSTEMPATH/Controller.php(137): CodeIgniter\Validation\Validation->run()
 6 APPPATH/Controllers/Register.php(33): CodeIgniter\Controller->validate([...])
 7 SYSTEMPATH/CodeIgniter.php(933): App\Controllers\Register->index()
 8 SYSTEMPATH/CodeIgniter.php(509): CodeIgniter\CodeIgniter->runController(Object(App\Controllers\Register))
 9 SYSTEMPATH/CodeIgniter.php(355): CodeIgniter\CodeIgniter->handleRequest(null, Object(Config\Cache), false)
10 SYSTEMPATH/Boot.php(312): CodeIgniter\CodeIgniter->run()
11 SYSTEMPATH/Boot.php(67): CodeIgniter\Boot::runCodeIgniter(Object(CodeIgniter\CodeIgniter))
12 FCPATH/index.php(56): CodeIgniter\Boot::bootWeb(Object(Config\Paths))
13 SYSTEMPATH/Commands/Server/rewrite.php(49): require_once('/Applications/XAMPP/xamppfiles/htdocs/SENA/api_ADMIRED/api_ADMIRED/public/index.php')
CRITICAL - 2024-05-04 16:49:46 --> [Caused by] CodeIgniter\Database\Exceptions\DatabaseException: No database selected
in SYSTEMPATH/Database/MySQLi/Connection.php on line 313.
 1 SYSTEMPATH/Database/BaseConnection.php(722): CodeIgniter\Database\MySQLi\Connection->execute('SELECT 1
FROM `users`
WHERE `email` = \'user@gmail.com\'
 LIMIT 1')
 2 SYSTEMPATH/Database/BaseConnection.php(636): CodeIgniter\Database\BaseConnection->simpleQuery('SELECT 1
FROM `users`
WHERE `email` = \'user@gmail.com\'
 LIMIT 1')
 3 SYSTEMPATH/Database/BaseBuilder.php(1629): CodeIgniter\Database\BaseConnection->query('SELECT 1
FROM `users`
WHERE `email` = :email:
 LIMIT 1', [...], false)
 4 SYSTEMPATH/Validation/StrictRules/Rules.php(228): CodeIgniter\Database\BaseBuilder->get()
 5 SYSTEMPATH/Validation/Validation.php(336): CodeIgniter\Validation\StrictRules\Rules->is_unique('user@gmail.com', 'email', [...], null, 'email')
 6 SYSTEMPATH/Validation/Validation.php(201): CodeIgniter\Validation\Validation->processRules('email', 'email', 'user@gmail.com', [...], [...], 'email')
 7 SYSTEMPATH/Controller.php(137): CodeIgniter\Validation\Validation->run()
 8 APPPATH/Controllers/Register.php(33): CodeIgniter\Controller->validate([...])
 9 SYSTEMPATH/CodeIgniter.php(933): App\Controllers\Register->index()
10 SYSTEMPATH/CodeIgniter.php(509): CodeIgniter\CodeIgniter->runController(Object(App\Controllers\Register))
11 SYSTEMPATH/CodeIgniter.php(355): CodeIgniter\CodeIgniter->handleRequest(null, Object(Config\Cache), false)
12 SYSTEMPATH/Boot.php(312): CodeIgniter\CodeIgniter->run()
13 SYSTEMPATH/Boot.php(67): CodeIgniter\Boot::runCodeIgniter(Object(CodeIgniter\CodeIgniter))
14 FCPATH/index.php(56): CodeIgniter\Boot::bootWeb(Object(Config\Paths))
15 SYSTEMPATH/Commands/Server/rewrite.php(49): require_once('/Applications/XAMPP/xamppfiles/htdocs/SENA/api_ADMIRED/api_ADMIRED/public/index.php')
CRITICAL - 2024-05-04 16:49:46 --> [Caused by] mysqli_sql_exception: No database selected
in SYSTEMPATH/Database/MySQLi/Connection.php on line 308.
 1 SYSTEMPATH/Database/MySQLi/Connection.php(308): mysqli->query('SELECT 1
FROM `users`
WHERE `email` = \'user@gmail.com\'
 LIMIT 1', 0)
 2 SYSTEMPATH/Database/BaseConnection.php(722): CodeIgniter\Database\MySQLi\Connection->execute('SELECT 1
FROM `users`
WHERE `email` = \'user@gmail.com\'
 LIMIT 1')
 3 SYSTEMPATH/Database/BaseConnection.php(636): CodeIgniter\Database\BaseConnection->simpleQuery('SELECT 1
FROM `users`
WHERE `email` = \'user@gmail.com\'
 LIMIT 1')
 4 SYSTEMPATH/Database/BaseBuilder.php(1629): CodeIgniter\Database\BaseConnection->query('SELECT 1
FROM `users`
WHERE `email` = :email:
 LIMIT 1', [...], false)
 5 SYSTEMPATH/Validation/StrictRules/Rules.php(228): CodeIgniter\Database\BaseBuilder->get()
 6 SYSTEMPATH/Validation/Validation.php(336): CodeIgniter\Validation\StrictRules\Rules->is_unique('user@gmail.com', 'email', [...], null, 'email')
 7 SYSTEMPATH/Validation/Validation.php(201): CodeIgniter\Validation\Validation->processRules('email', 'email', 'user@gmail.com', [...], [...], 'email')
 8 SYSTEMPATH/Controller.php(137): CodeIgniter\Validation\Validation->run()
 9 APPPATH/Controllers/Register.php(33): CodeIgniter\Controller->validate([...])
10 SYSTEMPATH/CodeIgniter.php(933): App\Controllers\Register->index()
11 SYSTEMPATH/CodeIgniter.php(509): CodeIgniter\CodeIgniter->runController(Object(App\Controllers\Register))
12 SYSTEMPATH/CodeIgniter.php(355): CodeIgniter\CodeIgniter->handleRequest(null, Object(Config\Cache), false)
13 SYSTEMPATH/Boot.php(312): CodeIgniter\CodeIgniter->run()
14 SYSTEMPATH/Boot.php(67): CodeIgniter\Boot::runCodeIgniter(Object(CodeIgniter\CodeIgniter))
15 FCPATH/index.php(56): CodeIgniter\Boot::bootWeb(Object(Config\Paths))
16 SYSTEMPATH/Commands/Server/rewrite.php(49): require_once('/Applications/XAMPP/xamppfiles/htdocs/SENA/api_ADMIRED/api_ADMIRED/public/index.php')
ERROR - 2024-05-04 16:52:34 --> mysqli_sql_exception: No database selected in /Applications/XAMPP/xamppfiles/htdocs/SENA/api_ADMIRED/api_ADMIRED/vendor/codeigniter4/framework/system/Database/MySQLi/Connection.php:308
Stack trace:
#0 /Applications/XAMPP/xamppfiles/htdocs/SENA/api_ADMIRED/api_ADMIRED/vendor/codeigniter4/framework/system/Database/MySQLi/Connection.php(308): mysqli->query('SELECT 1\nFROM `...', 0)
#1 /Applications/XAMPP/xamppfiles/htdocs/SENA/api_ADMIRED/api_ADMIRED/vendor/codeigniter4/framework/system/Database/BaseConnection.php(722): CodeIgniter\Database\MySQLi\Connection->execute('SELECT 1\nFROM `...')
#2 /Applications/XAMPP/xamppfiles/htdocs/SENA/api_ADMIRED/api_ADMIRED/vendor/codeigniter4/framework/system/Database/BaseConnection.php(636): CodeIgniter\Database\BaseConnection->simpleQuery('SELECT 1\nFROM `...')
#3 /Applications/XAMPP/xamppfiles/htdocs/SENA/api_ADMIRED/api_ADMIRED/vendor/codeigniter4/framework/system/Database/BaseBuilder.php(1629): CodeIgniter\Database\BaseConnection->query('SELECT 1\nFROM `...', Array, false)
#4 /Applications/XAMPP/xamppfiles/htdocs/SENA/api_ADMIRED/api_ADMIRED/vendor/codeigniter4/framework/system/Validation/StrictRules/Rules.php(228): CodeIgniter\Database\BaseBuilder->get()
#5 /Applications/XAMPP/xamppfiles/htdocs/SENA/api_ADMIRED/api_ADMIRED/vendor/codeigniter4/framework/system/Validation/Validation.php(336): CodeIgniter\Validation\StrictRules\Rules->is_unique('user@gmail.com', 'email', Array, NULL, 'email')
#6 /Applications/XAMPP/xamppfiles/htdocs/SENA/api_ADMIRED/api_ADMIRED/vendor/codeigniter4/framework/system/Validation/Validation.php(201): CodeIgniter\Validation\Validation->processRules('email', 'email', 'user@gmail.com', Array, Array, 'email')
#7 /Applications/XAMPP/xamppfiles/htdocs/SENA/api_ADMIRED/api_ADMIRED/vendor/codeigniter4/framework/system/Controller.php(137): CodeIgniter\Validation\Validation->run()
#8 /Applications/XAMPP/xamppfiles/htdocs/SENA/api_ADMIRED/api_ADMIRED/app/Controllers/Register.php(33): CodeIgniter\Controller->validate(Array)
#9 /Applications/XAMPP/xamppfiles/htdocs/SENA/api_ADMIRED/api_ADMIRED/vendor/codeigniter4/framework/system/CodeIgniter.php(933): App\Controllers\Register->index()
#10 /Applications/XAMPP/xamppfiles/htdocs/SENA/api_ADMIRED/api_ADMIRED/vendor/codeigniter4/framework/system/CodeIgniter.php(509): CodeIgniter\CodeIgniter->runController(Object(App\Controllers\Register))
#11 /Applications/XAMPP/xamppfiles/htdocs/SENA/api_ADMIRED/api_ADMIRED/vendor/codeigniter4/framework/system/CodeIgniter.php(355): CodeIgniter\CodeIgniter->handleRequest(NULL, Object(Config\Cache), false)
#12 /Applications/XAMPP/xamppfiles/htdocs/SENA/api_ADMIRED/api_ADMIRED/vendor/codeigniter4/framework/system/Boot.php(312): CodeIgniter\CodeIgniter->run()
#13 /Applications/XAMPP/xamppfiles/htdocs/SENA/api_ADMIRED/api_ADMIRED/vendor/codeigniter4/framework/system/Boot.php(67): CodeIgniter\Boot::runCodeIgniter(Object(CodeIgniter\CodeIgniter))
#14 /Applications/XAMPP/xamppfiles/htdocs/SENA/api_ADMIRED/api_ADMIRED/public/index.php(56): CodeIgniter\Boot::bootWeb(Object(Config\Paths))
#15 /Applications/XAMPP/xamppfiles/htdocs/SENA/api_ADMIRED/api_ADMIRED/vendor/codeigniter4/framework/system/Commands/Server/rewrite.php(49): require_once('/Applications/X...')
#16 {main}
CRITICAL - 2024-05-04 16:52:34 --> CodeIgniter\Database\Exceptions\DatabaseException: No database selected
[Method: POST, Route: api/register]
in SYSTEMPATH/Database/BaseConnection.php on line 676.
 1 SYSTEMPATH/Database/BaseBuilder.php(1629): CodeIgniter\Database\BaseConnection->query('SELECT 1
FROM `users`
WHERE `email` = :email:
 LIMIT 1', [...], false)
 2 SYSTEMPATH/Validation/StrictRules/Rules.php(228): CodeIgniter\Database\BaseBuilder->get()
 3 SYSTEMPATH/Validation/Validation.php(336): CodeIgniter\Validation\StrictRules\Rules->is_unique('user@gmail.com', 'email', [...], null, 'email')
 4 SYSTEMPATH/Validation/Validation.php(201): CodeIgniter\Validation\Validation->processRules('email', 'email', 'user@gmail.com', [...], [...], 'email')
 5 SYSTEMPATH/Controller.php(137): CodeIgniter\Validation\Validation->run()
 6 APPPATH/Controllers/Register.php(33): CodeIgniter\Controller->validate([...])
 7 SYSTEMPATH/CodeIgniter.php(933): App\Controllers\Register->index()
 8 SYSTEMPATH/CodeIgniter.php(509): CodeIgniter\CodeIgniter->runController(Object(App\Controllers\Register))
 9 SYSTEMPATH/CodeIgniter.php(355): CodeIgniter\CodeIgniter->handleRequest(null, Object(Config\Cache), false)
10 SYSTEMPATH/Boot.php(312): CodeIgniter\CodeIgniter->run()
11 SYSTEMPATH/Boot.php(67): CodeIgniter\Boot::runCodeIgniter(Object(CodeIgniter\CodeIgniter))
12 FCPATH/index.php(56): CodeIgniter\Boot::bootWeb(Object(Config\Paths))
13 SYSTEMPATH/Commands/Server/rewrite.php(49): require_once('/Applications/XAMPP/xamppfiles/htdocs/SENA/api_ADMIRED/api_ADMIRED/public/index.php')
CRITICAL - 2024-05-04 16:52:34 --> [Caused by] CodeIgniter\Database\Exceptions\DatabaseException: No database selected
in SYSTEMPATH/Database/MySQLi/Connection.php on line 313.
 1 SYSTEMPATH/Database/BaseConnection.php(722): CodeIgniter\Database\MySQLi\Connection->execute('SELECT 1
FROM `users`
WHERE `email` = \'user@gmail.com\'
 LIMIT 1')
 2 SYSTEMPATH/Database/BaseConnection.php(636): CodeIgniter\Database\BaseConnection->simpleQuery('SELECT 1
FROM `users`
WHERE `email` = \'user@gmail.com\'
 LIMIT 1')
 3 SYSTEMPATH/Database/BaseBuilder.php(1629): CodeIgniter\Database\BaseConnection->query('SELECT 1
FROM `users`
WHERE `email` = :email:
 LIMIT 1', [...], false)
 4 SYSTEMPATH/Validation/StrictRules/Rules.php(228): CodeIgniter\Database\BaseBuilder->get()
 5 SYSTEMPATH/Validation/Validation.php(336): CodeIgniter\Validation\StrictRules\Rules->is_unique('user@gmail.com', 'email', [...], null, 'email')
 6 SYSTEMPATH/Validation/Validation.php(201): CodeIgniter\Validation\Validation->processRules('email', 'email', 'user@gmail.com', [...], [...], 'email')
 7 SYSTEMPATH/Controller.php(137): CodeIgniter\Validation\Validation->run()
 8 APPPATH/Controllers/Register.php(33): CodeIgniter\Controller->validate([...])
 9 SYSTEMPATH/CodeIgniter.php(933): App\Controllers\Register->index()
10 SYSTEMPATH/CodeIgniter.php(509): CodeIgniter\CodeIgniter->runController(Object(App\Controllers\Register))
11 SYSTEMPATH/CodeIgniter.php(355): CodeIgniter\CodeIgniter->handleRequest(null, Object(Config\Cache), false)
12 SYSTEMPATH/Boot.php(312): CodeIgniter\CodeIgniter->run()
13 SYSTEMPATH/Boot.php(67): CodeIgniter\Boot::runCodeIgniter(Object(CodeIgniter\CodeIgniter))
14 FCPATH/index.php(56): CodeIgniter\Boot::bootWeb(Object(Config\Paths))
15 SYSTEMPATH/Commands/Server/rewrite.php(49): require_once('/Applications/XAMPP/xamppfiles/htdocs/SENA/api_ADMIRED/api_ADMIRED/public/index.php')
CRITICAL - 2024-05-04 16:52:34 --> [Caused by] mysqli_sql_exception: No database selected
in SYSTEMPATH/Database/MySQLi/Connection.php on line 308.
 1 SYSTEMPATH/Database/MySQLi/Connection.php(308): mysqli->query('SELECT 1
FROM `users`
WHERE `email` = \'user@gmail.com\'
 LIMIT 1', 0)
 2 SYSTEMPATH/Database/BaseConnection.php(722): CodeIgniter\Database\MySQLi\Connection->execute('SELECT 1
FROM `users`
WHERE `email` = \'user@gmail.com\'
 LIMIT 1')
 3 SYSTEMPATH/Database/BaseConnection.php(636): CodeIgniter\Database\BaseConnection->simpleQuery('SELECT 1
FROM `users`
WHERE `email` = \'user@gmail.com\'
 LIMIT 1')
 4 SYSTEMPATH/Database/BaseBuilder.php(1629): CodeIgniter\Database\BaseConnection->query('SELECT 1
FROM `users`
WHERE `email` = :email:
 LIMIT 1', [...], false)
 5 SYSTEMPATH/Validation/StrictRules/Rules.php(228): CodeIgniter\Database\BaseBuilder->get()
 6 SYSTEMPATH/Validation/Validation.php(336): CodeIgniter\Validation\StrictRules\Rules->is_unique('user@gmail.com', 'email', [...], null, 'email')
 7 SYSTEMPATH/Validation/Validation.php(201): CodeIgniter\Validation\Validation->processRules('email', 'email', 'user@gmail.com', [...], [...], 'email')
 8 SYSTEMPATH/Controller.php(137): CodeIgniter\Validation\Validation->run()
 9 APPPATH/Controllers/Register.php(33): CodeIgniter\Controller->validate([...])
10 SYSTEMPATH/CodeIgniter.php(933): App\Controllers\Register->index()
11 SYSTEMPATH/CodeIgniter.php(509): CodeIgniter\CodeIgniter->runController(Object(App\Controllers\Register))
12 SYSTEMPATH/CodeIgniter.php(355): CodeIgniter\CodeIgniter->handleRequest(null, Object(Config\Cache), false)
13 SYSTEMPATH/Boot.php(312): CodeIgniter\CodeIgniter->run()
14 SYSTEMPATH/Boot.php(67): CodeIgniter\Boot::runCodeIgniter(Object(CodeIgniter\CodeIgniter))
15 FCPATH/index.php(56): CodeIgniter\Boot::bootWeb(Object(Config\Paths))
16 SYSTEMPATH/Commands/Server/rewrite.php(49): require_once('/Applications/XAMPP/xamppfiles/htdocs/SENA/api_ADMIRED/api_ADMIRED/public/index.php')
ERROR - 2024-05-04 16:53:28 --> mysqli_sql_exception: No database selected in /Applications/XAMPP/xamppfiles/htdocs/SENA/api_ADMIRED/api_ADMIRED/vendor/codeigniter4/framework/system/Database/MySQLi/Connection.php:308
Stack trace:
#0 /Applications/XAMPP/xamppfiles/htdocs/SENA/api_ADMIRED/api_ADMIRED/vendor/codeigniter4/framework/system/Database/MySQLi/Connection.php(308): mysqli->query('SELECT 1\nFROM `...', 0)
#1 /Applications/XAMPP/xamppfiles/htdocs/SENA/api_ADMIRED/api_ADMIRED/vendor/codeigniter4/framework/system/Database/BaseConnection.php(722): CodeIgniter\Database\MySQLi\Connection->execute('SELECT 1\nFROM `...')
#2 /Applications/XAMPP/xamppfiles/htdocs/SENA/api_ADMIRED/api_ADMIRED/vendor/codeigniter4/framework/system/Database/BaseConnection.php(636): CodeIgniter\Database\BaseConnection->simpleQuery('SELECT 1\nFROM `...')
#3 /Applications/XAMPP/xamppfiles/htdocs/SENA/api_ADMIRED/api_ADMIRED/vendor/codeigniter4/framework/system/Database/BaseBuilder.php(1629): CodeIgniter\Database\BaseConnection->query('SELECT 1\nFROM `...', Array, false)
#4 /Applications/XAMPP/xamppfiles/htdocs/SENA/api_ADMIRED/api_ADMIRED/vendor/codeigniter4/framework/system/Validation/StrictRules/Rules.php(228): CodeIgniter\Database\BaseBuilder->get()
#5 /Applications/XAMPP/xamppfiles/htdocs/SENA/api_ADMIRED/api_ADMIRED/vendor/codeigniter4/framework/system/Validation/Validation.php(336): CodeIgniter\Validation\StrictRules\Rules->is_unique('user@gmail.com', 'email', Array, NULL, 'email')
#6 /Applications/XAMPP/xamppfiles/htdocs/SENA/api_ADMIRED/api_ADMIRED/vendor/codeigniter4/framework/system/Validation/Validation.php(201): CodeIgniter\Validation\Validation->processRules('email', 'email', 'user@gmail.com', Array, Array, 'email')
#7 /Applications/XAMPP/xamppfiles/htdocs/SENA/api_ADMIRED/api_ADMIRED/vendor/codeigniter4/framework/system/Controller.php(137): CodeIgniter\Validation\Validation->run()
#8 /Applications/XAMPP/xamppfiles/htdocs/SENA/api_ADMIRED/api_ADMIRED/app/Controllers/Register.php(33): CodeIgniter\Controller->validate(Array)
#9 /Applications/XAMPP/xamppfiles/htdocs/SENA/api_ADMIRED/api_ADMIRED/vendor/codeigniter4/framework/system/CodeIgniter.php(933): App\Controllers\Register->index()
#10 /Applications/XAMPP/xamppfiles/htdocs/SENA/api_ADMIRED/api_ADMIRED/vendor/codeigniter4/framework/system/CodeIgniter.php(509): CodeIgniter\CodeIgniter->runController(Object(App\Controllers\Register))
#11 /Applications/XAMPP/xamppfiles/htdocs/SENA/api_ADMIRED/api_ADMIRED/vendor/codeigniter4/framework/system/CodeIgniter.php(355): CodeIgniter\CodeIgniter->handleRequest(NULL, Object(Config\Cache), false)
#12 /Applications/XAMPP/xamppfiles/htdocs/SENA/api_ADMIRED/api_ADMIRED/vendor/codeigniter4/framework/system/Boot.php(312): CodeIgniter\CodeIgniter->run()
#13 /Applications/XAMPP/xamppfiles/htdocs/SENA/api_ADMIRED/api_ADMIRED/vendor/codeigniter4/framework/system/Boot.php(67): CodeIgniter\Boot::runCodeIgniter(Object(CodeIgniter\CodeIgniter))
#14 /Applications/XAMPP/xamppfiles/htdocs/SENA/api_ADMIRED/api_ADMIRED/public/index.php(56): CodeIgniter\Boot::bootWeb(Object(Config\Paths))
#15 /Applications/XAMPP/xamppfiles/htdocs/SENA/api_ADMIRED/api_ADMIRED/vendor/codeigniter4/framework/system/Commands/Server/rewrite.php(49): require_once('/Applications/X...')
#16 {main}
CRITICAL - 2024-05-04 16:53:28 --> CodeIgniter\Database\Exceptions\DatabaseException: No database selected
[Method: POST, Route: api/register]
in SYSTEMPATH/Database/BaseConnection.php on line 676.
 1 SYSTEMPATH/Database/BaseBuilder.php(1629): CodeIgniter\Database\BaseConnection->query('SELECT 1
FROM `users`
WHERE `email` = :email:
 LIMIT 1', [...], false)
 2 SYSTEMPATH/Validation/StrictRules/Rules.php(228): CodeIgniter\Database\BaseBuilder->get()
 3 SYSTEMPATH/Validation/Validation.php(336): CodeIgniter\Validation\StrictRules\Rules->is_unique('user@gmail.com', 'email', [...], null, 'email')
 4 SYSTEMPATH/Validation/Validation.php(201): CodeIgniter\Validation\Validation->processRules('email', 'email', 'user@gmail.com', [...], [...], 'email')
 5 SYSTEMPATH/Controller.php(137): CodeIgniter\Validation\Validation->run()
 6 APPPATH/Controllers/Register.php(33): CodeIgniter\Controller->validate([...])
 7 SYSTEMPATH/CodeIgniter.php(933): App\Controllers\Register->index()
 8 SYSTEMPATH/CodeIgniter.php(509): CodeIgniter\CodeIgniter->runController(Object(App\Controllers\Register))
 9 SYSTEMPATH/CodeIgniter.php(355): CodeIgniter\CodeIgniter->handleRequest(null, Object(Config\Cache), false)
10 SYSTEMPATH/Boot.php(312): CodeIgniter\CodeIgniter->run()
11 SYSTEMPATH/Boot.php(67): CodeIgniter\Boot::runCodeIgniter(Object(CodeIgniter\CodeIgniter))
12 FCPATH/index.php(56): CodeIgniter\Boot::bootWeb(Object(Config\Paths))
13 SYSTEMPATH/Commands/Server/rewrite.php(49): require_once('/Applications/XAMPP/xamppfiles/htdocs/SENA/api_ADMIRED/api_ADMIRED/public/index.php')
CRITICAL - 2024-05-04 16:53:28 --> [Caused by] CodeIgniter\Database\Exceptions\DatabaseException: No database selected
in SYSTEMPATH/Database/MySQLi/Connection.php on line 313.
 1 SYSTEMPATH/Database/BaseConnection.php(722): CodeIgniter\Database\MySQLi\Connection->execute('SELECT 1
FROM `users`
WHERE `email` = \'user@gmail.com\'
 LIMIT 1')
 2 SYSTEMPATH/Database/BaseConnection.php(636): CodeIgniter\Database\BaseConnection->simpleQuery('SELECT 1
FROM `users`
WHERE `email` = \'user@gmail.com\'
 LIMIT 1')
 3 SYSTEMPATH/Database/BaseBuilder.php(1629): CodeIgniter\Database\BaseConnection->query('SELECT 1
FROM `users`
WHERE `email` = :email:
 LIMIT 1', [...], false)
 4 SYSTEMPATH/Validation/StrictRules/Rules.php(228): CodeIgniter\Database\BaseBuilder->get()
 5 SYSTEMPATH/Validation/Validation.php(336): CodeIgniter\Validation\StrictRules\Rules->is_unique('user@gmail.com', 'email', [...], null, 'email')
 6 SYSTEMPATH/Validation/Validation.php(201): CodeIgniter\Validation\Validation->processRules('email', 'email', 'user@gmail.com', [...], [...], 'email')
 7 SYSTEMPATH/Controller.php(137): CodeIgniter\Validation\Validation->run()
 8 APPPATH/Controllers/Register.php(33): CodeIgniter\Controller->validate([...])
 9 SYSTEMPATH/CodeIgniter.php(933): App\Controllers\Register->index()
10 SYSTEMPATH/CodeIgniter.php(509): CodeIgniter\CodeIgniter->runController(Object(App\Controllers\Register))
11 SYSTEMPATH/CodeIgniter.php(355): CodeIgniter\CodeIgniter->handleRequest(null, Object(Config\Cache), false)
12 SYSTEMPATH/Boot.php(312): CodeIgniter\CodeIgniter->run()
13 SYSTEMPATH/Boot.php(67): CodeIgniter\Boot::runCodeIgniter(Object(CodeIgniter\CodeIgniter))
14 FCPATH/index.php(56): CodeIgniter\Boot::bootWeb(Object(Config\Paths))
15 SYSTEMPATH/Commands/Server/rewrite.php(49): require_once('/Applications/XAMPP/xamppfiles/htdocs/SENA/api_ADMIRED/api_ADMIRED/public/index.php')
CRITICAL - 2024-05-04 16:53:28 --> [Caused by] mysqli_sql_exception: No database selected
in SYSTEMPATH/Database/MySQLi/Connection.php on line 308.
 1 SYSTEMPATH/Database/MySQLi/Connection.php(308): mysqli->query('SELECT 1
FROM `users`
WHERE `email` = \'user@gmail.com\'
 LIMIT 1', 0)
 2 SYSTEMPATH/Database/BaseConnection.php(722): CodeIgniter\Database\MySQLi\Connection->execute('SELECT 1
FROM `users`
WHERE `email` = \'user@gmail.com\'
 LIMIT 1')
 3 SYSTEMPATH/Database/BaseConnection.php(636): CodeIgniter\Database\BaseConnection->simpleQuery('SELECT 1
FROM `users`
WHERE `email` = \'user@gmail.com\'
 LIMIT 1')
 4 SYSTEMPATH/Database/BaseBuilder.php(1629): CodeIgniter\Database\BaseConnection->query('SELECT 1
FROM `users`
WHERE `email` = :email:
 LIMIT 1', [...], false)
 5 SYSTEMPATH/Validation/StrictRules/Rules.php(228): CodeIgniter\Database\BaseBuilder->get()
 6 SYSTEMPATH/Validation/Validation.php(336): CodeIgniter\Validation\StrictRules\Rules->is_unique('user@gmail.com', 'email', [...], null, 'email')
 7 SYSTEMPATH/Validation/Validation.php(201): CodeIgniter\Validation\Validation->processRules('email', 'email', 'user@gmail.com', [...], [...], 'email')
 8 SYSTEMPATH/Controller.php(137): CodeIgniter\Validation\Validation->run()
 9 APPPATH/Controllers/Register.php(33): CodeIgniter\Controller->validate([...])
10 SYSTEMPATH/CodeIgniter.php(933): App\Controllers\Register->index()
11 SYSTEMPATH/CodeIgniter.php(509): CodeIgniter\CodeIgniter->runController(Object(App\Controllers\Register))
12 SYSTEMPATH/CodeIgniter.php(355): CodeIgniter\CodeIgniter->handleRequest(null, Object(Config\Cache), false)
13 SYSTEMPATH/Boot.php(312): CodeIgniter\CodeIgniter->run()
14 SYSTEMPATH/Boot.php(67): CodeIgniter\Boot::runCodeIgniter(Object(CodeIgniter\CodeIgniter))
15 FCPATH/index.php(56): CodeIgniter\Boot::bootWeb(Object(Config\Paths))
16 SYSTEMPATH/Commands/Server/rewrite.php(49): require_once('/Applications/XAMPP/xamppfiles/htdocs/SENA/api_ADMIRED/api_ADMIRED/public/index.php')
ERROR - 2024-05-04 16:54:51 --> mysqli_sql_exception: No database selected in /Applications/XAMPP/xamppfiles/htdocs/SENA/api_ADMIRED/api_ADMIRED/vendor/codeigniter4/framework/system/Database/MySQLi/Connection.php:308
Stack trace:
#0 /Applications/XAMPP/xamppfiles/htdocs/SENA/api_ADMIRED/api_ADMIRED/vendor/codeigniter4/framework/system/Database/MySQLi/Connection.php(308): mysqli->query('SELECT 1\nFROM `...', 0)
#1 /Applications/XAMPP/xamppfiles/htdocs/SENA/api_ADMIRED/api_ADMIRED/vendor/codeigniter4/framework/system/Database/BaseConnection.php(722): CodeIgniter\Database\MySQLi\Connection->execute('SELECT 1\nFROM `...')
#2 /Applications/XAMPP/xamppfiles/htdocs/SENA/api_ADMIRED/api_ADMIRED/vendor/codeigniter4/framework/system/Database/BaseConnection.php(636): CodeIgniter\Database\BaseConnection->simpleQuery('SELECT 1\nFROM `...')
#3 /Applications/XAMPP/xamppfiles/htdocs/SENA/api_ADMIRED/api_ADMIRED/vendor/codeigniter4/framework/system/Database/BaseBuilder.php(1629): CodeIgniter\Database\BaseConnection->query('SELECT 1\nFROM `...', Array, false)
#4 /Applications/XAMPP/xamppfiles/htdocs/SENA/api_ADMIRED/api_ADMIRED/vendor/codeigniter4/framework/system/Validation/StrictRules/Rules.php(228): CodeIgniter\Database\BaseBuilder->get()
#5 /Applications/XAMPP/xamppfiles/htdocs/SENA/api_ADMIRED/api_ADMIRED/vendor/codeigniter4/framework/system/Validation/Validation.php(336): CodeIgniter\Validation\StrictRules\Rules->is_unique('user@gmail.com', 'email', Array, NULL, 'email')
#6 /Applications/XAMPP/xamppfiles/htdocs/SENA/api_ADMIRED/api_ADMIRED/vendor/codeigniter4/framework/system/Validation/Validation.php(201): CodeIgniter\Validation\Validation->processRules('email', 'email', 'user@gmail.com', Array, Array, 'email')
#7 /Applications/XAMPP/xamppfiles/htdocs/SENA/api_ADMIRED/api_ADMIRED/vendor/codeigniter4/framework/system/Controller.php(137): CodeIgniter\Validation\Validation->run()
#8 /Applications/XAMPP/xamppfiles/htdocs/SENA/api_ADMIRED/api_ADMIRED/app/Controllers/Register.php(33): CodeIgniter\Controller->validate(Array)
#9 /Applications/XAMPP/xamppfiles/htdocs/SENA/api_ADMIRED/api_ADMIRED/vendor/codeigniter4/framework/system/CodeIgniter.php(933): App\Controllers\Register->index()
#10 /Applications/XAMPP/xamppfiles/htdocs/SENA/api_ADMIRED/api_ADMIRED/vendor/codeigniter4/framework/system/CodeIgniter.php(509): CodeIgniter\CodeIgniter->runController(Object(App\Controllers\Register))
#11 /Applications/XAMPP/xamppfiles/htdocs/SENA/api_ADMIRED/api_ADMIRED/vendor/codeigniter4/framework/system/CodeIgniter.php(355): CodeIgniter\CodeIgniter->handleRequest(NULL, Object(Config\Cache), false)
#12 /Applications/XAMPP/xamppfiles/htdocs/SENA/api_ADMIRED/api_ADMIRED/vendor/codeigniter4/framework/system/Boot.php(312): CodeIgniter\CodeIgniter->run()
#13 /Applications/XAMPP/xamppfiles/htdocs/SENA/api_ADMIRED/api_ADMIRED/vendor/codeigniter4/framework/system/Boot.php(67): CodeIgniter\Boot::runCodeIgniter(Object(CodeIgniter\CodeIgniter))
#14 /Applications/XAMPP/xamppfiles/htdocs/SENA/api_ADMIRED/api_ADMIRED/public/index.php(56): CodeIgniter\Boot::bootWeb(Object(Config\Paths))
#15 /Applications/XAMPP/xamppfiles/htdocs/SENA/api_ADMIRED/api_ADMIRED/vendor/codeigniter4/framework/system/Commands/Server/rewrite.php(49): require_once('/Applications/X...')
#16 {main}
CRITICAL - 2024-05-04 16:54:51 --> CodeIgniter\Database\Exceptions\DatabaseException: No database selected
[Method: POST, Route: api/register]
in SYSTEMPATH/Database/BaseConnection.php on line 676.
 1 SYSTEMPATH/Database/BaseBuilder.php(1629): CodeIgniter\Database\BaseConnection->query('SELECT 1
FROM `users`
WHERE `email` = :email:
 LIMIT 1', [...], false)
 2 SYSTEMPATH/Validation/StrictRules/Rules.php(228): CodeIgniter\Database\BaseBuilder->get()
 3 SYSTEMPATH/Validation/Validation.php(336): CodeIgniter\Validation\StrictRules\Rules->is_unique('user@gmail.com', 'email', [...], null, 'email')
 4 SYSTEMPATH/Validation/Validation.php(201): CodeIgniter\Validation\Validation->processRules('email', 'email', 'user@gmail.com', [...], [...], 'email')
 5 SYSTEMPATH/Controller.php(137): CodeIgniter\Validation\Validation->run()
 6 APPPATH/Controllers/Register.php(33): CodeIgniter\Controller->validate([...])
 7 SYSTEMPATH/CodeIgniter.php(933): App\Controllers\Register->index()
 8 SYSTEMPATH/CodeIgniter.php(509): CodeIgniter\CodeIgniter->runController(Object(App\Controllers\Register))
 9 SYSTEMPATH/CodeIgniter.php(355): CodeIgniter\CodeIgniter->handleRequest(null, Object(Config\Cache), false)
10 SYSTEMPATH/Boot.php(312): CodeIgniter\CodeIgniter->run()
11 SYSTEMPATH/Boot.php(67): CodeIgniter\Boot::runCodeIgniter(Object(CodeIgniter\CodeIgniter))
12 FCPATH/index.php(56): CodeIgniter\Boot::bootWeb(Object(Config\Paths))
13 SYSTEMPATH/Commands/Server/rewrite.php(49): require_once('/Applications/XAMPP/xamppfiles/htdocs/SENA/api_ADMIRED/api_ADMIRED/public/index.php')
CRITICAL - 2024-05-04 16:54:51 --> [Caused by] CodeIgniter\Database\Exceptions\DatabaseException: No database selected
in SYSTEMPATH/Database/MySQLi/Connection.php on line 313.
 1 SYSTEMPATH/Database/BaseConnection.php(722): CodeIgniter\Database\MySQLi\Connection->execute('SELECT 1
FROM `users`
WHERE `email` = \'user@gmail.com\'
 LIMIT 1')
 2 SYSTEMPATH/Database/BaseConnection.php(636): CodeIgniter\Database\BaseConnection->simpleQuery('SELECT 1
FROM `users`
WHERE `email` = \'user@gmail.com\'
 LIMIT 1')
 3 SYSTEMPATH/Database/BaseBuilder.php(1629): CodeIgniter\Database\BaseConnection->query('SELECT 1
FROM `users`
WHERE `email` = :email:
 LIMIT 1', [...], false)
 4 SYSTEMPATH/Validation/StrictRules/Rules.php(228): CodeIgniter\Database\BaseBuilder->get()
 5 SYSTEMPATH/Validation/Validation.php(336): CodeIgniter\Validation\StrictRules\Rules->is_unique('user@gmail.com', 'email', [...], null, 'email')
 6 SYSTEMPATH/Validation/Validation.php(201): CodeIgniter\Validation\Validation->processRules('email', 'email', 'user@gmail.com', [...], [...], 'email')
 7 SYSTEMPATH/Controller.php(137): CodeIgniter\Validation\Validation->run()
 8 APPPATH/Controllers/Register.php(33): CodeIgniter\Controller->validate([...])
 9 SYSTEMPATH/CodeIgniter.php(933): App\Controllers\Register->index()
10 SYSTEMPATH/CodeIgniter.php(509): CodeIgniter\CodeIgniter->runController(Object(App\Controllers\Register))
11 SYSTEMPATH/CodeIgniter.php(355): CodeIgniter\CodeIgniter->handleRequest(null, Object(Config\Cache), false)
12 SYSTEMPATH/Boot.php(312): CodeIgniter\CodeIgniter->run()
13 SYSTEMPATH/Boot.php(67): CodeIgniter\Boot::runCodeIgniter(Object(CodeIgniter\CodeIgniter))
14 FCPATH/index.php(56): CodeIgniter\Boot::bootWeb(Object(Config\Paths))
15 SYSTEMPATH/Commands/Server/rewrite.php(49): require_once('/Applications/XAMPP/xamppfiles/htdocs/SENA/api_ADMIRED/api_ADMIRED/public/index.php')
CRITICAL - 2024-05-04 16:54:51 --> [Caused by] mysqli_sql_exception: No database selected
in SYSTEMPATH/Database/MySQLi/Connection.php on line 308.
 1 SYSTEMPATH/Database/MySQLi/Connection.php(308): mysqli->query('SELECT 1
FROM `users`
WHERE `email` = \'user@gmail.com\'
 LIMIT 1', 0)
 2 SYSTEMPATH/Database/BaseConnection.php(722): CodeIgniter\Database\MySQLi\Connection->execute('SELECT 1
FROM `users`
WHERE `email` = \'user@gmail.com\'
 LIMIT 1')
 3 SYSTEMPATH/Database/BaseConnection.php(636): CodeIgniter\Database\BaseConnection->simpleQuery('SELECT 1
FROM `users`
WHERE `email` = \'user@gmail.com\'
 LIMIT 1')
 4 SYSTEMPATH/Database/BaseBuilder.php(1629): CodeIgniter\Database\BaseConnection->query('SELECT 1
FROM `users`
WHERE `email` = :email:
 LIMIT 1', [...], false)
 5 SYSTEMPATH/Validation/StrictRules/Rules.php(228): CodeIgniter\Database\BaseBuilder->get()
 6 SYSTEMPATH/Validation/Validation.php(336): CodeIgniter\Validation\StrictRules\Rules->is_unique('user@gmail.com', 'email', [...], null, 'email')
 7 SYSTEMPATH/Validation/Validation.php(201): CodeIgniter\Validation\Validation->processRules('email', 'email', 'user@gmail.com', [...], [...], 'email')
 8 SYSTEMPATH/Controller.php(137): CodeIgniter\Validation\Validation->run()
 9 APPPATH/Controllers/Register.php(33): CodeIgniter\Controller->validate([...])
10 SYSTEMPATH/CodeIgniter.php(933): App\Controllers\Register->index()
11 SYSTEMPATH/CodeIgniter.php(509): CodeIgniter\CodeIgniter->runController(Object(App\Controllers\Register))
12 SYSTEMPATH/CodeIgniter.php(355): CodeIgniter\CodeIgniter->handleRequest(null, Object(Config\Cache), false)
13 SYSTEMPATH/Boot.php(312): CodeIgniter\CodeIgniter->run()
14 SYSTEMPATH/Boot.php(67): CodeIgniter\Boot::runCodeIgniter(Object(CodeIgniter\CodeIgniter))
15 FCPATH/index.php(56): CodeIgniter\Boot::bootWeb(Object(Config\Paths))
16 SYSTEMPATH/Commands/Server/rewrite.php(49): require_once('/Applications/XAMPP/xamppfiles/htdocs/SENA/api_ADMIRED/api_ADMIRED/public/index.php')
ERROR - 2024-05-04 16:55:28 --> mysqli_sql_exception: No database selected in /Applications/XAMPP/xamppfiles/htdocs/SENA/api_ADMIRED/api_ADMIRED/vendor/codeigniter4/framework/system/Database/MySQLi/Connection.php:308
Stack trace:
#0 /Applications/XAMPP/xamppfiles/htdocs/SENA/api_ADMIRED/api_ADMIRED/vendor/codeigniter4/framework/system/Database/MySQLi/Connection.php(308): mysqli->query('SELECT 1\nFROM `...', 0)
#1 /Applications/XAMPP/xamppfiles/htdocs/SENA/api_ADMIRED/api_ADMIRED/vendor/codeigniter4/framework/system/Database/BaseConnection.php(722): CodeIgniter\Database\MySQLi\Connection->execute('SELECT 1\nFROM `...')
#2 /Applications/XAMPP/xamppfiles/htdocs/SENA/api_ADMIRED/api_ADMIRED/vendor/codeigniter4/framework/system/Database/BaseConnection.php(636): CodeIgniter\Database\BaseConnection->simpleQuery('SELECT 1\nFROM `...')
#3 /Applications/XAMPP/xamppfiles/htdocs/SENA/api_ADMIRED/api_ADMIRED/vendor/codeigniter4/framework/system/Database/BaseBuilder.php(1629): CodeIgniter\Database\BaseConnection->query('SELECT 1\nFROM `...', Array, false)
#4 /Applications/XAMPP/xamppfiles/htdocs/SENA/api_ADMIRED/api_ADMIRED/vendor/codeigniter4/framework/system/Validation/StrictRules/Rules.php(228): CodeIgniter\Database\BaseBuilder->get()
#5 /Applications/XAMPP/xamppfiles/htdocs/SENA/api_ADMIRED/api_ADMIRED/vendor/codeigniter4/framework/system/Validation/Validation.php(336): CodeIgniter\Validation\StrictRules\Rules->is_unique('user@gmail.com', 'email', Array, NULL, 'email')
#6 /Applications/XAMPP/xamppfiles/htdocs/SENA/api_ADMIRED/api_ADMIRED/vendor/codeigniter4/framework/system/Validation/Validation.php(201): CodeIgniter\Validation\Validation->processRules('email', 'email', 'user@gmail.com', Array, Array, 'email')
#7 /Applications/XAMPP/xamppfiles/htdocs/SENA/api_ADMIRED/api_ADMIRED/vendor/codeigniter4/framework/system/Controller.php(137): CodeIgniter\Validation\Validation->run()
#8 /Applications/XAMPP/xamppfiles/htdocs/SENA/api_ADMIRED/api_ADMIRED/app/Controllers/Register.php(33): CodeIgniter\Controller->validate(Array)
#9 /Applications/XAMPP/xamppfiles/htdocs/SENA/api_ADMIRED/api_ADMIRED/vendor/codeigniter4/framework/system/CodeIgniter.php(933): App\Controllers\Register->index()
#10 /Applications/XAMPP/xamppfiles/htdocs/SENA/api_ADMIRED/api_ADMIRED/vendor/codeigniter4/framework/system/CodeIgniter.php(509): CodeIgniter\CodeIgniter->runController(Object(App\Controllers\Register))
#11 /Applications/XAMPP/xamppfiles/htdocs/SENA/api_ADMIRED/api_ADMIRED/vendor/codeigniter4/framework/system/CodeIgniter.php(355): CodeIgniter\CodeIgniter->handleRequest(NULL, Object(Config\Cache), false)
#12 /Applications/XAMPP/xamppfiles/htdocs/SENA/api_ADMIRED/api_ADMIRED/vendor/codeigniter4/framework/system/Boot.php(312): CodeIgniter\CodeIgniter->run()
#13 /Applications/XAMPP/xamppfiles/htdocs/SENA/api_ADMIRED/api_ADMIRED/vendor/codeigniter4/framework/system/Boot.php(67): CodeIgniter\Boot::runCodeIgniter(Object(CodeIgniter\CodeIgniter))
#14 /Applications/XAMPP/xamppfiles/htdocs/SENA/api_ADMIRED/api_ADMIRED/public/index.php(56): CodeIgniter\Boot::bootWeb(Object(Config\Paths))
#15 /Applications/XAMPP/xamppfiles/htdocs/SENA/api_ADMIRED/api_ADMIRED/vendor/codeigniter4/framework/system/Commands/Server/rewrite.php(49): require_once('/Applications/X...')
#16 {main}
CRITICAL - 2024-05-04 16:55:28 --> CodeIgniter\Database\Exceptions\DatabaseException: No database selected
[Method: POST, Route: api/register]
in SYSTEMPATH/Database/BaseConnection.php on line 676.
 1 SYSTEMPATH/Database/BaseBuilder.php(1629): CodeIgniter\Database\BaseConnection->query('SELECT 1
FROM `users`
WHERE `email` = :email:
 LIMIT 1', [...], false)
 2 SYSTEMPATH/Validation/StrictRules/Rules.php(228): CodeIgniter\Database\BaseBuilder->get()
 3 SYSTEMPATH/Validation/Validation.php(336): CodeIgniter\Validation\StrictRules\Rules->is_unique('user@gmail.com', 'email', [...], null, 'email')
 4 SYSTEMPATH/Validation/Validation.php(201): CodeIgniter\Validation\Validation->processRules('email', 'email', 'user@gmail.com', [...], [...], 'email')
 5 SYSTEMPATH/Controller.php(137): CodeIgniter\Validation\Validation->run()
 6 APPPATH/Controllers/Register.php(33): CodeIgniter\Controller->validate([...])
 7 SYSTEMPATH/CodeIgniter.php(933): App\Controllers\Register->index()
 8 SYSTEMPATH/CodeIgniter.php(509): CodeIgniter\CodeIgniter->runController(Object(App\Controllers\Register))
 9 SYSTEMPATH/CodeIgniter.php(355): CodeIgniter\CodeIgniter->handleRequest(null, Object(Config\Cache), false)
10 SYSTEMPATH/Boot.php(312): CodeIgniter\CodeIgniter->run()
11 SYSTEMPATH/Boot.php(67): CodeIgniter\Boot::runCodeIgniter(Object(CodeIgniter\CodeIgniter))
12 FCPATH/index.php(56): CodeIgniter\Boot::bootWeb(Object(Config\Paths))
13 SYSTEMPATH/Commands/Server/rewrite.php(49): require_once('/Applications/XAMPP/xamppfiles/htdocs/SENA/api_ADMIRED/api_ADMIRED/public/index.php')
CRITICAL - 2024-05-04 16:55:28 --> [Caused by] CodeIgniter\Database\Exceptions\DatabaseException: No database selected
in SYSTEMPATH/Database/MySQLi/Connection.php on line 313.
 1 SYSTEMPATH/Database/BaseConnection.php(722): CodeIgniter\Database\MySQLi\Connection->execute('SELECT 1
FROM `users`
WHERE `email` = \'user@gmail.com\'
 LIMIT 1')
 2 SYSTEMPATH/Database/BaseConnection.php(636): CodeIgniter\Database\BaseConnection->simpleQuery('SELECT 1
FROM `users`
WHERE `email` = \'user@gmail.com\'
 LIMIT 1')
 3 SYSTEMPATH/Database/BaseBuilder.php(1629): CodeIgniter\Database\BaseConnection->query('SELECT 1
FROM `users`
WHERE `email` = :email:
 LIMIT 1', [...], false)
 4 SYSTEMPATH/Validation/StrictRules/Rules.php(228): CodeIgniter\Database\BaseBuilder->get()
 5 SYSTEMPATH/Validation/Validation.php(336): CodeIgniter\Validation\StrictRules\Rules->is_unique('user@gmail.com', 'email', [...], null, 'email')
 6 SYSTEMPATH/Validation/Validation.php(201): CodeIgniter\Validation\Validation->processRules('email', 'email', 'user@gmail.com', [...], [...], 'email')
 7 SYSTEMPATH/Controller.php(137): CodeIgniter\Validation\Validation->run()
 8 APPPATH/Controllers/Register.php(33): CodeIgniter\Controller->validate([...])
 9 SYSTEMPATH/CodeIgniter.php(933): App\Controllers\Register->index()
10 SYSTEMPATH/CodeIgniter.php(509): CodeIgniter\CodeIgniter->runController(Object(App\Controllers\Register))
11 SYSTEMPATH/CodeIgniter.php(355): CodeIgniter\CodeIgniter->handleRequest(null, Object(Config\Cache), false)
12 SYSTEMPATH/Boot.php(312): CodeIgniter\CodeIgniter->run()
13 SYSTEMPATH/Boot.php(67): CodeIgniter\Boot::runCodeIgniter(Object(CodeIgniter\CodeIgniter))
14 FCPATH/index.php(56): CodeIgniter\Boot::bootWeb(Object(Config\Paths))
15 SYSTEMPATH/Commands/Server/rewrite.php(49): require_once('/Applications/XAMPP/xamppfiles/htdocs/SENA/api_ADMIRED/api_ADMIRED/public/index.php')
CRITICAL - 2024-05-04 16:55:28 --> [Caused by] mysqli_sql_exception: No database selected
in SYSTEMPATH/Database/MySQLi/Connection.php on line 308.
 1 SYSTEMPATH/Database/MySQLi/Connection.php(308): mysqli->query('SELECT 1
FROM `users`
WHERE `email` = \'user@gmail.com\'
 LIMIT 1', 0)
 2 SYSTEMPATH/Database/BaseConnection.php(722): CodeIgniter\Database\MySQLi\Connection->execute('SELECT 1
FROM `users`
WHERE `email` = \'user@gmail.com\'
 LIMIT 1')
 3 SYSTEMPATH/Database/BaseConnection.php(636): CodeIgniter\Database\BaseConnection->simpleQuery('SELECT 1
FROM `users`
WHERE `email` = \'user@gmail.com\'
 LIMIT 1')
 4 SYSTEMPATH/Database/BaseBuilder.php(1629): CodeIgniter\Database\BaseConnection->query('SELECT 1
FROM `users`
WHERE `email` = :email:
 LIMIT 1', [...], false)
 5 SYSTEMPATH/Validation/StrictRules/Rules.php(228): CodeIgniter\Database\BaseBuilder->get()
 6 SYSTEMPATH/Validation/Validation.php(336): CodeIgniter\Validation\StrictRules\Rules->is_unique('user@gmail.com', 'email', [...], null, 'email')
 7 SYSTEMPATH/Validation/Validation.php(201): CodeIgniter\Validation\Validation->processRules('email', 'email', 'user@gmail.com', [...], [...], 'email')
 8 SYSTEMPATH/Controller.php(137): CodeIgniter\Validation\Validation->run()
 9 APPPATH/Controllers/Register.php(33): CodeIgniter\Controller->validate([...])
10 SYSTEMPATH/CodeIgniter.php(933): App\Controllers\Register->index()
11 SYSTEMPATH/CodeIgniter.php(509): CodeIgniter\CodeIgniter->runController(Object(App\Controllers\Register))
12 SYSTEMPATH/CodeIgniter.php(355): CodeIgniter\CodeIgniter->handleRequest(null, Object(Config\Cache), false)
13 SYSTEMPATH/Boot.php(312): CodeIgniter\CodeIgniter->run()
14 SYSTEMPATH/Boot.php(67): CodeIgniter\Boot::runCodeIgniter(Object(CodeIgniter\CodeIgniter))
15 FCPATH/index.php(56): CodeIgniter\Boot::bootWeb(Object(Config\Paths))
16 SYSTEMPATH/Commands/Server/rewrite.php(49): require_once('/Applications/XAMPP/xamppfiles/htdocs/SENA/api_ADMIRED/api_ADMIRED/public/index.php')
ERROR - 2024-05-04 16:58:17 --> Error connecting to the database: mysqli_sql_exception: No such file or directory in /Applications/XAMPP/xamppfiles/htdocs/SENA/api_ADMIRED/api_ADMIRED/vendor/codeigniter4/framework/system/Database/MySQLi/Connection.php:186
Stack trace:
#0 /Applications/XAMPP/xamppfiles/htdocs/SENA/api_ADMIRED/api_ADMIRED/vendor/codeigniter4/framework/system/Database/MySQLi/Connection.php(186): mysqli->real_connect('localhost', 'root', Object(SensitiveParameterValue), '', 3306, '', 0)
#1 /Applications/XAMPP/xamppfiles/htdocs/SENA/api_ADMIRED/api_ADMIRED/vendor/codeigniter4/framework/system/Database/BaseConnection.php(421): CodeIgniter\Database\MySQLi\Connection->connect(false)
#2 /Applications/XAMPP/xamppfiles/htdocs/SENA/api_ADMIRED/api_ADMIRED/vendor/codeigniter4/framework/system/Database/BaseConnection.php(604): CodeIgniter\Database\BaseConnection->initialize()
#3 /Applications/XAMPP/xamppfiles/htdocs/SENA/api_ADMIRED/api_ADMIRED/vendor/codeigniter4/framework/system/Database/BaseBuilder.php(1629): CodeIgniter\Database\BaseConnection->query('SELECT 1\nFROM `...', Array, false)
#4 /Applications/XAMPP/xamppfiles/htdocs/SENA/api_ADMIRED/api_ADMIRED/vendor/codeigniter4/framework/system/Validation/StrictRules/Rules.php(228): CodeIgniter\Database\BaseBuilder->get()
#5 /Applications/XAMPP/xamppfiles/htdocs/SENA/api_ADMIRED/api_ADMIRED/vendor/codeigniter4/framework/system/Validation/Validation.php(336): CodeIgniter\Validation\StrictRules\Rules->is_unique('user@gmail.com', 'email', Array, NULL, 'email')
#6 /Applications/XAMPP/xamppfiles/htdocs/SENA/api_ADMIRED/api_ADMIRED/vendor/codeigniter4/framework/system/Validation/Validation.php(201): CodeIgniter\Validation\Validation->processRules('email', 'email', 'user@gmail.com', Array, Array, 'email')
#7 /Applications/XAMPP/xamppfiles/htdocs/SENA/api_ADMIRED/api_ADMIRED/vendor/codeigniter4/framework/system/Controller.php(137): CodeIgniter\Validation\Validation->run()
#8 /Applications/XAMPP/xamppfiles/htdocs/SENA/api_ADMIRED/api_ADMIRED/app/Controllers/Register.php(33): CodeIgniter\Controller->validate(Array)
#9 /Applications/XAMPP/xamppfiles/htdocs/SENA/api_ADMIRED/api_ADMIRED/vendor/codeigniter4/framework/system/CodeIgniter.php(933): App\Controllers\Register->index()
#10 /Applications/XAMPP/xamppfiles/htdocs/SENA/api_ADMIRED/api_ADMIRED/vendor/codeigniter4/framework/system/CodeIgniter.php(509): CodeIgniter\CodeIgniter->runController(Object(App\Controllers\Register))
#11 /Applications/XAMPP/xamppfiles/htdocs/SENA/api_ADMIRED/api_ADMIRED/vendor/codeigniter4/framework/system/CodeIgniter.php(355): CodeIgniter\CodeIgniter->handleRequest(NULL, Object(Config\Cache), false)
#12 /Applications/XAMPP/xamppfiles/htdocs/SENA/api_ADMIRED/api_ADMIRED/vendor/codeigniter4/framework/system/Boot.php(312): CodeIgniter\CodeIgniter->run()
#13 /Applications/XAMPP/xamppfiles/htdocs/SENA/api_ADMIRED/api_ADMIRED/vendor/codeigniter4/framework/system/Boot.php(67): CodeIgniter\Boot::runCodeIgniter(Object(CodeIgniter\CodeIgniter))
#14 /Applications/XAMPP/xamppfiles/htdocs/SENA/api_ADMIRED/api_ADMIRED/public/index.php(56): CodeIgniter\Boot::bootWeb(Object(Config\Paths))
#15 /Applications/XAMPP/xamppfiles/htdocs/SENA/api_ADMIRED/api_ADMIRED/vendor/codeigniter4/framework/system/Commands/Server/rewrite.php(49): require_once('/Applications/X...')
#16 {main}

Next CodeIgniter\Database\Exceptions\DatabaseException: No such file or directory in /Applications/XAMPP/xamppfiles/htdocs/SENA/api_ADMIRED/api_ADMIRED/vendor/codeigniter4/framework/system/Database/MySQLi/Connection.php:231
Stack trace:
#0 /Applications/XAMPP/xamppfiles/htdocs/SENA/api_ADMIRED/api_ADMIRED/vendor/codeigniter4/framework/system/Database/BaseConnection.php(421): CodeIgniter\Database\MySQLi\Connection->connect(false)
#1 /Applications/XAMPP/xamppfiles/htdocs/SENA/api_ADMIRED/api_ADMIRED/vendor/codeigniter4/framework/system/Database/BaseConnection.php(604): CodeIgniter\Database\BaseConnection->initialize()
#2 /Applications/XAMPP/xamppfiles/htdocs/SENA/api_ADMIRED/api_ADMIRED/vendor/codeigniter4/framework/system/Database/BaseBuilder.php(1629): CodeIgniter\Database\BaseConnection->query('SELECT 1\nFROM `...', Array, false)
#3 /Applications/XAMPP/xamppfiles/htdocs/SENA/api_ADMIRED/api_ADMIRED/vendor/codeigniter4/framework/system/Validation/StrictRules/Rules.php(228): CodeIgniter\Database\BaseBuilder->get()
#4 /Applications/XAMPP/xamppfiles/htdocs/SENA/api_ADMIRED/api_ADMIRED/vendor/codeigniter4/framework/system/Validation/Validation.php(336): CodeIgniter\Validation\StrictRules\Rules->is_unique('user@gmail.com', 'email', Array, NULL, 'email')
#5 /Applications/XAMPP/xamppfiles/htdocs/SENA/api_ADMIRED/api_ADMIRED/vendor/codeigniter4/framework/system/Validation/Validation.php(201): CodeIgniter\Validation\Validation->processRules('email', 'email', 'user@gmail.com', Array, Array, 'email')
#6 /Applications/XAMPP/xamppfiles/htdocs/SENA/api_ADMIRED/api_ADMIRED/vendor/codeigniter4/framework/system/Controller.php(137): CodeIgniter\Validation\Validation->run()
#7 /Applications/XAMPP/xamppfiles/htdocs/SENA/api_ADMIRED/api_ADMIRED/app/Controllers/Register.php(33): CodeIgniter\Controller->validate(Array)
#8 /Applications/XAMPP/xamppfiles/htdocs/SENA/api_ADMIRED/api_ADMIRED/vendor/codeigniter4/framework/system/CodeIgniter.php(933): App\Controllers\Register->index()
#9 /Applications/XAMPP/xamppfiles/htdocs/SENA/api_ADMIRED/api_ADMIRED/vendor/codeigniter4/framework/system/CodeIgniter.php(509): CodeIgniter\CodeIgniter->runController(Object(App\Controllers\Register))
#10 /Applications/XAMPP/xamppfiles/htdocs/SENA/api_ADMIRED/api_ADMIRED/vendor/codeigniter4/framework/system/CodeIgniter.php(355): CodeIgniter\CodeIgniter->handleRequest(NULL, Object(Config\Cache), false)
#11 /Applications/XAMPP/xamppfiles/htdocs/SENA/api_ADMIRED/api_ADMIRED/vendor/codeigniter4/framework/system/Boot.php(312): CodeIgniter\CodeIgniter->run()
#12 /Applications/XAMPP/xamppfiles/htdocs/SENA/api_ADMIRED/api_ADMIRED/vendor/codeigniter4/framework/system/Boot.php(67): CodeIgniter\Boot::runCodeIgniter(Object(CodeIgniter\CodeIgniter))
#13 /Applications/XAMPP/xamppfiles/htdocs/SENA/api_ADMIRED/api_ADMIRED/public/index.php(56): CodeIgniter\Boot::bootWeb(Object(Config\Paths))
#14 /Applications/XAMPP/xamppfiles/htdocs/SENA/api_ADMIRED/api_ADMIRED/vendor/codeigniter4/framework/system/Commands/Server/rewrite.php(49): require_once('/Applications/X...')
#15 {main}
CRITICAL - 2024-05-04 16:58:17 --> CodeIgniter\Database\Exceptions\DatabaseException: Unable to connect to the database.
Main connection [MySQLi]: No such file or directory
[Method: POST, Route: api/register]
in SYSTEMPATH/Database/BaseConnection.php on line 457.
 1 SYSTEMPATH/Database/BaseConnection.php(604): CodeIgniter\Database\BaseConnection->initialize()
 2 SYSTEMPATH/Database/BaseBuilder.php(1629): CodeIgniter\Database\BaseConnection->query('SELECT 1
FROM `users`
WHERE `email` = :email:
 LIMIT 1', [...], false)
 3 SYSTEMPATH/Validation/StrictRules/Rules.php(228): CodeIgniter\Database\BaseBuilder->get()
 4 SYSTEMPATH/Validation/Validation.php(336): CodeIgniter\Validation\StrictRules\Rules->is_unique('user@gmail.com', 'email', [...], null, 'email')
 5 SYSTEMPATH/Validation/Validation.php(201): CodeIgniter\Validation\Validation->processRules('email', 'email', 'user@gmail.com', [...], [...], 'email')
 6 SYSTEMPATH/Controller.php(137): CodeIgniter\Validation\Validation->run()
 7 APPPATH/Controllers/Register.php(33): CodeIgniter\Controller->validate([...])
 8 SYSTEMPATH/CodeIgniter.php(933): App\Controllers\Register->index()
 9 SYSTEMPATH/CodeIgniter.php(509): CodeIgniter\CodeIgniter->runController(Object(App\Controllers\Register))
10 SYSTEMPATH/CodeIgniter.php(355): CodeIgniter\CodeIgniter->handleRequest(null, Object(Config\Cache), false)
11 SYSTEMPATH/Boot.php(312): CodeIgniter\CodeIgniter->run()
12 SYSTEMPATH/Boot.php(67): CodeIgniter\Boot::runCodeIgniter(Object(CodeIgniter\CodeIgniter))
13 FCPATH/index.php(56): CodeIgniter\Boot::bootWeb(Object(Config\Paths))
14 SYSTEMPATH/Commands/Server/rewrite.php(49): require_once('/Applications/XAMPP/xamppfiles/htdocs/SENA/api_ADMIRED/api_ADMIRED/public/index.php')
CRITICAL - 2024-05-04 17:12:11 --> Firebase\JWT\SignatureInvalidException: Signature verification failed
[Method: GET, Route: api/users]
in VENDORPATH/firebase/php-jwt/src/JWT.php on line 150.
 1 APPPATH/Filters/AuthFilter.php(50): Firebase\JWT\JWT::decode('"eyJ0eXAiOiJKV1QiLCJhbGciOiJIUzI1NiJ9.eyJpc3MiOiJJc3N1ZXIgb2YgdGhlIEpXVCIsImF1ZCI6IkF1ZGllbmNlIHRoYXQgdGhlIEpXVCIsInN1YiI6IlN1YmplY3Qgb2YgdGhlIEpXVCIsImlhdCI6MTcxNDg0MjYxOCwiZXhwIjoxNzE0ODQ2MjE4LCJlbWFpbCI6InVzZXJAZ21haWwuY29tIn0.KnnUVVeRGXBsRZXMvWNWCc-XGaO5A7r33jHzEYo2fHs"', Object(Firebase\JWT\Key))
 2 SYSTEMPATH/Filters/Filters.php(203): App\Filters\AuthFilter->before(Object(CodeIgniter\HTTP\IncomingRequest), null)
 3 SYSTEMPATH/Filters/Filters.php(184): CodeIgniter\Filters\Filters->runBefore([...])
 4 SYSTEMPATH/CodeIgniter.php(481): CodeIgniter\Filters\Filters->run('api/users', 'before')
 5 SYSTEMPATH/CodeIgniter.php(355): CodeIgniter\CodeIgniter->handleRequest(null, Object(Config\Cache), false)
 6 SYSTEMPATH/Boot.php(312): CodeIgniter\CodeIgniter->run()
 7 SYSTEMPATH/Boot.php(67): CodeIgniter\Boot::runCodeIgniter(Object(CodeIgniter\CodeIgniter))
 8 FCPATH/index.php(56): CodeIgniter\Boot::bootWeb(Object(Config\Paths))
 9 SYSTEMPATH/Commands/Server/rewrite.php(49): require_once('/Applications/XAMPP/xamppfiles/htdocs/SENA/api_ADMIRED/api_ADMIRED/public/index.php')
