CRITICAL - 2024-05-21 02:39:29 --> DomainException: Syntax error, malformed JSON
[Method: GET, Route: api/users]
in VENDORPATH/firebase/php-jwt/src/JWT.php on line 524.
 1 VENDORPATH/firebase/php-jwt/src/JWT.php(369): Firebase\JWT\JWT::handleJsonError(4)
 2 VENDORPATH/firebase/php-jwt/src/JWT.php(113): Firebase\JWT\JWT::jsonDecode('È\\Žˆ’•Õ‹˜[ÈŽˆ’ÌMˆŸ')
 3 APPPATH/Filters/AuthFilter.php(50): Firebase\JWT\JWT::decode('yJ0eXAiOiJKV1QiLCJhbGciOiJIUzI1NiJ9.eyJpc3MiOiJJc3N1ZXIgb2YgdGhlIEpXVCIsImF1ZCI6IkF1ZGllbmNlIHRoYXQgdGhlIEpXVCIsInN1YiI6IlN1YmplY3Qgb2YgdGhlIEpXVCIsImlhdCI6MTcxNjI1OTEyMywiZXhwIjoxNzE2MjYyNzIzLCJlbWFpbCI6Imp1YW5tZWRpbmFAZ21haWwuY29tIn0.8kTXAJGsyMlI7V5hfWX0bMvX1QEs5gLb2bSkO48_CBU', Object(Firebase\JWT\Key))
 4 SYSTEMPATH/Filters/Filters.php(203): App\Filters\AuthFilter->before(Object(CodeIgniter\HTTP\IncomingRequest), null)
 5 SYSTEMPATH/Filters/Filters.php(184): CodeIgniter\Filters\Filters->runBefore([...])
 6 SYSTEMPATH/CodeIgniter.php(481): CodeIgniter\Filters\Filters->run('api/users', 'before')
 7 SYSTEMPATH/CodeIgniter.php(355): CodeIgniter\CodeIgniter->handleRequest(null, Object(Config\Cache), false)
 8 SYSTEMPATH/Boot.php(312): CodeIgniter\CodeIgniter->run()
 9 SYSTEMPATH/Boot.php(67): CodeIgniter\Boot::runCodeIgniter(Object(CodeIgniter\CodeIgniter))
10 FCPATH/index.php(56): CodeIgniter\Boot::bootWeb(Object(Config\Paths))
11 SYSTEMPATH/Commands/Server/rewrite.php(49): require_once('/Applications/XAMPP/xamppfiles/htdocs/SENA/api_ADMIRED/api_ADMIRED/public/index.php')
CRITICAL - 2024-05-21 02:39:29 --> ErrorException: Uncaught CodeIgniter\Format\Exceptions\FormatException: Failed to parse JSON string. Error: Malformed UTF-8 characters, possibly incorrectly encoded in /Applications/XAMPP/xamppfiles/htdocs/SENA/api_ADMIRED/api_ADMIRED/vendor/codeigniter4/framework/system/Format/JSONFormatter.php:45
Stack trace:
#0 /Applications/XAMPP/xamppfiles/htdocs/SENA/api_ADMIRED/api_ADMIRED/vendor/codeigniter4/framework/system/Format/JSONFormatter.php(45): CodeIgniter\Format\Exceptions\FormatException::forInvalidJSON('Malformed UTF-8...')
#1 /Applications/XAMPP/xamppfiles/htdocs/SENA/api_ADMIRED/api_ADMIRED/vendor/codeigniter4/framework/system/API/ResponseTrait.php(357): CodeIgniter\Format\JSONFormatter->format(Array)
#2 /Applications/XAMPP/xamppfiles/htdocs/SENA/api_ADMIRED/api_ADMIRED/vendor/codeigniter4/framework/system/API/ResponseTrait.php(103): CodeIgniter\Debug\ExceptionHandler->format(Array)
#3 /Applications/XAMPP/xamppfiles/htdocs/SENA/api_ADMIRED/api_ADMIRED/vendor/codeigniter4/framework/system/Debug/ExceptionHandler.php(83): CodeIgniter\Debug\ExceptionHandler->respond(Array, 500)
#4 /Applications/XAMPP/xamppfiles/htdocs/SENA/api_ADMIRED/api_ADMIRED/vendor/codeigniter4/framework/system/Debug/Exceptions.php(163): CodeIgniter\Debug\ExceptionHandler->handle(Object(DomainException), Object(CodeIgniter\HTTP\IncomingRequest), Object(CodeIgniter\HTTP\Response), 500, 1)
#5 [internal function]: CodeIgniter\Debug\Exceptions->exceptionHandler(Object(DomainException))
#6 {main}
  thrown
ã€Previous Exceptionã€‘
DomainException
Syntax error, malformed JSON
#0 /Applications/XAMPP/xamppfiles/htdocs/SENA/api_ADMIRED/api_ADMIRED/vendor/firebase/php-jwt/src/JWT.php(369): Firebase\JWT\JWT::handleJsonError(4)
#1 /Applications/XAMPP/xamppfiles/htdocs/SENA/api_ADMIRED/api_ADMIRED/vendor/firebase/php-jwt/src/JWT.php(113): Firebase\JWT\JWT::jsonDecode('\xC8\x9D\x1E\\\x08\x8E\x88\x92\x95\xD5\x08\x8B\x08\x98[...')
#2 /Applications/XAMPP/xamppfiles/htdocs/SENA/api_ADMIRED/api_ADMIRED/app/Filters/AuthFilter.php(50): Firebase\JWT\JWT::decode('yJ0eXAiOiJKV1Qi...', Object(Firebase\JWT\Key))
#3 /Applications/XAMPP/xamppfiles/htdocs/SENA/api_ADMIRED/api_ADMIRED/vendor/codeigniter4/framework/system/Filters/Filters.php(203): App\Filters\AuthFilter->before(Object(CodeIgniter\HTTP\IncomingRequest), NULL)
#4 /Applications/XAMPP/xamppfiles/htdocs/SENA/api_ADMIRED/api_ADMIRED/vendor/codeigniter4/framework/system/Filters/Filters.php(184): CodeIgniter\Filters\Filters->runBefore(Array)
#5 /Applications/XAMPP/xamppfiles/htdocs/SENA/api_ADMIRED/api_ADMIRED/vendor/codeigniter4/framework/system/CodeIgniter.php(481): CodeIgniter\Filters\Filters->run('api/users', 'before')
#6 /Applications/XAMPP/xamppfiles/htdocs/SENA/api_ADMIRED/api_ADMIRED/vendor/codeigniter4/framework/system/CodeIgniter.php(355): CodeIgniter\CodeIgniter->handleRequest(NULL, Object(Config\Cache), false)
#7 /Applications/XAMPP/xamppfiles/htdocs/SENA/api_ADMIRED/api_ADMIRED/vendor/codeigniter4/framework/system/Boot.php(312): CodeIgniter\CodeIgniter->run()
#8 /Applications/XAMPP/xamppfiles/htdocs/SENA/api_ADMIRED/api_ADMIRED/vendor/codeigniter4/framework/system/Boot.php(67): CodeIgniter\Boot::runCodeIgniter(Object(CodeIgniter\CodeIgniter))
#9 /Applications/XAMPP/xamppfiles/htdocs/SENA/api_ADMIRED/api_ADMIRED/public/index.php(56): CodeIgniter\Boot::bootWeb(Object(Config\Paths))
#10 /Applications/XAMPP/xamppfiles/htdocs/SENA/api_ADMIRED/api_ADMIRED/vendor/codeigniter4/framework/system/Commands/Server/rewrite.php(49): require_once('/Applications/X...')
#11 {main}
[Method: GET, Route: api/users]
in SYSTEMPATH/Format/JSONFormatter.php on line 45.
 1 [internal function]: CodeIgniter\Debug\Exceptions->shutdownHandler()
