CRITICAL - 2024-05-20 03:42:18 --> Firebase\JWT\ExpiredException: Expired token
[Method: GET, Route: api/users]
in VENDORPATH/firebase/php-jwt/src/JWT.php on line 176.
 1 APPPATH/Filters/AuthFilter.php(50): Firebase\JWT\JWT::decode('eyJ0eXAiOiJKV1QiLCJhbGciOiJIUzI1NiJ9.eyJpc3MiOiJJc3N1ZXIgb2YgdGhlIEpXVCIsImF1ZCI6IkF1ZGllbmNlIHRoYXQgdGhlIEpXVCIsInN1YiI6IlN1YmplY3Qgb2YgdGhlIEpXVCIsImlhdCI6MTcxNDg0MjYxOCwiZXhwIjoxNzE0ODQ2MjE4LCJlbWFpbCI6InVzZXJAZ21haWwuY29tIn0.KnnUVVeRGXBsRZXMvWNWCc-XGaO5A7r33jHzEYo2fHs', Object(Firebase\JWT\Key))
 2 SYSTEMPATH/Filters/Filters.php(203): App\Filters\AuthFilter->before(Object(CodeIgniter\HTTP\IncomingRequest), null)
 3 SYSTEMPATH/Filters/Filters.php(184): CodeIgniter\Filters\Filters->runBefore([...])
 4 SYSTEMPATH/CodeIgniter.php(481): CodeIgniter\Filters\Filters->run('api/users', 'before')
 5 SYSTEMPATH/CodeIgniter.php(355): CodeIgniter\CodeIgniter->handleRequest(null, Object(Config\Cache), false)
 6 SYSTEMPATH/Boot.php(312): CodeIgniter\CodeIgniter->run()
 7 SYSTEMPATH/Boot.php(67): CodeIgniter\Boot::runCodeIgniter(Object(CodeIgniter\CodeIgniter))
 8 FCPATH/index.php(56): CodeIgniter\Boot::bootWeb(Object(Config\Paths))
 9 SYSTEMPATH/Commands/Server/rewrite.php(49): require_once('/Applications/XAMPP/xamppfiles/htdocs/SENA/api_ADMIRED/api_ADMIRED/public/index.php')
CRITICAL - 2024-05-20 03:43:24 --> UnexpectedValueException: Wrong number of segments
[Method: GET, Route: api/users]
in VENDORPATH/firebase/php-jwt/src/JWT.php on line 109.
 1 APPPATH/Filters/AuthFilter.php(50): Firebase\JWT\JWT::decode('$2y$10$D8/4R1rn/OuzizTzbYZrTeyzZ3NWDBl0p6f.UXX4rH/ciepEy/QIW', Object(Firebase\JWT\Key))
 2 SYSTEMPATH/Filters/Filters.php(203): App\Filters\AuthFilter->before(Object(CodeIgniter\HTTP\IncomingRequest), null)
 3 SYSTEMPATH/Filters/Filters.php(184): CodeIgniter\Filters\Filters->runBefore([...])
 4 SYSTEMPATH/CodeIgniter.php(481): CodeIgniter\Filters\Filters->run('api/users', 'before')
 5 SYSTEMPATH/CodeIgniter.php(355): CodeIgniter\CodeIgniter->handleRequest(null, Object(Config\Cache), false)
 6 SYSTEMPATH/Boot.php(312): CodeIgniter\CodeIgniter->run()
 7 SYSTEMPATH/Boot.php(67): CodeIgniter\Boot::runCodeIgniter(Object(CodeIgniter\CodeIgniter))
 8 FCPATH/index.php(56): CodeIgniter\Boot::bootWeb(Object(Config\Paths))
 9 SYSTEMPATH/Commands/Server/rewrite.php(49): require_once('/Applications/XAMPP/xamppfiles/htdocs/SENA/api_ADMIRED/api_ADMIRED/public/index.php')
CRITICAL - 2024-05-20 03:53:47 --> Firebase\JWT\SignatureInvalidException: Signature verification failed
[Method: GET, Route: api/users]
in VENDORPATH/firebase/php-jwt/src/JWT.php on line 150.
 1 APPPATH/Filters/AuthFilter.php(50): Firebase\JWT\JWT::decode('"eyJ0eXAiOiJKV1QiLCJhbGciOiJIUzI1NiJ9.eyJpc3MiOiJJc3N1ZXIgb2YgdGhlIEpXVCIsImF1ZCI6IkF1ZGllbmNlIHRoYXQgdGhlIEpXVCIsInN1YiI6IlN1YmplY3Qgb2YgdGhlIEpXVCIsImlhdCI6MTcxNjE3NzIwOSwiZXhwIjoxNzE2MTgwODA5LCJlbWFpbCI6Impvc2Vyb3NlbGxvbmxAZ21haWwuY29tIn0.1D7qr1eZnzHtO1fGQlyzF7kwzKJR5-iazlm7NV6Knos"', Object(Firebase\JWT\Key))
 2 SYSTEMPATH/Filters/Filters.php(203): App\Filters\AuthFilter->before(Object(CodeIgniter\HTTP\IncomingRequest), null)
 3 SYSTEMPATH/Filters/Filters.php(184): CodeIgniter\Filters\Filters->runBefore([...])
 4 SYSTEMPATH/CodeIgniter.php(481): CodeIgniter\Filters\Filters->run('api/users', 'before')
 5 SYSTEMPATH/CodeIgniter.php(355): CodeIgniter\CodeIgniter->handleRequest(null, Object(Config\Cache), false)
 6 SYSTEMPATH/Boot.php(312): CodeIgniter\CodeIgniter->run()
 7 SYSTEMPATH/Boot.php(67): CodeIgniter\Boot::runCodeIgniter(Object(CodeIgniter\CodeIgniter))
 8 FCPATH/index.php(56): CodeIgniter\Boot::bootWeb(Object(Config\Paths))
 9 SYSTEMPATH/Commands/Server/rewrite.php(49): require_once('/Applications/XAMPP/xamppfiles/htdocs/SENA/api_ADMIRED/api_ADMIRED/public/index.php')
