ERROR - 2024-06-24 05:34:13 --> mysqli_sql_exception: Unknown column 'TIPO' in 'field list' in /Applications/XAMPP/xamppfiles/htdocs/SENA/api_ADMIRED/api_ADMIRED/vendor/codeigniter4/framework/system/Database/MySQLi/Connection.php:308
Stack trace:
#0 /Applications/XAMPP/xamppfiles/htdocs/SENA/api_ADMIRED/api_ADMIRED/vendor/codeigniter4/framework/system/Database/MySQLi/Connection.php(308): mysqli->query('INSERT INTO `pq...', 0)
#1 /Applications/XAMPP/xamppfiles/htdocs/SENA/api_ADMIRED/api_ADMIRED/vendor/codeigniter4/framework/system/Database/BaseConnection.php(722): CodeIgniter\Database\MySQLi\Connection->execute('INSERT INTO `pq...')
#2 /Applications/XAMPP/xamppfiles/htdocs/SENA/api_ADMIRED/api_ADMIRED/vendor/codeigniter4/framework/system/Database/BaseConnection.php(636): CodeIgniter\Database\BaseConnection->simpleQuery('INSERT INTO `pq...')
#3 /Applications/XAMPP/xamppfiles/htdocs/SENA/api_ADMIRED/api_ADMIRED/vendor/codeigniter4/framework/system/Database/BaseBuilder.php(2325): CodeIgniter\Database\BaseConnection->query('INSERT INTO `pq...', Array, false)
#4 /Applications/XAMPP/xamppfiles/htdocs/SENA/api_ADMIRED/api_ADMIRED/vendor/codeigniter4/framework/system/Model.php(383): CodeIgniter\Database\BaseBuilder->insert()
#5 /Applications/XAMPP/xamppfiles/htdocs/SENA/api_ADMIRED/api_ADMIRED/vendor/codeigniter4/framework/system/BaseModel.php(840): CodeIgniter\Model->doInsert(Array)
#6 /Applications/XAMPP/xamppfiles/htdocs/SENA/api_ADMIRED/api_ADMIRED/vendor/codeigniter4/framework/system/Model.php(791): CodeIgniter\BaseModel->insert(Array, true)
#7 /Applications/XAMPP/xamppfiles/htdocs/SENA/api_ADMIRED/api_ADMIRED/app/Controllers/Pqr.php(20): CodeIgniter\Model->insert(Array)
#8 /Applications/XAMPP/xamppfiles/htdocs/SENA/api_ADMIRED/api_ADMIRED/vendor/codeigniter4/framework/system/CodeIgniter.php(933): App\Controllers\Pqr->create()
#9 /Applications/XAMPP/xamppfiles/htdocs/SENA/api_ADMIRED/api_ADMIRED/vendor/codeigniter4/framework/system/CodeIgniter.php(509): CodeIgniter\CodeIgniter->runController(Object(App\Controllers\Pqr))
#10 /Applications/XAMPP/xamppfiles/htdocs/SENA/api_ADMIRED/api_ADMIRED/vendor/codeigniter4/framework/system/CodeIgniter.php(355): CodeIgniter\CodeIgniter->handleRequest(NULL, Object(Config\Cache), false)
#11 /Applications/XAMPP/xamppfiles/htdocs/SENA/api_ADMIRED/api_ADMIRED/vendor/codeigniter4/framework/system/Boot.php(312): CodeIgniter\CodeIgniter->run()
#12 /Applications/XAMPP/xamppfiles/htdocs/SENA/api_ADMIRED/api_ADMIRED/vendor/codeigniter4/framework/system/Boot.php(67): CodeIgniter\Boot::runCodeIgniter(Object(CodeIgniter\CodeIgniter))
#13 /Applications/XAMPP/xamppfiles/htdocs/SENA/api_ADMIRED/api_ADMIRED/public/index.php(56): CodeIgniter\Boot::bootWeb(Object(Config\Paths))
#14 /Applications/XAMPP/xamppfiles/htdocs/SENA/api_ADMIRED/api_ADMIRED/vendor/codeigniter4/framework/system/Commands/Server/rewrite.php(49): require_once('/Applications/X...')
#15 {main}
CRITICAL - 2024-06-24 05:34:13 --> CodeIgniter\Database\Exceptions\DatabaseException: Unknown column 'TIPO' in 'field list'
[Method: POST, Route: api/pqr/create]
in SYSTEMPATH/Database/BaseConnection.php on line 676.
 1 SYSTEMPATH/Database/BaseBuilder.php(2325): CodeIgniter\Database\BaseConnection->query('INSERT INTO `pqr` (`TIPO`, `ESTADO_ID`) VALUES (:TIPO:, :ESTADO_ID:)', [...], false)
 2 SYSTEMPATH/Model.php(383): CodeIgniter\Database\BaseBuilder->insert()
 3 SYSTEMPATH/BaseModel.php(840): CodeIgniter\Model->doInsert([...])
 4 SYSTEMPATH/Model.php(791): CodeIgniter\BaseModel->insert([...], true)
 5 APPPATH/Controllers/Pqr.php(20): CodeIgniter\Model->insert([...])
 6 SYSTEMPATH/CodeIgniter.php(933): App\Controllers\Pqr->create()
 7 SYSTEMPATH/CodeIgniter.php(509): CodeIgniter\CodeIgniter->runController(Object(App\Controllers\Pqr))
 8 SYSTEMPATH/CodeIgniter.php(355): CodeIgniter\CodeIgniter->handleRequest(null, Object(Config\Cache), false)
 9 SYSTEMPATH/Boot.php(312): CodeIgniter\CodeIgniter->run()
10 SYSTEMPATH/Boot.php(67): CodeIgniter\Boot::runCodeIgniter(Object(CodeIgniter\CodeIgniter))
11 FCPATH/index.php(56): CodeIgniter\Boot::bootWeb(Object(Config\Paths))
12 SYSTEMPATH/Commands/Server/rewrite.php(49): require_once('/Applications/XAMPP/xamppfiles/htdocs/SENA/api_ADMIRED/api_ADMIRED/public/index.php')
CRITICAL - 2024-06-24 05:34:13 --> [Caused by] CodeIgniter\Database\Exceptions\DatabaseException: Unknown column 'TIPO' in 'field list'
in SYSTEMPATH/Database/MySQLi/Connection.php on line 313.
 1 SYSTEMPATH/Database/BaseConnection.php(722): CodeIgniter\Database\MySQLi\Connection->execute('INSERT INTO `pqr` (`TIPO`, `ESTADO_ID`) VALUES (NULL, \'pendiente\')')
 2 SYSTEMPATH/Database/BaseConnection.php(636): CodeIgniter\Database\BaseConnection->simpleQuery('INSERT INTO `pqr` (`TIPO`, `ESTADO_ID`) VALUES (NULL, \'pendiente\')')
 3 SYSTEMPATH/Database/BaseBuilder.php(2325): CodeIgniter\Database\BaseConnection->query('INSERT INTO `pqr` (`TIPO`, `ESTADO_ID`) VALUES (:TIPO:, :ESTADO_ID:)', [...], false)
 4 SYSTEMPATH/Model.php(383): CodeIgniter\Database\BaseBuilder->insert()
 5 SYSTEMPATH/BaseModel.php(840): CodeIgniter\Model->doInsert([...])
 6 SYSTEMPATH/Model.php(791): CodeIgniter\BaseModel->insert([...], true)
 7 APPPATH/Controllers/Pqr.php(20): CodeIgniter\Model->insert([...])
 8 SYSTEMPATH/CodeIgniter.php(933): App\Controllers\Pqr->create()
 9 SYSTEMPATH/CodeIgniter.php(509): CodeIgniter\CodeIgniter->runController(Object(App\Controllers\Pqr))
10 SYSTEMPATH/CodeIgniter.php(355): CodeIgniter\CodeIgniter->handleRequest(null, Object(Config\Cache), false)
11 SYSTEMPATH/Boot.php(312): CodeIgniter\CodeIgniter->run()
12 SYSTEMPATH/Boot.php(67): CodeIgniter\Boot::runCodeIgniter(Object(CodeIgniter\CodeIgniter))
13 FCPATH/index.php(56): CodeIgniter\Boot::bootWeb(Object(Config\Paths))
14 SYSTEMPATH/Commands/Server/rewrite.php(49): require_once('/Applications/XAMPP/xamppfiles/htdocs/SENA/api_ADMIRED/api_ADMIRED/public/index.php')
CRITICAL - 2024-06-24 05:34:13 --> [Caused by] mysqli_sql_exception: Unknown column 'TIPO' in 'field list'
in SYSTEMPATH/Database/MySQLi/Connection.php on line 308.
 1 SYSTEMPATH/Database/MySQLi/Connection.php(308): mysqli->query('INSERT INTO `pqr` (`TIPO`, `ESTADO_ID`) VALUES (NULL, \'pendiente\')', 0)
 2 SYSTEMPATH/Database/BaseConnection.php(722): CodeIgniter\Database\MySQLi\Connection->execute('INSERT INTO `pqr` (`TIPO`, `ESTADO_ID`) VALUES (NULL, \'pendiente\')')
 3 SYSTEMPATH/Database/BaseConnection.php(636): CodeIgniter\Database\BaseConnection->simpleQuery('INSERT INTO `pqr` (`TIPO`, `ESTADO_ID`) VALUES (NULL, \'pendiente\')')
 4 SYSTEMPATH/Database/BaseBuilder.php(2325): CodeIgniter\Database\BaseConnection->query('INSERT INTO `pqr` (`TIPO`, `ESTADO_ID`) VALUES (:TIPO:, :ESTADO_ID:)', [...], false)
 5 SYSTEMPATH/Model.php(383): CodeIgniter\Database\BaseBuilder->insert()
 6 SYSTEMPATH/BaseModel.php(840): CodeIgniter\Model->doInsert([...])
 7 SYSTEMPATH/Model.php(791): CodeIgniter\BaseModel->insert([...], true)
 8 APPPATH/Controllers/Pqr.php(20): CodeIgniter\Model->insert([...])
 9 SYSTEMPATH/CodeIgniter.php(933): App\Controllers\Pqr->create()
10 SYSTEMPATH/CodeIgniter.php(509): CodeIgniter\CodeIgniter->runController(Object(App\Controllers\Pqr))
11 SYSTEMPATH/CodeIgniter.php(355): CodeIgniter\CodeIgniter->handleRequest(null, Object(Config\Cache), false)
12 SYSTEMPATH/Boot.php(312): CodeIgniter\CodeIgniter->run()
13 SYSTEMPATH/Boot.php(67): CodeIgniter\Boot::runCodeIgniter(Object(CodeIgniter\CodeIgniter))
14 FCPATH/index.php(56): CodeIgniter\Boot::bootWeb(Object(Config\Paths))
15 SYSTEMPATH/Commands/Server/rewrite.php(49): require_once('/Applications/XAMPP/xamppfiles/htdocs/SENA/api_ADMIRED/api_ADMIRED/public/index.php')
ERROR - 2024-06-24 05:36:26 --> mysqli_sql_exception: Unknown column 'TIPO' in 'field list' in /Applications/XAMPP/xamppfiles/htdocs/SENA/api_ADMIRED/api_ADMIRED/vendor/codeigniter4/framework/system/Database/MySQLi/Connection.php:308
Stack trace:
#0 /Applications/XAMPP/xamppfiles/htdocs/SENA/api_ADMIRED/api_ADMIRED/vendor/codeigniter4/framework/system/Database/MySQLi/Connection.php(308): mysqli->query('INSERT INTO `pq...', 0)
#1 /Applications/XAMPP/xamppfiles/htdocs/SENA/api_ADMIRED/api_ADMIRED/vendor/codeigniter4/framework/system/Database/BaseConnection.php(722): CodeIgniter\Database\MySQLi\Connection->execute('INSERT INTO `pq...')
#2 /Applications/XAMPP/xamppfiles/htdocs/SENA/api_ADMIRED/api_ADMIRED/vendor/codeigniter4/framework/system/Database/BaseConnection.php(636): CodeIgniter\Database\BaseConnection->simpleQuery('INSERT INTO `pq...')
#3 /Applications/XAMPP/xamppfiles/htdocs/SENA/api_ADMIRED/api_ADMIRED/vendor/codeigniter4/framework/system/Database/BaseBuilder.php(2325): CodeIgniter\Database\BaseConnection->query('INSERT INTO `pq...', Array, false)
#4 /Applications/XAMPP/xamppfiles/htdocs/SENA/api_ADMIRED/api_ADMIRED/vendor/codeigniter4/framework/system/Model.php(383): CodeIgniter\Database\BaseBuilder->insert()
#5 /Applications/XAMPP/xamppfiles/htdocs/SENA/api_ADMIRED/api_ADMIRED/vendor/codeigniter4/framework/system/BaseModel.php(840): CodeIgniter\Model->doInsert(Array)
#6 /Applications/XAMPP/xamppfiles/htdocs/SENA/api_ADMIRED/api_ADMIRED/vendor/codeigniter4/framework/system/Model.php(791): CodeIgniter\BaseModel->insert(Array, true)
#7 /Applications/XAMPP/xamppfiles/htdocs/SENA/api_ADMIRED/api_ADMIRED/app/Controllers/Pqr.php(20): CodeIgniter\Model->insert(Array)
#8 /Applications/XAMPP/xamppfiles/htdocs/SENA/api_ADMIRED/api_ADMIRED/vendor/codeigniter4/framework/system/CodeIgniter.php(933): App\Controllers\Pqr->create()
#9 /Applications/XAMPP/xamppfiles/htdocs/SENA/api_ADMIRED/api_ADMIRED/vendor/codeigniter4/framework/system/CodeIgniter.php(509): CodeIgniter\CodeIgniter->runController(Object(App\Controllers\Pqr))
#10 /Applications/XAMPP/xamppfiles/htdocs/SENA/api_ADMIRED/api_ADMIRED/vendor/codeigniter4/framework/system/CodeIgniter.php(355): CodeIgniter\CodeIgniter->handleRequest(NULL, Object(Config\Cache), false)
#11 /Applications/XAMPP/xamppfiles/htdocs/SENA/api_ADMIRED/api_ADMIRED/vendor/codeigniter4/framework/system/Boot.php(312): CodeIgniter\CodeIgniter->run()
#12 /Applications/XAMPP/xamppfiles/htdocs/SENA/api_ADMIRED/api_ADMIRED/vendor/codeigniter4/framework/system/Boot.php(67): CodeIgniter\Boot::runCodeIgniter(Object(CodeIgniter\CodeIgniter))
#13 /Applications/XAMPP/xamppfiles/htdocs/SENA/api_ADMIRED/api_ADMIRED/public/index.php(56): CodeIgniter\Boot::bootWeb(Object(Config\Paths))
#14 /Applications/XAMPP/xamppfiles/htdocs/SENA/api_ADMIRED/api_ADMIRED/vendor/codeigniter4/framework/system/Commands/Server/rewrite.php(49): require_once('/Applications/X...')
#15 {main}
CRITICAL - 2024-06-24 05:36:26 --> CodeIgniter\Database\Exceptions\DatabaseException: Unknown column 'TIPO' in 'field list'
[Method: POST, Route: api/pqr/create]
in SYSTEMPATH/Database/BaseConnection.php on line 676.
 1 SYSTEMPATH/Database/BaseBuilder.php(2325): CodeIgniter\Database\BaseConnection->query('INSERT INTO `pqr` (`TIPO`, `ESTADO_ID`) VALUES (:TIPO:, :ESTADO_ID:)', [...], false)
 2 SYSTEMPATH/Model.php(383): CodeIgniter\Database\BaseBuilder->insert()
 3 SYSTEMPATH/BaseModel.php(840): CodeIgniter\Model->doInsert([...])
 4 SYSTEMPATH/Model.php(791): CodeIgniter\BaseModel->insert([...], true)
 5 APPPATH/Controllers/Pqr.php(20): CodeIgniter\Model->insert([...])
 6 SYSTEMPATH/CodeIgniter.php(933): App\Controllers\Pqr->create()
 7 SYSTEMPATH/CodeIgniter.php(509): CodeIgniter\CodeIgniter->runController(Object(App\Controllers\Pqr))
 8 SYSTEMPATH/CodeIgniter.php(355): CodeIgniter\CodeIgniter->handleRequest(null, Object(Config\Cache), false)
 9 SYSTEMPATH/Boot.php(312): CodeIgniter\CodeIgniter->run()
10 SYSTEMPATH/Boot.php(67): CodeIgniter\Boot::runCodeIgniter(Object(CodeIgniter\CodeIgniter))
11 FCPATH/index.php(56): CodeIgniter\Boot::bootWeb(Object(Config\Paths))
12 SYSTEMPATH/Commands/Server/rewrite.php(49): require_once('/Applications/XAMPP/xamppfiles/htdocs/SENA/api_ADMIRED/api_ADMIRED/public/index.php')
CRITICAL - 2024-06-24 05:36:26 --> [Caused by] CodeIgniter\Database\Exceptions\DatabaseException: Unknown column 'TIPO' in 'field list'
in SYSTEMPATH/Database/MySQLi/Connection.php on line 313.
 1 SYSTEMPATH/Database/BaseConnection.php(722): CodeIgniter\Database\MySQLi\Connection->execute('INSERT INTO `pqr` (`TIPO`, `ESTADO_ID`) VALUES (NULL, \'pendiente\')')
 2 SYSTEMPATH/Database/BaseConnection.php(636): CodeIgniter\Database\BaseConnection->simpleQuery('INSERT INTO `pqr` (`TIPO`, `ESTADO_ID`) VALUES (NULL, \'pendiente\')')
 3 SYSTEMPATH/Database/BaseBuilder.php(2325): CodeIgniter\Database\BaseConnection->query('INSERT INTO `pqr` (`TIPO`, `ESTADO_ID`) VALUES (:TIPO:, :ESTADO_ID:)', [...], false)
 4 SYSTEMPATH/Model.php(383): CodeIgniter\Database\BaseBuilder->insert()
 5 SYSTEMPATH/BaseModel.php(840): CodeIgniter\Model->doInsert([...])
 6 SYSTEMPATH/Model.php(791): CodeIgniter\BaseModel->insert([...], true)
 7 APPPATH/Controllers/Pqr.php(20): CodeIgniter\Model->insert([...])
 8 SYSTEMPATH/CodeIgniter.php(933): App\Controllers\Pqr->create()
 9 SYSTEMPATH/CodeIgniter.php(509): CodeIgniter\CodeIgniter->runController(Object(App\Controllers\Pqr))
10 SYSTEMPATH/CodeIgniter.php(355): CodeIgniter\CodeIgniter->handleRequest(null, Object(Config\Cache), false)
11 SYSTEMPATH/Boot.php(312): CodeIgniter\CodeIgniter->run()
12 SYSTEMPATH/Boot.php(67): CodeIgniter\Boot::runCodeIgniter(Object(CodeIgniter\CodeIgniter))
13 FCPATH/index.php(56): CodeIgniter\Boot::bootWeb(Object(Config\Paths))
14 SYSTEMPATH/Commands/Server/rewrite.php(49): require_once('/Applications/XAMPP/xamppfiles/htdocs/SENA/api_ADMIRED/api_ADMIRED/public/index.php')
CRITICAL - 2024-06-24 05:36:26 --> [Caused by] mysqli_sql_exception: Unknown column 'TIPO' in 'field list'
in SYSTEMPATH/Database/MySQLi/Connection.php on line 308.
 1 SYSTEMPATH/Database/MySQLi/Connection.php(308): mysqli->query('INSERT INTO `pqr` (`TIPO`, `ESTADO_ID`) VALUES (NULL, \'pendiente\')', 0)
 2 SYSTEMPATH/Database/BaseConnection.php(722): CodeIgniter\Database\MySQLi\Connection->execute('INSERT INTO `pqr` (`TIPO`, `ESTADO_ID`) VALUES (NULL, \'pendiente\')')
 3 SYSTEMPATH/Database/BaseConnection.php(636): CodeIgniter\Database\BaseConnection->simpleQuery('INSERT INTO `pqr` (`TIPO`, `ESTADO_ID`) VALUES (NULL, \'pendiente\')')
 4 SYSTEMPATH/Database/BaseBuilder.php(2325): CodeIgniter\Database\BaseConnection->query('INSERT INTO `pqr` (`TIPO`, `ESTADO_ID`) VALUES (:TIPO:, :ESTADO_ID:)', [...], false)
 5 SYSTEMPATH/Model.php(383): CodeIgniter\Database\BaseBuilder->insert()
 6 SYSTEMPATH/BaseModel.php(840): CodeIgniter\Model->doInsert([...])
 7 SYSTEMPATH/Model.php(791): CodeIgniter\BaseModel->insert([...], true)
 8 APPPATH/Controllers/Pqr.php(20): CodeIgniter\Model->insert([...])
 9 SYSTEMPATH/CodeIgniter.php(933): App\Controllers\Pqr->create()
10 SYSTEMPATH/CodeIgniter.php(509): CodeIgniter\CodeIgniter->runController(Object(App\Controllers\Pqr))
11 SYSTEMPATH/CodeIgniter.php(355): CodeIgniter\CodeIgniter->handleRequest(null, Object(Config\Cache), false)
12 SYSTEMPATH/Boot.php(312): CodeIgniter\CodeIgniter->run()
13 SYSTEMPATH/Boot.php(67): CodeIgniter\Boot::runCodeIgniter(Object(CodeIgniter\CodeIgniter))
14 FCPATH/index.php(56): CodeIgniter\Boot::bootWeb(Object(Config\Paths))
15 SYSTEMPATH/Commands/Server/rewrite.php(49): require_once('/Applications/XAMPP/xamppfiles/htdocs/SENA/api_ADMIRED/api_ADMIRED/public/index.php')
ERROR - 2024-06-24 05:43:46 --> mysqli_sql_exception: Cannot add or update a child row: a foreign key constraint fails (`base_proyecto`.`pqr`, CONSTRAINT `fx_pqr_user` FOREIGN KEY (`USUARIO_ID`) REFERENCES `usuarios` (`ID`)) in /Applications/XAMPP/xamppfiles/htdocs/SENA/api_ADMIRED/api_ADMIRED/vendor/codeigniter4/framework/system/Database/MySQLi/Connection.php:308
Stack trace:
#0 /Applications/XAMPP/xamppfiles/htdocs/SENA/api_ADMIRED/api_ADMIRED/vendor/codeigniter4/framework/system/Database/MySQLi/Connection.php(308): mysqli->query('INSERT INTO `pq...', 0)
#1 /Applications/XAMPP/xamppfiles/htdocs/SENA/api_ADMIRED/api_ADMIRED/vendor/codeigniter4/framework/system/Database/BaseConnection.php(722): CodeIgniter\Database\MySQLi\Connection->execute('INSERT INTO `pq...')
#2 /Applications/XAMPP/xamppfiles/htdocs/SENA/api_ADMIRED/api_ADMIRED/vendor/codeigniter4/framework/system/Database/BaseConnection.php(636): CodeIgniter\Database\BaseConnection->simpleQuery('INSERT INTO `pq...')
#3 /Applications/XAMPP/xamppfiles/htdocs/SENA/api_ADMIRED/api_ADMIRED/vendor/codeigniter4/framework/system/Database/BaseBuilder.php(2325): CodeIgniter\Database\BaseConnection->query('INSERT INTO `pq...', Array, false)
#4 /Applications/XAMPP/xamppfiles/htdocs/SENA/api_ADMIRED/api_ADMIRED/vendor/codeigniter4/framework/system/Model.php(383): CodeIgniter\Database\BaseBuilder->insert()
#5 /Applications/XAMPP/xamppfiles/htdocs/SENA/api_ADMIRED/api_ADMIRED/vendor/codeigniter4/framework/system/BaseModel.php(840): CodeIgniter\Model->doInsert(Array)
#6 /Applications/XAMPP/xamppfiles/htdocs/SENA/api_ADMIRED/api_ADMIRED/vendor/codeigniter4/framework/system/Model.php(791): CodeIgniter\BaseModel->insert(Array, true)
#7 /Applications/XAMPP/xamppfiles/htdocs/SENA/api_ADMIRED/api_ADMIRED/app/Controllers/Pqr.php(22): CodeIgniter\Model->insert(Array)
#8 /Applications/XAMPP/xamppfiles/htdocs/SENA/api_ADMIRED/api_ADMIRED/vendor/codeigniter4/framework/system/CodeIgniter.php(933): App\Controllers\Pqr->create()
#9 /Applications/XAMPP/xamppfiles/htdocs/SENA/api_ADMIRED/api_ADMIRED/vendor/codeigniter4/framework/system/CodeIgniter.php(509): CodeIgniter\CodeIgniter->runController(Object(App\Controllers\Pqr))
#10 /Applications/XAMPP/xamppfiles/htdocs/SENA/api_ADMIRED/api_ADMIRED/vendor/codeigniter4/framework/system/CodeIgniter.php(355): CodeIgniter\CodeIgniter->handleRequest(NULL, Object(Config\Cache), false)
#11 /Applications/XAMPP/xamppfiles/htdocs/SENA/api_ADMIRED/api_ADMIRED/vendor/codeigniter4/framework/system/Boot.php(312): CodeIgniter\CodeIgniter->run()
#12 /Applications/XAMPP/xamppfiles/htdocs/SENA/api_ADMIRED/api_ADMIRED/vendor/codeigniter4/framework/system/Boot.php(67): CodeIgniter\Boot::runCodeIgniter(Object(CodeIgniter\CodeIgniter))
#13 /Applications/XAMPP/xamppfiles/htdocs/SENA/api_ADMIRED/api_ADMIRED/public/index.php(56): CodeIgniter\Boot::bootWeb(Object(Config\Paths))
#14 /Applications/XAMPP/xamppfiles/htdocs/SENA/api_ADMIRED/api_ADMIRED/vendor/codeigniter4/framework/system/Commands/Server/rewrite.php(49): require_once('/Applications/X...')
#15 {main}
CRITICAL - 2024-06-24 05:43:46 --> CodeIgniter\Database\Exceptions\DatabaseException: Cannot add or update a child row: a foreign key constraint fails (`base_proyecto`.`pqr`, CONSTRAINT `fx_pqr_user` FOREIGN KEY (`USUARIO_ID`) REFERENCES `usuarios` (`ID`))
[Method: POST, Route: api/pqr/create]
in SYSTEMPATH/Database/BaseConnection.php on line 676.
 1 SYSTEMPATH/Database/BaseBuilder.php(2325): CodeIgniter\Database\BaseConnection->query('INSERT INTO `pqr` (`ESTADO_ID`) VALUES (:ESTADO_ID:)', [...], false)
 2 SYSTEMPATH/Model.php(383): CodeIgniter\Database\BaseBuilder->insert()
 3 SYSTEMPATH/BaseModel.php(840): CodeIgniter\Model->doInsert([...])
 4 SYSTEMPATH/Model.php(791): CodeIgniter\BaseModel->insert([...], true)
 5 APPPATH/Controllers/Pqr.php(22): CodeIgniter\Model->insert([...])
 6 SYSTEMPATH/CodeIgniter.php(933): App\Controllers\Pqr->create()
 7 SYSTEMPATH/CodeIgniter.php(509): CodeIgniter\CodeIgniter->runController(Object(App\Controllers\Pqr))
 8 SYSTEMPATH/CodeIgniter.php(355): CodeIgniter\CodeIgniter->handleRequest(null, Object(Config\Cache), false)
 9 SYSTEMPATH/Boot.php(312): CodeIgniter\CodeIgniter->run()
10 SYSTEMPATH/Boot.php(67): CodeIgniter\Boot::runCodeIgniter(Object(CodeIgniter\CodeIgniter))
11 FCPATH/index.php(56): CodeIgniter\Boot::bootWeb(Object(Config\Paths))
12 SYSTEMPATH/Commands/Server/rewrite.php(49): require_once('/Applications/XAMPP/xamppfiles/htdocs/SENA/api_ADMIRED/api_ADMIRED/public/index.php')
CRITICAL - 2024-06-24 05:43:46 --> [Caused by] CodeIgniter\Database\Exceptions\DatabaseException: Cannot add or update a child row: a foreign key constraint fails (`base_proyecto`.`pqr`, CONSTRAINT `fx_pqr_user` FOREIGN KEY (`USUARIO_ID`) REFERENCES `usuarios` (`ID`))
in SYSTEMPATH/Database/MySQLi/Connection.php on line 313.
 1 SYSTEMPATH/Database/BaseConnection.php(722): CodeIgniter\Database\MySQLi\Connection->execute('INSERT INTO `pqr` (`ESTADO_ID`) VALUES (\'pendiente\')')
 2 SYSTEMPATH/Database/BaseConnection.php(636): CodeIgniter\Database\BaseConnection->simpleQuery('INSERT INTO `pqr` (`ESTADO_ID`) VALUES (\'pendiente\')')
 3 SYSTEMPATH/Database/BaseBuilder.php(2325): CodeIgniter\Database\BaseConnection->query('INSERT INTO `pqr` (`ESTADO_ID`) VALUES (:ESTADO_ID:)', [...], false)
 4 SYSTEMPATH/Model.php(383): CodeIgniter\Database\BaseBuilder->insert()
 5 SYSTEMPATH/BaseModel.php(840): CodeIgniter\Model->doInsert([...])
 6 SYSTEMPATH/Model.php(791): CodeIgniter\BaseModel->insert([...], true)
 7 APPPATH/Controllers/Pqr.php(22): CodeIgniter\Model->insert([...])
 8 SYSTEMPATH/CodeIgniter.php(933): App\Controllers\Pqr->create()
 9 SYSTEMPATH/CodeIgniter.php(509): CodeIgniter\CodeIgniter->runController(Object(App\Controllers\Pqr))
10 SYSTEMPATH/CodeIgniter.php(355): CodeIgniter\CodeIgniter->handleRequest(null, Object(Config\Cache), false)
11 SYSTEMPATH/Boot.php(312): CodeIgniter\CodeIgniter->run()
12 SYSTEMPATH/Boot.php(67): CodeIgniter\Boot::runCodeIgniter(Object(CodeIgniter\CodeIgniter))
13 FCPATH/index.php(56): CodeIgniter\Boot::bootWeb(Object(Config\Paths))
14 SYSTEMPATH/Commands/Server/rewrite.php(49): require_once('/Applications/XAMPP/xamppfiles/htdocs/SENA/api_ADMIRED/api_ADMIRED/public/index.php')
CRITICAL - 2024-06-24 05:43:46 --> [Caused by] mysqli_sql_exception: Cannot add or update a child row: a foreign key constraint fails (`base_proyecto`.`pqr`, CONSTRAINT `fx_pqr_user` FOREIGN KEY (`USUARIO_ID`) REFERENCES `usuarios` (`ID`))
in SYSTEMPATH/Database/MySQLi/Connection.php on line 308.
 1 SYSTEMPATH/Database/MySQLi/Connection.php(308): mysqli->query('INSERT INTO `pqr` (`ESTADO_ID`) VALUES (\'pendiente\')', 0)
 2 SYSTEMPATH/Database/BaseConnection.php(722): CodeIgniter\Database\MySQLi\Connection->execute('INSERT INTO `pqr` (`ESTADO_ID`) VALUES (\'pendiente\')')
 3 SYSTEMPATH/Database/BaseConnection.php(636): CodeIgniter\Database\BaseConnection->simpleQuery('INSERT INTO `pqr` (`ESTADO_ID`) VALUES (\'pendiente\')')
 4 SYSTEMPATH/Database/BaseBuilder.php(2325): CodeIgniter\Database\BaseConnection->query('INSERT INTO `pqr` (`ESTADO_ID`) VALUES (:ESTADO_ID:)', [...], false)
 5 SYSTEMPATH/Model.php(383): CodeIgniter\Database\BaseBuilder->insert()
 6 SYSTEMPATH/BaseModel.php(840): CodeIgniter\Model->doInsert([...])
 7 SYSTEMPATH/Model.php(791): CodeIgniter\BaseModel->insert([...], true)
 8 APPPATH/Controllers/Pqr.php(22): CodeIgniter\Model->insert([...])
 9 SYSTEMPATH/CodeIgniter.php(933): App\Controllers\Pqr->create()
10 SYSTEMPATH/CodeIgniter.php(509): CodeIgniter\CodeIgniter->runController(Object(App\Controllers\Pqr))
11 SYSTEMPATH/CodeIgniter.php(355): CodeIgniter\CodeIgniter->handleRequest(null, Object(Config\Cache), false)
12 SYSTEMPATH/Boot.php(312): CodeIgniter\CodeIgniter->run()
13 SYSTEMPATH/Boot.php(67): CodeIgniter\Boot::runCodeIgniter(Object(CodeIgniter\CodeIgniter))
14 FCPATH/index.php(56): CodeIgniter\Boot::bootWeb(Object(Config\Paths))
15 SYSTEMPATH/Commands/Server/rewrite.php(49): require_once('/Applications/XAMPP/xamppfiles/htdocs/SENA/api_ADMIRED/api_ADMIRED/public/index.php')
ERROR - 2024-06-24 05:48:17 --> mysqli_sql_exception: Cannot add or update a child row: a foreign key constraint fails (`base_proyecto`.`pqr`, CONSTRAINT `fk_pqr_type` FOREIGN KEY (`PQR_TIPO`) REFERENCES `pqr_tipo` (`ID`)) in /Applications/XAMPP/xamppfiles/htdocs/SENA/api_ADMIRED/api_ADMIRED/vendor/codeigniter4/framework/system/Database/MySQLi/Connection.php:308
Stack trace:
#0 /Applications/XAMPP/xamppfiles/htdocs/SENA/api_ADMIRED/api_ADMIRED/vendor/codeigniter4/framework/system/Database/MySQLi/Connection.php(308): mysqli->query('INSERT INTO `pq...', 0)
#1 /Applications/XAMPP/xamppfiles/htdocs/SENA/api_ADMIRED/api_ADMIRED/vendor/codeigniter4/framework/system/Database/BaseConnection.php(722): CodeIgniter\Database\MySQLi\Connection->execute('INSERT INTO `pq...')
#2 /Applications/XAMPP/xamppfiles/htdocs/SENA/api_ADMIRED/api_ADMIRED/vendor/codeigniter4/framework/system/Database/BaseConnection.php(636): CodeIgniter\Database\BaseConnection->simpleQuery('INSERT INTO `pq...')
#3 /Applications/XAMPP/xamppfiles/htdocs/SENA/api_ADMIRED/api_ADMIRED/vendor/codeigniter4/framework/system/Database/BaseBuilder.php(2325): CodeIgniter\Database\BaseConnection->query('INSERT INTO `pq...', Array, false)
#4 /Applications/XAMPP/xamppfiles/htdocs/SENA/api_ADMIRED/api_ADMIRED/vendor/codeigniter4/framework/system/Model.php(383): CodeIgniter\Database\BaseBuilder->insert()
#5 /Applications/XAMPP/xamppfiles/htdocs/SENA/api_ADMIRED/api_ADMIRED/vendor/codeigniter4/framework/system/BaseModel.php(840): CodeIgniter\Model->doInsert(Array)
#6 /Applications/XAMPP/xamppfiles/htdocs/SENA/api_ADMIRED/api_ADMIRED/vendor/codeigniter4/framework/system/Model.php(791): CodeIgniter\BaseModel->insert(Array, true)
#7 /Applications/XAMPP/xamppfiles/htdocs/SENA/api_ADMIRED/api_ADMIRED/app/Controllers/Pqr.php(22): CodeIgniter\Model->insert(Array)
#8 /Applications/XAMPP/xamppfiles/htdocs/SENA/api_ADMIRED/api_ADMIRED/vendor/codeigniter4/framework/system/CodeIgniter.php(933): App\Controllers\Pqr->create()
#9 /Applications/XAMPP/xamppfiles/htdocs/SENA/api_ADMIRED/api_ADMIRED/vendor/codeigniter4/framework/system/CodeIgniter.php(509): CodeIgniter\CodeIgniter->runController(Object(App\Controllers\Pqr))
#10 /Applications/XAMPP/xamppfiles/htdocs/SENA/api_ADMIRED/api_ADMIRED/vendor/codeigniter4/framework/system/CodeIgniter.php(355): CodeIgniter\CodeIgniter->handleRequest(NULL, Object(Config\Cache), false)
#11 /Applications/XAMPP/xamppfiles/htdocs/SENA/api_ADMIRED/api_ADMIRED/vendor/codeigniter4/framework/system/Boot.php(312): CodeIgniter\CodeIgniter->run()
#12 /Applications/XAMPP/xamppfiles/htdocs/SENA/api_ADMIRED/api_ADMIRED/vendor/codeigniter4/framework/system/Boot.php(67): CodeIgniter\Boot::runCodeIgniter(Object(CodeIgniter\CodeIgniter))
#13 /Applications/XAMPP/xamppfiles/htdocs/SENA/api_ADMIRED/api_ADMIRED/public/index.php(56): CodeIgniter\Boot::bootWeb(Object(Config\Paths))
#14 /Applications/XAMPP/xamppfiles/htdocs/SENA/api_ADMIRED/api_ADMIRED/vendor/codeigniter4/framework/system/Commands/Server/rewrite.php(49): require_once('/Applications/X...')
#15 {main}
CRITICAL - 2024-06-24 05:48:17 --> CodeIgniter\Database\Exceptions\DatabaseException: Cannot add or update a child row: a foreign key constraint fails (`base_proyecto`.`pqr`, CONSTRAINT `fk_pqr_type` FOREIGN KEY (`PQR_TIPO`) REFERENCES `pqr_tipo` (`ID`))
[Method: POST, Route: api/pqr/create]
in SYSTEMPATH/Database/BaseConnection.php on line 676.
 1 SYSTEMPATH/Database/BaseBuilder.php(2325): CodeIgniter\Database\BaseConnection->query('INSERT INTO `pqr` (`DETALLE`, `ESTADO_ID`, `USUARIO_ID`, `PQR_TIPO`) VALUES (:DETALLE:, :ESTADO_ID:, :USUARIO_ID:, :PQR_TIPO:)', [...], false)
 2 SYSTEMPATH/Model.php(383): CodeIgniter\Database\BaseBuilder->insert()
 3 SYSTEMPATH/BaseModel.php(840): CodeIgniter\Model->doInsert([...])
 4 SYSTEMPATH/Model.php(791): CodeIgniter\BaseModel->insert([...], true)
 5 APPPATH/Controllers/Pqr.php(22): CodeIgniter\Model->insert([...])
 6 SYSTEMPATH/CodeIgniter.php(933): App\Controllers\Pqr->create()
 7 SYSTEMPATH/CodeIgniter.php(509): CodeIgniter\CodeIgniter->runController(Object(App\Controllers\Pqr))
 8 SYSTEMPATH/CodeIgniter.php(355): CodeIgniter\CodeIgniter->handleRequest(null, Object(Config\Cache), false)
 9 SYSTEMPATH/Boot.php(312): CodeIgniter\CodeIgniter->run()
10 SYSTEMPATH/Boot.php(67): CodeIgniter\Boot::runCodeIgniter(Object(CodeIgniter\CodeIgniter))
11 FCPATH/index.php(56): CodeIgniter\Boot::bootWeb(Object(Config\Paths))
12 SYSTEMPATH/Commands/Server/rewrite.php(49): require_once('/Applications/XAMPP/xamppfiles/htdocs/SENA/api_ADMIRED/api_ADMIRED/public/index.php')
CRITICAL - 2024-06-24 05:48:17 --> [Caused by] CodeIgniter\Database\Exceptions\DatabaseException: Cannot add or update a child row: a foreign key constraint fails (`base_proyecto`.`pqr`, CONSTRAINT `fk_pqr_type` FOREIGN KEY (`PQR_TIPO`) REFERENCES `pqr_tipo` (`ID`))
in SYSTEMPATH/Database/MySQLi/Connection.php on line 313.
 1 SYSTEMPATH/Database/BaseConnection.php(722): CodeIgniter\Database\MySQLi\Connection->execute('INSERT INTO `pqr` (`DETALLE`, `ESTADO_ID`, `USUARIO_ID`, `PQR_TIPO`) VALUES (\'JHGSJGHDJDGHJSD\', \'pendiente\', \'199\', \'queja\')')
 2 SYSTEMPATH/Database/BaseConnection.php(636): CodeIgniter\Database\BaseConnection->simpleQuery('INSERT INTO `pqr` (`DETALLE`, `ESTADO_ID`, `USUARIO_ID`, `PQR_TIPO`) VALUES (\'JHGSJGHDJDGHJSD\', \'pendiente\', \'199\', \'queja\')')
 3 SYSTEMPATH/Database/BaseBuilder.php(2325): CodeIgniter\Database\BaseConnection->query('INSERT INTO `pqr` (`DETALLE`, `ESTADO_ID`, `USUARIO_ID`, `PQR_TIPO`) VALUES (:DETALLE:, :ESTADO_ID:, :USUARIO_ID:, :PQR_TIPO:)', [...], false)
 4 SYSTEMPATH/Model.php(383): CodeIgniter\Database\BaseBuilder->insert()
 5 SYSTEMPATH/BaseModel.php(840): CodeIgniter\Model->doInsert([...])
 6 SYSTEMPATH/Model.php(791): CodeIgniter\BaseModel->insert([...], true)
 7 APPPATH/Controllers/Pqr.php(22): CodeIgniter\Model->insert([...])
 8 SYSTEMPATH/CodeIgniter.php(933): App\Controllers\Pqr->create()
 9 SYSTEMPATH/CodeIgniter.php(509): CodeIgniter\CodeIgniter->runController(Object(App\Controllers\Pqr))
10 SYSTEMPATH/CodeIgniter.php(355): CodeIgniter\CodeIgniter->handleRequest(null, Object(Config\Cache), false)
11 SYSTEMPATH/Boot.php(312): CodeIgniter\CodeIgniter->run()
12 SYSTEMPATH/Boot.php(67): CodeIgniter\Boot::runCodeIgniter(Object(CodeIgniter\CodeIgniter))
13 FCPATH/index.php(56): CodeIgniter\Boot::bootWeb(Object(Config\Paths))
14 SYSTEMPATH/Commands/Server/rewrite.php(49): require_once('/Applications/XAMPP/xamppfiles/htdocs/SENA/api_ADMIRED/api_ADMIRED/public/index.php')
CRITICAL - 2024-06-24 05:48:17 --> [Caused by] mysqli_sql_exception: Cannot add or update a child row: a foreign key constraint fails (`base_proyecto`.`pqr`, CONSTRAINT `fk_pqr_type` FOREIGN KEY (`PQR_TIPO`) REFERENCES `pqr_tipo` (`ID`))
in SYSTEMPATH/Database/MySQLi/Connection.php on line 308.
 1 SYSTEMPATH/Database/MySQLi/Connection.php(308): mysqli->query('INSERT INTO `pqr` (`DETALLE`, `ESTADO_ID`, `USUARIO_ID`, `PQR_TIPO`) VALUES (\'JHGSJGHDJDGHJSD\', \'pendiente\', \'199\', \'queja\')', 0)
 2 SYSTEMPATH/Database/BaseConnection.php(722): CodeIgniter\Database\MySQLi\Connection->execute('INSERT INTO `pqr` (`DETALLE`, `ESTADO_ID`, `USUARIO_ID`, `PQR_TIPO`) VALUES (\'JHGSJGHDJDGHJSD\', \'pendiente\', \'199\', \'queja\')')
 3 SYSTEMPATH/Database/BaseConnection.php(636): CodeIgniter\Database\BaseConnection->simpleQuery('INSERT INTO `pqr` (`DETALLE`, `ESTADO_ID`, `USUARIO_ID`, `PQR_TIPO`) VALUES (\'JHGSJGHDJDGHJSD\', \'pendiente\', \'199\', \'queja\')')
 4 SYSTEMPATH/Database/BaseBuilder.php(2325): CodeIgniter\Database\BaseConnection->query('INSERT INTO `pqr` (`DETALLE`, `ESTADO_ID`, `USUARIO_ID`, `PQR_TIPO`) VALUES (:DETALLE:, :ESTADO_ID:, :USUARIO_ID:, :PQR_TIPO:)', [...], false)
 5 SYSTEMPATH/Model.php(383): CodeIgniter\Database\BaseBuilder->insert()
 6 SYSTEMPATH/BaseModel.php(840): CodeIgniter\Model->doInsert([...])
 7 SYSTEMPATH/Model.php(791): CodeIgniter\BaseModel->insert([...], true)
 8 APPPATH/Controllers/Pqr.php(22): CodeIgniter\Model->insert([...])
 9 SYSTEMPATH/CodeIgniter.php(933): App\Controllers\Pqr->create()
10 SYSTEMPATH/CodeIgniter.php(509): CodeIgniter\CodeIgniter->runController(Object(App\Controllers\Pqr))
11 SYSTEMPATH/CodeIgniter.php(355): CodeIgniter\CodeIgniter->handleRequest(null, Object(Config\Cache), false)
12 SYSTEMPATH/Boot.php(312): CodeIgniter\CodeIgniter->run()
13 SYSTEMPATH/Boot.php(67): CodeIgniter\Boot::runCodeIgniter(Object(CodeIgniter\CodeIgniter))
14 FCPATH/index.php(56): CodeIgniter\Boot::bootWeb(Object(Config\Paths))
15 SYSTEMPATH/Commands/Server/rewrite.php(49): require_once('/Applications/XAMPP/xamppfiles/htdocs/SENA/api_ADMIRED/api_ADMIRED/public/index.php')
ERROR - 2024-06-24 05:53:30 --> mysqli_sql_exception: Cannot add or update a child row: a foreign key constraint fails (`base_proyecto`.`pqr`, CONSTRAINT `fk_pqr_type` FOREIGN KEY (`PQR_TIPO`) REFERENCES `pqr_tipo` (`ID`)) in /Applications/XAMPP/xamppfiles/htdocs/SENA/api_ADMIRED/api_ADMIRED/vendor/codeigniter4/framework/system/Database/MySQLi/Connection.php:308
Stack trace:
#0 /Applications/XAMPP/xamppfiles/htdocs/SENA/api_ADMIRED/api_ADMIRED/vendor/codeigniter4/framework/system/Database/MySQLi/Connection.php(308): mysqli->query('INSERT INTO `pq...', 0)
#1 /Applications/XAMPP/xamppfiles/htdocs/SENA/api_ADMIRED/api_ADMIRED/vendor/codeigniter4/framework/system/Database/BaseConnection.php(722): CodeIgniter\Database\MySQLi\Connection->execute('INSERT INTO `pq...')
#2 /Applications/XAMPP/xamppfiles/htdocs/SENA/api_ADMIRED/api_ADMIRED/vendor/codeigniter4/framework/system/Database/BaseConnection.php(636): CodeIgniter\Database\BaseConnection->simpleQuery('INSERT INTO `pq...')
#3 /Applications/XAMPP/xamppfiles/htdocs/SENA/api_ADMIRED/api_ADMIRED/vendor/codeigniter4/framework/system/Database/BaseBuilder.php(2325): CodeIgniter\Database\BaseConnection->query('INSERT INTO `pq...', Array, false)
#4 /Applications/XAMPP/xamppfiles/htdocs/SENA/api_ADMIRED/api_ADMIRED/vendor/codeigniter4/framework/system/Model.php(383): CodeIgniter\Database\BaseBuilder->insert()
#5 /Applications/XAMPP/xamppfiles/htdocs/SENA/api_ADMIRED/api_ADMIRED/vendor/codeigniter4/framework/system/BaseModel.php(840): CodeIgniter\Model->doInsert(Array)
#6 /Applications/XAMPP/xamppfiles/htdocs/SENA/api_ADMIRED/api_ADMIRED/vendor/codeigniter4/framework/system/Model.php(791): CodeIgniter\BaseModel->insert(Array, true)
#7 /Applications/XAMPP/xamppfiles/htdocs/SENA/api_ADMIRED/api_ADMIRED/app/Controllers/Pqr.php(22): CodeIgniter\Model->insert(Array)
#8 /Applications/XAMPP/xamppfiles/htdocs/SENA/api_ADMIRED/api_ADMIRED/vendor/codeigniter4/framework/system/CodeIgniter.php(933): App\Controllers\Pqr->create()
#9 /Applications/XAMPP/xamppfiles/htdocs/SENA/api_ADMIRED/api_ADMIRED/vendor/codeigniter4/framework/system/CodeIgniter.php(509): CodeIgniter\CodeIgniter->runController(Object(App\Controllers\Pqr))
#10 /Applications/XAMPP/xamppfiles/htdocs/SENA/api_ADMIRED/api_ADMIRED/vendor/codeigniter4/framework/system/CodeIgniter.php(355): CodeIgniter\CodeIgniter->handleRequest(NULL, Object(Config\Cache), false)
#11 /Applications/XAMPP/xamppfiles/htdocs/SENA/api_ADMIRED/api_ADMIRED/vendor/codeigniter4/framework/system/Boot.php(312): CodeIgniter\CodeIgniter->run()
#12 /Applications/XAMPP/xamppfiles/htdocs/SENA/api_ADMIRED/api_ADMIRED/vendor/codeigniter4/framework/system/Boot.php(67): CodeIgniter\Boot::runCodeIgniter(Object(CodeIgniter\CodeIgniter))
#13 /Applications/XAMPP/xamppfiles/htdocs/SENA/api_ADMIRED/api_ADMIRED/public/index.php(56): CodeIgniter\Boot::bootWeb(Object(Config\Paths))
#14 /Applications/XAMPP/xamppfiles/htdocs/SENA/api_ADMIRED/api_ADMIRED/vendor/codeigniter4/framework/system/Commands/Server/rewrite.php(49): require_once('/Applications/X...')
#15 {main}
CRITICAL - 2024-06-24 05:53:30 --> CodeIgniter\Database\Exceptions\DatabaseException: Cannot add or update a child row: a foreign key constraint fails (`base_proyecto`.`pqr`, CONSTRAINT `fk_pqr_type` FOREIGN KEY (`PQR_TIPO`) REFERENCES `pqr_tipo` (`ID`))
[Method: POST, Route: api/pqr/create]
in SYSTEMPATH/Database/BaseConnection.php on line 676.
 1 SYSTEMPATH/Database/BaseBuilder.php(2325): CodeIgniter\Database\BaseConnection->query('INSERT INTO `pqr` (`DETALLE`, `ESTADO_ID`, `USUARIO_ID`, `PQR_TIPO`) VALUES (:DETALLE:, :ESTADO_ID:, :USUARIO_ID:, :PQR_TIPO:)', [...], false)
 2 SYSTEMPATH/Model.php(383): CodeIgniter\Database\BaseBuilder->insert()
 3 SYSTEMPATH/BaseModel.php(840): CodeIgniter\Model->doInsert([...])
 4 SYSTEMPATH/Model.php(791): CodeIgniter\BaseModel->insert([...], true)
 5 APPPATH/Controllers/Pqr.php(22): CodeIgniter\Model->insert([...])
 6 SYSTEMPATH/CodeIgniter.php(933): App\Controllers\Pqr->create()
 7 SYSTEMPATH/CodeIgniter.php(509): CodeIgniter\CodeIgniter->runController(Object(App\Controllers\Pqr))
 8 SYSTEMPATH/CodeIgniter.php(355): CodeIgniter\CodeIgniter->handleRequest(null, Object(Config\Cache), false)
 9 SYSTEMPATH/Boot.php(312): CodeIgniter\CodeIgniter->run()
10 SYSTEMPATH/Boot.php(67): CodeIgniter\Boot::runCodeIgniter(Object(CodeIgniter\CodeIgniter))
11 FCPATH/index.php(56): CodeIgniter\Boot::bootWeb(Object(Config\Paths))
12 SYSTEMPATH/Commands/Server/rewrite.php(49): require_once('/Applications/XAMPP/xamppfiles/htdocs/SENA/api_ADMIRED/api_ADMIRED/public/index.php')
CRITICAL - 2024-06-24 05:53:30 --> [Caused by] CodeIgniter\Database\Exceptions\DatabaseException: Cannot add or update a child row: a foreign key constraint fails (`base_proyecto`.`pqr`, CONSTRAINT `fk_pqr_type` FOREIGN KEY (`PQR_TIPO`) REFERENCES `pqr_tipo` (`ID`))
in SYSTEMPATH/Database/MySQLi/Connection.php on line 313.
 1 SYSTEMPATH/Database/BaseConnection.php(722): CodeIgniter\Database\MySQLi\Connection->execute('INSERT INTO `pqr` (`DETALLE`, `ESTADO_ID`, `USUARIO_ID`, `PQR_TIPO`) VALUES (\'JHGSJGHDJDGHJSD\', \'pendiente\', \'199\', \'queja\')')
 2 SYSTEMPATH/Database/BaseConnection.php(636): CodeIgniter\Database\BaseConnection->simpleQuery('INSERT INTO `pqr` (`DETALLE`, `ESTADO_ID`, `USUARIO_ID`, `PQR_TIPO`) VALUES (\'JHGSJGHDJDGHJSD\', \'pendiente\', \'199\', \'queja\')')
 3 SYSTEMPATH/Database/BaseBuilder.php(2325): CodeIgniter\Database\BaseConnection->query('INSERT INTO `pqr` (`DETALLE`, `ESTADO_ID`, `USUARIO_ID`, `PQR_TIPO`) VALUES (:DETALLE:, :ESTADO_ID:, :USUARIO_ID:, :PQR_TIPO:)', [...], false)
 4 SYSTEMPATH/Model.php(383): CodeIgniter\Database\BaseBuilder->insert()
 5 SYSTEMPATH/BaseModel.php(840): CodeIgniter\Model->doInsert([...])
 6 SYSTEMPATH/Model.php(791): CodeIgniter\BaseModel->insert([...], true)
 7 APPPATH/Controllers/Pqr.php(22): CodeIgniter\Model->insert([...])
 8 SYSTEMPATH/CodeIgniter.php(933): App\Controllers\Pqr->create()
 9 SYSTEMPATH/CodeIgniter.php(509): CodeIgniter\CodeIgniter->runController(Object(App\Controllers\Pqr))
10 SYSTEMPATH/CodeIgniter.php(355): CodeIgniter\CodeIgniter->handleRequest(null, Object(Config\Cache), false)
11 SYSTEMPATH/Boot.php(312): CodeIgniter\CodeIgniter->run()
12 SYSTEMPATH/Boot.php(67): CodeIgniter\Boot::runCodeIgniter(Object(CodeIgniter\CodeIgniter))
13 FCPATH/index.php(56): CodeIgniter\Boot::bootWeb(Object(Config\Paths))
14 SYSTEMPATH/Commands/Server/rewrite.php(49): require_once('/Applications/XAMPP/xamppfiles/htdocs/SENA/api_ADMIRED/api_ADMIRED/public/index.php')
CRITICAL - 2024-06-24 05:53:30 --> [Caused by] mysqli_sql_exception: Cannot add or update a child row: a foreign key constraint fails (`base_proyecto`.`pqr`, CONSTRAINT `fk_pqr_type` FOREIGN KEY (`PQR_TIPO`) REFERENCES `pqr_tipo` (`ID`))
in SYSTEMPATH/Database/MySQLi/Connection.php on line 308.
 1 SYSTEMPATH/Database/MySQLi/Connection.php(308): mysqli->query('INSERT INTO `pqr` (`DETALLE`, `ESTADO_ID`, `USUARIO_ID`, `PQR_TIPO`) VALUES (\'JHGSJGHDJDGHJSD\', \'pendiente\', \'199\', \'queja\')', 0)
 2 SYSTEMPATH/Database/BaseConnection.php(722): CodeIgniter\Database\MySQLi\Connection->execute('INSERT INTO `pqr` (`DETALLE`, `ESTADO_ID`, `USUARIO_ID`, `PQR_TIPO`) VALUES (\'JHGSJGHDJDGHJSD\', \'pendiente\', \'199\', \'queja\')')
 3 SYSTEMPATH/Database/BaseConnection.php(636): CodeIgniter\Database\BaseConnection->simpleQuery('INSERT INTO `pqr` (`DETALLE`, `ESTADO_ID`, `USUARIO_ID`, `PQR_TIPO`) VALUES (\'JHGSJGHDJDGHJSD\', \'pendiente\', \'199\', \'queja\')')
 4 SYSTEMPATH/Database/BaseBuilder.php(2325): CodeIgniter\Database\BaseConnection->query('INSERT INTO `pqr` (`DETALLE`, `ESTADO_ID`, `USUARIO_ID`, `PQR_TIPO`) VALUES (:DETALLE:, :ESTADO_ID:, :USUARIO_ID:, :PQR_TIPO:)', [...], false)
 5 SYSTEMPATH/Model.php(383): CodeIgniter\Database\BaseBuilder->insert()
 6 SYSTEMPATH/BaseModel.php(840): CodeIgniter\Model->doInsert([...])
 7 SYSTEMPATH/Model.php(791): CodeIgniter\BaseModel->insert([...], true)
 8 APPPATH/Controllers/Pqr.php(22): CodeIgniter\Model->insert([...])
 9 SYSTEMPATH/CodeIgniter.php(933): App\Controllers\Pqr->create()
10 SYSTEMPATH/CodeIgniter.php(509): CodeIgniter\CodeIgniter->runController(Object(App\Controllers\Pqr))
11 SYSTEMPATH/CodeIgniter.php(355): CodeIgniter\CodeIgniter->handleRequest(null, Object(Config\Cache), false)
12 SYSTEMPATH/Boot.php(312): CodeIgniter\CodeIgniter->run()
13 SYSTEMPATH/Boot.php(67): CodeIgniter\Boot::runCodeIgniter(Object(CodeIgniter\CodeIgniter))
14 FCPATH/index.php(56): CodeIgniter\Boot::bootWeb(Object(Config\Paths))
15 SYSTEMPATH/Commands/Server/rewrite.php(49): require_once('/Applications/XAMPP/xamppfiles/htdocs/SENA/api_ADMIRED/api_ADMIRED/public/index.php')
ERROR - 2024-06-24 05:55:51 --> mysqli_sql_exception: Cannot add or update a child row: a foreign key constraint fails (`base_proyecto`.`pqr`, CONSTRAINT `fk_pqr_type` FOREIGN KEY (`PQR_TIPO`) REFERENCES `pqr_tipo` (`ID`)) in /Applications/XAMPP/xamppfiles/htdocs/SENA/api_ADMIRED/api_ADMIRED/vendor/codeigniter4/framework/system/Database/MySQLi/Connection.php:308
Stack trace:
#0 /Applications/XAMPP/xamppfiles/htdocs/SENA/api_ADMIRED/api_ADMIRED/vendor/codeigniter4/framework/system/Database/MySQLi/Connection.php(308): mysqli->query('INSERT INTO `pq...', 0)
#1 /Applications/XAMPP/xamppfiles/htdocs/SENA/api_ADMIRED/api_ADMIRED/vendor/codeigniter4/framework/system/Database/BaseConnection.php(722): CodeIgniter\Database\MySQLi\Connection->execute('INSERT INTO `pq...')
#2 /Applications/XAMPP/xamppfiles/htdocs/SENA/api_ADMIRED/api_ADMIRED/vendor/codeigniter4/framework/system/Database/BaseConnection.php(636): CodeIgniter\Database\BaseConnection->simpleQuery('INSERT INTO `pq...')
#3 /Applications/XAMPP/xamppfiles/htdocs/SENA/api_ADMIRED/api_ADMIRED/vendor/codeigniter4/framework/system/Database/BaseBuilder.php(2325): CodeIgniter\Database\BaseConnection->query('INSERT INTO `pq...', Array, false)
#4 /Applications/XAMPP/xamppfiles/htdocs/SENA/api_ADMIRED/api_ADMIRED/vendor/codeigniter4/framework/system/Model.php(383): CodeIgniter\Database\BaseBuilder->insert()
#5 /Applications/XAMPP/xamppfiles/htdocs/SENA/api_ADMIRED/api_ADMIRED/vendor/codeigniter4/framework/system/BaseModel.php(840): CodeIgniter\Model->doInsert(Array)
#6 /Applications/XAMPP/xamppfiles/htdocs/SENA/api_ADMIRED/api_ADMIRED/vendor/codeigniter4/framework/system/Model.php(791): CodeIgniter\BaseModel->insert(Array, true)
#7 /Applications/XAMPP/xamppfiles/htdocs/SENA/api_ADMIRED/api_ADMIRED/app/Controllers/Pqr.php(22): CodeIgniter\Model->insert(Array)
#8 /Applications/XAMPP/xamppfiles/htdocs/SENA/api_ADMIRED/api_ADMIRED/vendor/codeigniter4/framework/system/CodeIgniter.php(933): App\Controllers\Pqr->create()
#9 /Applications/XAMPP/xamppfiles/htdocs/SENA/api_ADMIRED/api_ADMIRED/vendor/codeigniter4/framework/system/CodeIgniter.php(509): CodeIgniter\CodeIgniter->runController(Object(App\Controllers\Pqr))
#10 /Applications/XAMPP/xamppfiles/htdocs/SENA/api_ADMIRED/api_ADMIRED/vendor/codeigniter4/framework/system/CodeIgniter.php(355): CodeIgniter\CodeIgniter->handleRequest(NULL, Object(Config\Cache), false)
#11 /Applications/XAMPP/xamppfiles/htdocs/SENA/api_ADMIRED/api_ADMIRED/vendor/codeigniter4/framework/system/Boot.php(312): CodeIgniter\CodeIgniter->run()
#12 /Applications/XAMPP/xamppfiles/htdocs/SENA/api_ADMIRED/api_ADMIRED/vendor/codeigniter4/framework/system/Boot.php(67): CodeIgniter\Boot::runCodeIgniter(Object(CodeIgniter\CodeIgniter))
#13 /Applications/XAMPP/xamppfiles/htdocs/SENA/api_ADMIRED/api_ADMIRED/public/index.php(56): CodeIgniter\Boot::bootWeb(Object(Config\Paths))
#14 /Applications/XAMPP/xamppfiles/htdocs/SENA/api_ADMIRED/api_ADMIRED/vendor/codeigniter4/framework/system/Commands/Server/rewrite.php(49): require_once('/Applications/X...')
#15 {main}
CRITICAL - 2024-06-24 05:55:51 --> CodeIgniter\Database\Exceptions\DatabaseException: Cannot add or update a child row: a foreign key constraint fails (`base_proyecto`.`pqr`, CONSTRAINT `fk_pqr_type` FOREIGN KEY (`PQR_TIPO`) REFERENCES `pqr_tipo` (`ID`))
[Method: POST, Route: api/pqr/create]
in SYSTEMPATH/Database/BaseConnection.php on line 676.
 1 SYSTEMPATH/Database/BaseBuilder.php(2325): CodeIgniter\Database\BaseConnection->query('INSERT INTO `pqr` (`DETALLE`, `ESTADO_ID`, `USUARIO_ID`, `PQR_TIPO`) VALUES (:DETALLE:, :ESTADO_ID:, :USUARIO_ID:, :PQR_TIPO:)', [...], false)
 2 SYSTEMPATH/Model.php(383): CodeIgniter\Database\BaseBuilder->insert()
 3 SYSTEMPATH/BaseModel.php(840): CodeIgniter\Model->doInsert([...])
 4 SYSTEMPATH/Model.php(791): CodeIgniter\BaseModel->insert([...], true)
 5 APPPATH/Controllers/Pqr.php(22): CodeIgniter\Model->insert([...])
 6 SYSTEMPATH/CodeIgniter.php(933): App\Controllers\Pqr->create()
 7 SYSTEMPATH/CodeIgniter.php(509): CodeIgniter\CodeIgniter->runController(Object(App\Controllers\Pqr))
 8 SYSTEMPATH/CodeIgniter.php(355): CodeIgniter\CodeIgniter->handleRequest(null, Object(Config\Cache), false)
 9 SYSTEMPATH/Boot.php(312): CodeIgniter\CodeIgniter->run()
10 SYSTEMPATH/Boot.php(67): CodeIgniter\Boot::runCodeIgniter(Object(CodeIgniter\CodeIgniter))
11 FCPATH/index.php(56): CodeIgniter\Boot::bootWeb(Object(Config\Paths))
12 SYSTEMPATH/Commands/Server/rewrite.php(49): require_once('/Applications/XAMPP/xamppfiles/htdocs/SENA/api_ADMIRED/api_ADMIRED/public/index.php')
CRITICAL - 2024-06-24 05:55:51 --> [Caused by] CodeIgniter\Database\Exceptions\DatabaseException: Cannot add or update a child row: a foreign key constraint fails (`base_proyecto`.`pqr`, CONSTRAINT `fk_pqr_type` FOREIGN KEY (`PQR_TIPO`) REFERENCES `pqr_tipo` (`ID`))
in SYSTEMPATH/Database/MySQLi/Connection.php on line 313.
 1 SYSTEMPATH/Database/BaseConnection.php(722): CodeIgniter\Database\MySQLi\Connection->execute('INSERT INTO `pqr` (`DETALLE`, `ESTADO_ID`, `USUARIO_ID`, `PQR_TIPO`) VALUES (\'JHGSJGHDJDGHJSD\', \'pendiente\', \'199\', \'PQR\')')
 2 SYSTEMPATH/Database/BaseConnection.php(636): CodeIgniter\Database\BaseConnection->simpleQuery('INSERT INTO `pqr` (`DETALLE`, `ESTADO_ID`, `USUARIO_ID`, `PQR_TIPO`) VALUES (\'JHGSJGHDJDGHJSD\', \'pendiente\', \'199\', \'PQR\')')
 3 SYSTEMPATH/Database/BaseBuilder.php(2325): CodeIgniter\Database\BaseConnection->query('INSERT INTO `pqr` (`DETALLE`, `ESTADO_ID`, `USUARIO_ID`, `PQR_TIPO`) VALUES (:DETALLE:, :ESTADO_ID:, :USUARIO_ID:, :PQR_TIPO:)', [...], false)
 4 SYSTEMPATH/Model.php(383): CodeIgniter\Database\BaseBuilder->insert()
 5 SYSTEMPATH/BaseModel.php(840): CodeIgniter\Model->doInsert([...])
 6 SYSTEMPATH/Model.php(791): CodeIgniter\BaseModel->insert([...], true)
 7 APPPATH/Controllers/Pqr.php(22): CodeIgniter\Model->insert([...])
 8 SYSTEMPATH/CodeIgniter.php(933): App\Controllers\Pqr->create()
 9 SYSTEMPATH/CodeIgniter.php(509): CodeIgniter\CodeIgniter->runController(Object(App\Controllers\Pqr))
10 SYSTEMPATH/CodeIgniter.php(355): CodeIgniter\CodeIgniter->handleRequest(null, Object(Config\Cache), false)
11 SYSTEMPATH/Boot.php(312): CodeIgniter\CodeIgniter->run()
12 SYSTEMPATH/Boot.php(67): CodeIgniter\Boot::runCodeIgniter(Object(CodeIgniter\CodeIgniter))
13 FCPATH/index.php(56): CodeIgniter\Boot::bootWeb(Object(Config\Paths))
14 SYSTEMPATH/Commands/Server/rewrite.php(49): require_once('/Applications/XAMPP/xamppfiles/htdocs/SENA/api_ADMIRED/api_ADMIRED/public/index.php')
CRITICAL - 2024-06-24 05:55:51 --> [Caused by] mysqli_sql_exception: Cannot add or update a child row: a foreign key constraint fails (`base_proyecto`.`pqr`, CONSTRAINT `fk_pqr_type` FOREIGN KEY (`PQR_TIPO`) REFERENCES `pqr_tipo` (`ID`))
in SYSTEMPATH/Database/MySQLi/Connection.php on line 308.
 1 SYSTEMPATH/Database/MySQLi/Connection.php(308): mysqli->query('INSERT INTO `pqr` (`DETALLE`, `ESTADO_ID`, `USUARIO_ID`, `PQR_TIPO`) VALUES (\'JHGSJGHDJDGHJSD\', \'pendiente\', \'199\', \'PQR\')', 0)
 2 SYSTEMPATH/Database/BaseConnection.php(722): CodeIgniter\Database\MySQLi\Connection->execute('INSERT INTO `pqr` (`DETALLE`, `ESTADO_ID`, `USUARIO_ID`, `PQR_TIPO`) VALUES (\'JHGSJGHDJDGHJSD\', \'pendiente\', \'199\', \'PQR\')')
 3 SYSTEMPATH/Database/BaseConnection.php(636): CodeIgniter\Database\BaseConnection->simpleQuery('INSERT INTO `pqr` (`DETALLE`, `ESTADO_ID`, `USUARIO_ID`, `PQR_TIPO`) VALUES (\'JHGSJGHDJDGHJSD\', \'pendiente\', \'199\', \'PQR\')')
 4 SYSTEMPATH/Database/BaseBuilder.php(2325): CodeIgniter\Database\BaseConnection->query('INSERT INTO `pqr` (`DETALLE`, `ESTADO_ID`, `USUARIO_ID`, `PQR_TIPO`) VALUES (:DETALLE:, :ESTADO_ID:, :USUARIO_ID:, :PQR_TIPO:)', [...], false)
 5 SYSTEMPATH/Model.php(383): CodeIgniter\Database\BaseBuilder->insert()
 6 SYSTEMPATH/BaseModel.php(840): CodeIgniter\Model->doInsert([...])
 7 SYSTEMPATH/Model.php(791): CodeIgniter\BaseModel->insert([...], true)
 8 APPPATH/Controllers/Pqr.php(22): CodeIgniter\Model->insert([...])
 9 SYSTEMPATH/CodeIgniter.php(933): App\Controllers\Pqr->create()
10 SYSTEMPATH/CodeIgniter.php(509): CodeIgniter\CodeIgniter->runController(Object(App\Controllers\Pqr))
11 SYSTEMPATH/CodeIgniter.php(355): CodeIgniter\CodeIgniter->handleRequest(null, Object(Config\Cache), false)
12 SYSTEMPATH/Boot.php(312): CodeIgniter\CodeIgniter->run()
13 SYSTEMPATH/Boot.php(67): CodeIgniter\Boot::runCodeIgniter(Object(CodeIgniter\CodeIgniter))
14 FCPATH/index.php(56): CodeIgniter\Boot::bootWeb(Object(Config\Paths))
15 SYSTEMPATH/Commands/Server/rewrite.php(49): require_once('/Applications/XAMPP/xamppfiles/htdocs/SENA/api_ADMIRED/api_ADMIRED/public/index.php')
ERROR - 2024-06-24 06:03:03 --> mysqli_sql_exception: Cannot add or update a child row: a foreign key constraint fails (`base_proyecto`.`pqr`, CONSTRAINT `fk_pqr_type` FOREIGN KEY (`PQR_TIPO`) REFERENCES `pqr_tipo` (`ID`)) in /Applications/XAMPP/xamppfiles/htdocs/SENA/api_ADMIRED/api_ADMIRED/vendor/codeigniter4/framework/system/Database/MySQLi/Connection.php:308
Stack trace:
#0 /Applications/XAMPP/xamppfiles/htdocs/SENA/api_ADMIRED/api_ADMIRED/vendor/codeigniter4/framework/system/Database/MySQLi/Connection.php(308): mysqli->query('INSERT INTO `pq...', 0)
#1 /Applications/XAMPP/xamppfiles/htdocs/SENA/api_ADMIRED/api_ADMIRED/vendor/codeigniter4/framework/system/Database/BaseConnection.php(722): CodeIgniter\Database\MySQLi\Connection->execute('INSERT INTO `pq...')
#2 /Applications/XAMPP/xamppfiles/htdocs/SENA/api_ADMIRED/api_ADMIRED/vendor/codeigniter4/framework/system/Database/BaseConnection.php(636): CodeIgniter\Database\BaseConnection->simpleQuery('INSERT INTO `pq...')
#3 /Applications/XAMPP/xamppfiles/htdocs/SENA/api_ADMIRED/api_ADMIRED/vendor/codeigniter4/framework/system/Database/BaseBuilder.php(2325): CodeIgniter\Database\BaseConnection->query('INSERT INTO `pq...', Array, false)
#4 /Applications/XAMPP/xamppfiles/htdocs/SENA/api_ADMIRED/api_ADMIRED/vendor/codeigniter4/framework/system/Model.php(383): CodeIgniter\Database\BaseBuilder->insert()
#5 /Applications/XAMPP/xamppfiles/htdocs/SENA/api_ADMIRED/api_ADMIRED/vendor/codeigniter4/framework/system/BaseModel.php(840): CodeIgniter\Model->doInsert(Array)
#6 /Applications/XAMPP/xamppfiles/htdocs/SENA/api_ADMIRED/api_ADMIRED/vendor/codeigniter4/framework/system/Model.php(791): CodeIgniter\BaseModel->insert(Array, true)
#7 /Applications/XAMPP/xamppfiles/htdocs/SENA/api_ADMIRED/api_ADMIRED/app/Controllers/Pqr.php(22): CodeIgniter\Model->insert(Array)
#8 /Applications/XAMPP/xamppfiles/htdocs/SENA/api_ADMIRED/api_ADMIRED/vendor/codeigniter4/framework/system/CodeIgniter.php(933): App\Controllers\Pqr->create()
#9 /Applications/XAMPP/xamppfiles/htdocs/SENA/api_ADMIRED/api_ADMIRED/vendor/codeigniter4/framework/system/CodeIgniter.php(509): CodeIgniter\CodeIgniter->runController(Object(App\Controllers\Pqr))
#10 /Applications/XAMPP/xamppfiles/htdocs/SENA/api_ADMIRED/api_ADMIRED/vendor/codeigniter4/framework/system/CodeIgniter.php(355): CodeIgniter\CodeIgniter->handleRequest(NULL, Object(Config\Cache), false)
#11 /Applications/XAMPP/xamppfiles/htdocs/SENA/api_ADMIRED/api_ADMIRED/vendor/codeigniter4/framework/system/Boot.php(312): CodeIgniter\CodeIgniter->run()
#12 /Applications/XAMPP/xamppfiles/htdocs/SENA/api_ADMIRED/api_ADMIRED/vendor/codeigniter4/framework/system/Boot.php(67): CodeIgniter\Boot::runCodeIgniter(Object(CodeIgniter\CodeIgniter))
#13 /Applications/XAMPP/xamppfiles/htdocs/SENA/api_ADMIRED/api_ADMIRED/public/index.php(56): CodeIgniter\Boot::bootWeb(Object(Config\Paths))
#14 /Applications/XAMPP/xamppfiles/htdocs/SENA/api_ADMIRED/api_ADMIRED/vendor/codeigniter4/framework/system/Commands/Server/rewrite.php(49): require_once('/Applications/X...')
#15 {main}
CRITICAL - 2024-06-24 06:03:03 --> CodeIgniter\Database\Exceptions\DatabaseException: Cannot add or update a child row: a foreign key constraint fails (`base_proyecto`.`pqr`, CONSTRAINT `fk_pqr_type` FOREIGN KEY (`PQR_TIPO`) REFERENCES `pqr_tipo` (`ID`))
[Method: POST, Route: api/pqr/create]
in SYSTEMPATH/Database/BaseConnection.php on line 676.
 1 SYSTEMPATH/Database/BaseBuilder.php(2325): CodeIgniter\Database\BaseConnection->query('INSERT INTO `pqr` (`DETALLE`, `ESTADO_ID`, `USUARIO_ID`, `PQR_TIPO`) VALUES (:DETALLE:, :ESTADO_ID:, :USUARIO_ID:, :PQR_TIPO:)', [...], false)
 2 SYSTEMPATH/Model.php(383): CodeIgniter\Database\BaseBuilder->insert()
 3 SYSTEMPATH/BaseModel.php(840): CodeIgniter\Model->doInsert([...])
 4 SYSTEMPATH/Model.php(791): CodeIgniter\BaseModel->insert([...], true)
 5 APPPATH/Controllers/Pqr.php(22): CodeIgniter\Model->insert([...])
 6 SYSTEMPATH/CodeIgniter.php(933): App\Controllers\Pqr->create()
 7 SYSTEMPATH/CodeIgniter.php(509): CodeIgniter\CodeIgniter->runController(Object(App\Controllers\Pqr))
 8 SYSTEMPATH/CodeIgniter.php(355): CodeIgniter\CodeIgniter->handleRequest(null, Object(Config\Cache), false)
 9 SYSTEMPATH/Boot.php(312): CodeIgniter\CodeIgniter->run()
10 SYSTEMPATH/Boot.php(67): CodeIgniter\Boot::runCodeIgniter(Object(CodeIgniter\CodeIgniter))
11 FCPATH/index.php(56): CodeIgniter\Boot::bootWeb(Object(Config\Paths))
12 SYSTEMPATH/Commands/Server/rewrite.php(49): require_once('/Applications/XAMPP/xamppfiles/htdocs/SENA/api_ADMIRED/api_ADMIRED/public/index.php')
CRITICAL - 2024-06-24 06:03:03 --> [Caused by] CodeIgniter\Database\Exceptions\DatabaseException: Cannot add or update a child row: a foreign key constraint fails (`base_proyecto`.`pqr`, CONSTRAINT `fk_pqr_type` FOREIGN KEY (`PQR_TIPO`) REFERENCES `pqr_tipo` (`ID`))
in SYSTEMPATH/Database/MySQLi/Connection.php on line 313.
 1 SYSTEMPATH/Database/BaseConnection.php(722): CodeIgniter\Database\MySQLi\Connection->execute('INSERT INTO `pqr` (`DETALLE`, `ESTADO_ID`, `USUARIO_ID`, `PQR_TIPO`) VALUES (\'JHGSJGHDJDGHJSD\', \'pendiente\', \'199\', \'PQR\')')
 2 SYSTEMPATH/Database/BaseConnection.php(636): CodeIgniter\Database\BaseConnection->simpleQuery('INSERT INTO `pqr` (`DETALLE`, `ESTADO_ID`, `USUARIO_ID`, `PQR_TIPO`) VALUES (\'JHGSJGHDJDGHJSD\', \'pendiente\', \'199\', \'PQR\')')
 3 SYSTEMPATH/Database/BaseBuilder.php(2325): CodeIgniter\Database\BaseConnection->query('INSERT INTO `pqr` (`DETALLE`, `ESTADO_ID`, `USUARIO_ID`, `PQR_TIPO`) VALUES (:DETALLE:, :ESTADO_ID:, :USUARIO_ID:, :PQR_TIPO:)', [...], false)
 4 SYSTEMPATH/Model.php(383): CodeIgniter\Database\BaseBuilder->insert()
 5 SYSTEMPATH/BaseModel.php(840): CodeIgniter\Model->doInsert([...])
 6 SYSTEMPATH/Model.php(791): CodeIgniter\BaseModel->insert([...], true)
 7 APPPATH/Controllers/Pqr.php(22): CodeIgniter\Model->insert([...])
 8 SYSTEMPATH/CodeIgniter.php(933): App\Controllers\Pqr->create()
 9 SYSTEMPATH/CodeIgniter.php(509): CodeIgniter\CodeIgniter->runController(Object(App\Controllers\Pqr))
10 SYSTEMPATH/CodeIgniter.php(355): CodeIgniter\CodeIgniter->handleRequest(null, Object(Config\Cache), false)
11 SYSTEMPATH/Boot.php(312): CodeIgniter\CodeIgniter->run()
12 SYSTEMPATH/Boot.php(67): CodeIgniter\Boot::runCodeIgniter(Object(CodeIgniter\CodeIgniter))
13 FCPATH/index.php(56): CodeIgniter\Boot::bootWeb(Object(Config\Paths))
14 SYSTEMPATH/Commands/Server/rewrite.php(49): require_once('/Applications/XAMPP/xamppfiles/htdocs/SENA/api_ADMIRED/api_ADMIRED/public/index.php')
CRITICAL - 2024-06-24 06:03:03 --> [Caused by] mysqli_sql_exception: Cannot add or update a child row: a foreign key constraint fails (`base_proyecto`.`pqr`, CONSTRAINT `fk_pqr_type` FOREIGN KEY (`PQR_TIPO`) REFERENCES `pqr_tipo` (`ID`))
in SYSTEMPATH/Database/MySQLi/Connection.php on line 308.
 1 SYSTEMPATH/Database/MySQLi/Connection.php(308): mysqli->query('INSERT INTO `pqr` (`DETALLE`, `ESTADO_ID`, `USUARIO_ID`, `PQR_TIPO`) VALUES (\'JHGSJGHDJDGHJSD\', \'pendiente\', \'199\', \'PQR\')', 0)
 2 SYSTEMPATH/Database/BaseConnection.php(722): CodeIgniter\Database\MySQLi\Connection->execute('INSERT INTO `pqr` (`DETALLE`, `ESTADO_ID`, `USUARIO_ID`, `PQR_TIPO`) VALUES (\'JHGSJGHDJDGHJSD\', \'pendiente\', \'199\', \'PQR\')')
 3 SYSTEMPATH/Database/BaseConnection.php(636): CodeIgniter\Database\BaseConnection->simpleQuery('INSERT INTO `pqr` (`DETALLE`, `ESTADO_ID`, `USUARIO_ID`, `PQR_TIPO`) VALUES (\'JHGSJGHDJDGHJSD\', \'pendiente\', \'199\', \'PQR\')')
 4 SYSTEMPATH/Database/BaseBuilder.php(2325): CodeIgniter\Database\BaseConnection->query('INSERT INTO `pqr` (`DETALLE`, `ESTADO_ID`, `USUARIO_ID`, `PQR_TIPO`) VALUES (:DETALLE:, :ESTADO_ID:, :USUARIO_ID:, :PQR_TIPO:)', [...], false)
 5 SYSTEMPATH/Model.php(383): CodeIgniter\Database\BaseBuilder->insert()
 6 SYSTEMPATH/BaseModel.php(840): CodeIgniter\Model->doInsert([...])
 7 SYSTEMPATH/Model.php(791): CodeIgniter\BaseModel->insert([...], true)
 8 APPPATH/Controllers/Pqr.php(22): CodeIgniter\Model->insert([...])
 9 SYSTEMPATH/CodeIgniter.php(933): App\Controllers\Pqr->create()
10 SYSTEMPATH/CodeIgniter.php(509): CodeIgniter\CodeIgniter->runController(Object(App\Controllers\Pqr))
11 SYSTEMPATH/CodeIgniter.php(355): CodeIgniter\CodeIgniter->handleRequest(null, Object(Config\Cache), false)
12 SYSTEMPATH/Boot.php(312): CodeIgniter\CodeIgniter->run()
13 SYSTEMPATH/Boot.php(67): CodeIgniter\Boot::runCodeIgniter(Object(CodeIgniter\CodeIgniter))
14 FCPATH/index.php(56): CodeIgniter\Boot::bootWeb(Object(Config\Paths))
15 SYSTEMPATH/Commands/Server/rewrite.php(49): require_once('/Applications/XAMPP/xamppfiles/htdocs/SENA/api_ADMIRED/api_ADMIRED/public/index.php')
ERROR - 2024-06-24 06:03:07 --> mysqli_sql_exception: Cannot add or update a child row: a foreign key constraint fails (`base_proyecto`.`pqr`, CONSTRAINT `fk_pqr_type` FOREIGN KEY (`PQR_TIPO`) REFERENCES `pqr_tipo` (`ID`)) in /Applications/XAMPP/xamppfiles/htdocs/SENA/api_ADMIRED/api_ADMIRED/vendor/codeigniter4/framework/system/Database/MySQLi/Connection.php:308
Stack trace:
#0 /Applications/XAMPP/xamppfiles/htdocs/SENA/api_ADMIRED/api_ADMIRED/vendor/codeigniter4/framework/system/Database/MySQLi/Connection.php(308): mysqli->query('INSERT INTO `pq...', 0)
#1 /Applications/XAMPP/xamppfiles/htdocs/SENA/api_ADMIRED/api_ADMIRED/vendor/codeigniter4/framework/system/Database/BaseConnection.php(722): CodeIgniter\Database\MySQLi\Connection->execute('INSERT INTO `pq...')
#2 /Applications/XAMPP/xamppfiles/htdocs/SENA/api_ADMIRED/api_ADMIRED/vendor/codeigniter4/framework/system/Database/BaseConnection.php(636): CodeIgniter\Database\BaseConnection->simpleQuery('INSERT INTO `pq...')
#3 /Applications/XAMPP/xamppfiles/htdocs/SENA/api_ADMIRED/api_ADMIRED/vendor/codeigniter4/framework/system/Database/BaseBuilder.php(2325): CodeIgniter\Database\BaseConnection->query('INSERT INTO `pq...', Array, false)
#4 /Applications/XAMPP/xamppfiles/htdocs/SENA/api_ADMIRED/api_ADMIRED/vendor/codeigniter4/framework/system/Model.php(383): CodeIgniter\Database\BaseBuilder->insert()
#5 /Applications/XAMPP/xamppfiles/htdocs/SENA/api_ADMIRED/api_ADMIRED/vendor/codeigniter4/framework/system/BaseModel.php(840): CodeIgniter\Model->doInsert(Array)
#6 /Applications/XAMPP/xamppfiles/htdocs/SENA/api_ADMIRED/api_ADMIRED/vendor/codeigniter4/framework/system/Model.php(791): CodeIgniter\BaseModel->insert(Array, true)
#7 /Applications/XAMPP/xamppfiles/htdocs/SENA/api_ADMIRED/api_ADMIRED/app/Controllers/Pqr.php(22): CodeIgniter\Model->insert(Array)
#8 /Applications/XAMPP/xamppfiles/htdocs/SENA/api_ADMIRED/api_ADMIRED/vendor/codeigniter4/framework/system/CodeIgniter.php(933): App\Controllers\Pqr->create()
#9 /Applications/XAMPP/xamppfiles/htdocs/SENA/api_ADMIRED/api_ADMIRED/vendor/codeigniter4/framework/system/CodeIgniter.php(509): CodeIgniter\CodeIgniter->runController(Object(App\Controllers\Pqr))
#10 /Applications/XAMPP/xamppfiles/htdocs/SENA/api_ADMIRED/api_ADMIRED/vendor/codeigniter4/framework/system/CodeIgniter.php(355): CodeIgniter\CodeIgniter->handleRequest(NULL, Object(Config\Cache), false)
#11 /Applications/XAMPP/xamppfiles/htdocs/SENA/api_ADMIRED/api_ADMIRED/vendor/codeigniter4/framework/system/Boot.php(312): CodeIgniter\CodeIgniter->run()
#12 /Applications/XAMPP/xamppfiles/htdocs/SENA/api_ADMIRED/api_ADMIRED/vendor/codeigniter4/framework/system/Boot.php(67): CodeIgniter\Boot::runCodeIgniter(Object(CodeIgniter\CodeIgniter))
#13 /Applications/XAMPP/xamppfiles/htdocs/SENA/api_ADMIRED/api_ADMIRED/public/index.php(56): CodeIgniter\Boot::bootWeb(Object(Config\Paths))
#14 /Applications/XAMPP/xamppfiles/htdocs/SENA/api_ADMIRED/api_ADMIRED/vendor/codeigniter4/framework/system/Commands/Server/rewrite.php(49): require_once('/Applications/X...')
#15 {main}
CRITICAL - 2024-06-24 06:03:07 --> CodeIgniter\Database\Exceptions\DatabaseException: Cannot add or update a child row: a foreign key constraint fails (`base_proyecto`.`pqr`, CONSTRAINT `fk_pqr_type` FOREIGN KEY (`PQR_TIPO`) REFERENCES `pqr_tipo` (`ID`))
[Method: POST, Route: api/pqr/create]
in SYSTEMPATH/Database/BaseConnection.php on line 676.
 1 SYSTEMPATH/Database/BaseBuilder.php(2325): CodeIgniter\Database\BaseConnection->query('INSERT INTO `pqr` (`DETALLE`, `ESTADO_ID`, `USUARIO_ID`, `PQR_TIPO`) VALUES (:DETALLE:, :ESTADO_ID:, :USUARIO_ID:, :PQR_TIPO:)', [...], false)
 2 SYSTEMPATH/Model.php(383): CodeIgniter\Database\BaseBuilder->insert()
 3 SYSTEMPATH/BaseModel.php(840): CodeIgniter\Model->doInsert([...])
 4 SYSTEMPATH/Model.php(791): CodeIgniter\BaseModel->insert([...], true)
 5 APPPATH/Controllers/Pqr.php(22): CodeIgniter\Model->insert([...])
 6 SYSTEMPATH/CodeIgniter.php(933): App\Controllers\Pqr->create()
 7 SYSTEMPATH/CodeIgniter.php(509): CodeIgniter\CodeIgniter->runController(Object(App\Controllers\Pqr))
 8 SYSTEMPATH/CodeIgniter.php(355): CodeIgniter\CodeIgniter->handleRequest(null, Object(Config\Cache), false)
 9 SYSTEMPATH/Boot.php(312): CodeIgniter\CodeIgniter->run()
10 SYSTEMPATH/Boot.php(67): CodeIgniter\Boot::runCodeIgniter(Object(CodeIgniter\CodeIgniter))
11 FCPATH/index.php(56): CodeIgniter\Boot::bootWeb(Object(Config\Paths))
12 SYSTEMPATH/Commands/Server/rewrite.php(49): require_once('/Applications/XAMPP/xamppfiles/htdocs/SENA/api_ADMIRED/api_ADMIRED/public/index.php')
CRITICAL - 2024-06-24 06:03:07 --> [Caused by] CodeIgniter\Database\Exceptions\DatabaseException: Cannot add or update a child row: a foreign key constraint fails (`base_proyecto`.`pqr`, CONSTRAINT `fk_pqr_type` FOREIGN KEY (`PQR_TIPO`) REFERENCES `pqr_tipo` (`ID`))
in SYSTEMPATH/Database/MySQLi/Connection.php on line 313.
 1 SYSTEMPATH/Database/BaseConnection.php(722): CodeIgniter\Database\MySQLi\Connection->execute('INSERT INTO `pqr` (`DETALLE`, `ESTADO_ID`, `USUARIO_ID`, `PQR_TIPO`) VALUES (\'JHGSJGHDJDGHJSD\', \'pendiente\', \'199\', \'PQR\')')
 2 SYSTEMPATH/Database/BaseConnection.php(636): CodeIgniter\Database\BaseConnection->simpleQuery('INSERT INTO `pqr` (`DETALLE`, `ESTADO_ID`, `USUARIO_ID`, `PQR_TIPO`) VALUES (\'JHGSJGHDJDGHJSD\', \'pendiente\', \'199\', \'PQR\')')
 3 SYSTEMPATH/Database/BaseBuilder.php(2325): CodeIgniter\Database\BaseConnection->query('INSERT INTO `pqr` (`DETALLE`, `ESTADO_ID`, `USUARIO_ID`, `PQR_TIPO`) VALUES (:DETALLE:, :ESTADO_ID:, :USUARIO_ID:, :PQR_TIPO:)', [...], false)
 4 SYSTEMPATH/Model.php(383): CodeIgniter\Database\BaseBuilder->insert()
 5 SYSTEMPATH/BaseModel.php(840): CodeIgniter\Model->doInsert([...])
 6 SYSTEMPATH/Model.php(791): CodeIgniter\BaseModel->insert([...], true)
 7 APPPATH/Controllers/Pqr.php(22): CodeIgniter\Model->insert([...])
 8 SYSTEMPATH/CodeIgniter.php(933): App\Controllers\Pqr->create()
 9 SYSTEMPATH/CodeIgniter.php(509): CodeIgniter\CodeIgniter->runController(Object(App\Controllers\Pqr))
10 SYSTEMPATH/CodeIgniter.php(355): CodeIgniter\CodeIgniter->handleRequest(null, Object(Config\Cache), false)
11 SYSTEMPATH/Boot.php(312): CodeIgniter\CodeIgniter->run()
12 SYSTEMPATH/Boot.php(67): CodeIgniter\Boot::runCodeIgniter(Object(CodeIgniter\CodeIgniter))
13 FCPATH/index.php(56): CodeIgniter\Boot::bootWeb(Object(Config\Paths))
14 SYSTEMPATH/Commands/Server/rewrite.php(49): require_once('/Applications/XAMPP/xamppfiles/htdocs/SENA/api_ADMIRED/api_ADMIRED/public/index.php')
CRITICAL - 2024-06-24 06:03:07 --> [Caused by] mysqli_sql_exception: Cannot add or update a child row: a foreign key constraint fails (`base_proyecto`.`pqr`, CONSTRAINT `fk_pqr_type` FOREIGN KEY (`PQR_TIPO`) REFERENCES `pqr_tipo` (`ID`))
in SYSTEMPATH/Database/MySQLi/Connection.php on line 308.
 1 SYSTEMPATH/Database/MySQLi/Connection.php(308): mysqli->query('INSERT INTO `pqr` (`DETALLE`, `ESTADO_ID`, `USUARIO_ID`, `PQR_TIPO`) VALUES (\'JHGSJGHDJDGHJSD\', \'pendiente\', \'199\', \'PQR\')', 0)
 2 SYSTEMPATH/Database/BaseConnection.php(722): CodeIgniter\Database\MySQLi\Connection->execute('INSERT INTO `pqr` (`DETALLE`, `ESTADO_ID`, `USUARIO_ID`, `PQR_TIPO`) VALUES (\'JHGSJGHDJDGHJSD\', \'pendiente\', \'199\', \'PQR\')')
 3 SYSTEMPATH/Database/BaseConnection.php(636): CodeIgniter\Database\BaseConnection->simpleQuery('INSERT INTO `pqr` (`DETALLE`, `ESTADO_ID`, `USUARIO_ID`, `PQR_TIPO`) VALUES (\'JHGSJGHDJDGHJSD\', \'pendiente\', \'199\', \'PQR\')')
 4 SYSTEMPATH/Database/BaseBuilder.php(2325): CodeIgniter\Database\BaseConnection->query('INSERT INTO `pqr` (`DETALLE`, `ESTADO_ID`, `USUARIO_ID`, `PQR_TIPO`) VALUES (:DETALLE:, :ESTADO_ID:, :USUARIO_ID:, :PQR_TIPO:)', [...], false)
 5 SYSTEMPATH/Model.php(383): CodeIgniter\Database\BaseBuilder->insert()
 6 SYSTEMPATH/BaseModel.php(840): CodeIgniter\Model->doInsert([...])
 7 SYSTEMPATH/Model.php(791): CodeIgniter\BaseModel->insert([...], true)
 8 APPPATH/Controllers/Pqr.php(22): CodeIgniter\Model->insert([...])
 9 SYSTEMPATH/CodeIgniter.php(933): App\Controllers\Pqr->create()
10 SYSTEMPATH/CodeIgniter.php(509): CodeIgniter\CodeIgniter->runController(Object(App\Controllers\Pqr))
11 SYSTEMPATH/CodeIgniter.php(355): CodeIgniter\CodeIgniter->handleRequest(null, Object(Config\Cache), false)
12 SYSTEMPATH/Boot.php(312): CodeIgniter\CodeIgniter->run()
13 SYSTEMPATH/Boot.php(67): CodeIgniter\Boot::runCodeIgniter(Object(CodeIgniter\CodeIgniter))
14 FCPATH/index.php(56): CodeIgniter\Boot::bootWeb(Object(Config\Paths))
15 SYSTEMPATH/Commands/Server/rewrite.php(49): require_once('/Applications/XAMPP/xamppfiles/htdocs/SENA/api_ADMIRED/api_ADMIRED/public/index.php')
