CRITICAL - 2024-06-25 00:02:08 --> CodeIgniter\Filters\Exceptions\FilterException: "Config\Cors" must implement CodeIgniter\Filters\FilterInterface.
[Method: POST, Route: api/cuotas_administracion/create]
in SYSTEMPATH/Filters/Filters.php on line 200.
 1 SYSTEMPATH/Filters/Filters.php(200): CodeIgniter\Filters\Exceptions\FilterException::forIncorrectInterface('Config\\Cors')
 2 SYSTEMPATH/Filters/Filters.php(184): CodeIgniter\Filters\Filters->runBefore([...])
 3 SYSTEMPATH/CodeIgniter.php(481): CodeIgniter\Filters\Filters->run('api/cuotas_administracion/create', 'before')
 4 SYSTEMPATH/CodeIgniter.php(355): CodeIgniter\CodeIgniter->handleRequest(null, Object(Config\Cache), false)
 5 SYSTEMPATH/Boot.php(312): CodeIgniter\CodeIgniter->run()
 6 SYSTEMPATH/Boot.php(67): CodeIgniter\Boot::runCodeIgniter(Object(CodeIgniter\CodeIgniter))
 7 FCPATH/index.php(55): CodeIgniter\Boot::bootWeb(Object(Config\Paths))
 8 SYSTEMPATH/Commands/Server/rewrite.php(49): require_once('/Applications/XAMPP/xamppfiles/htdocs/SENA/api_ADMIRED/public/index.php')
CRITICAL - 2024-06-25 00:25:58 --> CodeIgniter\Filters\Exceptions\FilterException: "Config\Cors" must implement CodeIgniter\Filters\FilterInterface.
[Method: POST, Route: api/cuotas_administracion/create]
in SYSTEMPATH/Filters/Filters.php on line 200.
 1 SYSTEMPATH/Filters/Filters.php(200): CodeIgniter\Filters\Exceptions\FilterException::forIncorrectInterface('Config\\Cors')
 2 SYSTEMPATH/Filters/Filters.php(184): CodeIgniter\Filters\Filters->runBefore([...])
 3 SYSTEMPATH/CodeIgniter.php(481): CodeIgniter\Filters\Filters->run('api/cuotas_administracion/create', 'before')
 4 SYSTEMPATH/CodeIgniter.php(355): CodeIgniter\CodeIgniter->handleRequest(null, Object(Config\Cache), false)
 5 SYSTEMPATH/Boot.php(312): CodeIgniter\CodeIgniter->run()
 6 SYSTEMPATH/Boot.php(67): CodeIgniter\Boot::runCodeIgniter(Object(CodeIgniter\CodeIgniter))
 7 FCPATH/index.php(55): CodeIgniter\Boot::bootWeb(Object(Config\Paths))
 8 SYSTEMPATH/Commands/Server/rewrite.php(49): require_once('/Applications/XAMPP/xamppfiles/htdocs/SENA/api_ADMIRED/public/index.php')
CRITICAL - 2024-06-25 00:26:29 --> CodeIgniter\Filters\Exceptions\FilterException: "Config\Cors" must implement CodeIgniter\Filters\FilterInterface.
[Method: POST, Route: api/cuotas_administracion/create]
in SYSTEMPATH/Filters/Filters.php on line 200.
 1 SYSTEMPATH/Filters/Filters.php(200): CodeIgniter\Filters\Exceptions\FilterException::forIncorrectInterface('Config\\Cors')
 2 SYSTEMPATH/Filters/Filters.php(184): CodeIgniter\Filters\Filters->runBefore([...])
 3 SYSTEMPATH/CodeIgniter.php(481): CodeIgniter\Filters\Filters->run('api/cuotas_administracion/create', 'before')
 4 SYSTEMPATH/CodeIgniter.php(355): CodeIgniter\CodeIgniter->handleRequest(null, Object(Config\Cache), false)
 5 SYSTEMPATH/Boot.php(312): CodeIgniter\CodeIgniter->run()
 6 SYSTEMPATH/Boot.php(67): CodeIgniter\Boot::runCodeIgniter(Object(CodeIgniter\CodeIgniter))
 7 FCPATH/index.php(55): CodeIgniter\Boot::bootWeb(Object(Config\Paths))
 8 SYSTEMPATH/Commands/Server/rewrite.php(49): require_once('/Applications/XAMPP/xamppfiles/htdocs/SENA/api_ADMIRED/public/index.php')
CRITICAL - 2024-06-25 00:26:58 --> CodeIgniter\Filters\Exceptions\FilterException: "Config\Cors" must implement CodeIgniter\Filters\FilterInterface.
[Method: POST, Route: api/cuotas_administracion/create]
in SYSTEMPATH/Filters/Filters.php on line 200.
 1 SYSTEMPATH/Filters/Filters.php(200): CodeIgniter\Filters\Exceptions\FilterException::forIncorrectInterface('Config\\Cors')
 2 SYSTEMPATH/Filters/Filters.php(184): CodeIgniter\Filters\Filters->runBefore([...])
 3 SYSTEMPATH/CodeIgniter.php(481): CodeIgniter\Filters\Filters->run('api/cuotas_administracion/create', 'before')
 4 SYSTEMPATH/CodeIgniter.php(355): CodeIgniter\CodeIgniter->handleRequest(null, Object(Config\Cache), false)
 5 SYSTEMPATH/Boot.php(312): CodeIgniter\CodeIgniter->run()
 6 SYSTEMPATH/Boot.php(67): CodeIgniter\Boot::runCodeIgniter(Object(CodeIgniter\CodeIgniter))
 7 FCPATH/index.php(55): CodeIgniter\Boot::bootWeb(Object(Config\Paths))
 8 SYSTEMPATH/Commands/Server/rewrite.php(49): require_once('/Applications/XAMPP/xamppfiles/htdocs/SENA/api_ADMIRED/public/index.php')
CRITICAL - 2024-06-25 00:35:12 --> CodeIgniter\Filters\Exceptions\FilterException: "Config\Cors" must implement CodeIgniter\Filters\FilterInterface.
[Method: GET, Route: /]
in SYSTEMPATH/Filters/Filters.php on line 200.
 1 SYSTEMPATH/Filters/Filters.php(200): CodeIgniter\Filters\Exceptions\FilterException::forIncorrectInterface('Config\\Cors')
 2 SYSTEMPATH/Filters/Filters.php(184): CodeIgniter\Filters\Filters->runBefore([...])
 3 SYSTEMPATH/CodeIgniter.php(481): CodeIgniter\Filters\Filters->run('', 'before')
 4 SYSTEMPATH/CodeIgniter.php(355): CodeIgniter\CodeIgniter->handleRequest(null, Object(Config\Cache), false)
 5 SYSTEMPATH/Boot.php(312): CodeIgniter\CodeIgniter->run()
 6 SYSTEMPATH/Boot.php(67): CodeIgniter\Boot::runCodeIgniter(Object(CodeIgniter\CodeIgniter))
 7 FCPATH/index.php(55): CodeIgniter\Boot::bootWeb(Object(Config\Paths))
 8 SYSTEMPATH/Commands/Server/rewrite.php(49): require_once('/Applications/XAMPP/xamppfiles/htdocs/SENA/api_ADMIRED/public/index.php')
CRITICAL - 2024-06-25 00:53:07 --> CodeIgniter\Filters\Exceptions\FilterException: "Config\Cors" must implement CodeIgniter\Filters\FilterInterface.
[Method: OPTIONS, Route: api/cuotas_administracion/create]
in SYSTEMPATH/Filters/Filters.php on line 200.
 1 SYSTEMPATH/Filters/Filters.php(200): CodeIgniter\Filters\Exceptions\FilterException::forIncorrectInterface('Config\\Cors')
 2 SYSTEMPATH/Filters/Filters.php(184): CodeIgniter\Filters\Filters->runBefore([...])
 3 SYSTEMPATH/CodeIgniter.php(481): CodeIgniter\Filters\Filters->run('api/cuotas_administracion/create', 'before')
 4 SYSTEMPATH/CodeIgniter.php(355): CodeIgniter\CodeIgniter->handleRequest(null, Object(Config\Cache), false)
 5 SYSTEMPATH/Boot.php(312): CodeIgniter\CodeIgniter->run()
 6 SYSTEMPATH/Boot.php(67): CodeIgniter\Boot::runCodeIgniter(Object(CodeIgniter\CodeIgniter))
 7 FCPATH/index.php(55): CodeIgniter\Boot::bootWeb(Object(Config\Paths))
 8 SYSTEMPATH/Commands/Server/rewrite.php(49): require_once('/Applications/XAMPP/xamppfiles/htdocs/SENA/api_ADMIRED/public/index.php')
CRITICAL - 2024-06-25 00:53:14 --> CodeIgniter\Filters\Exceptions\FilterException: "Config\Cors" must implement CodeIgniter\Filters\FilterInterface.
[Method: OPTIONS, Route: api/cuotas_administracion/create]
in SYSTEMPATH/Filters/Filters.php on line 200.
 1 SYSTEMPATH/Filters/Filters.php(200): CodeIgniter\Filters\Exceptions\FilterException::forIncorrectInterface('Config\\Cors')
 2 SYSTEMPATH/Filters/Filters.php(184): CodeIgniter\Filters\Filters->runBefore([...])
 3 SYSTEMPATH/CodeIgniter.php(481): CodeIgniter\Filters\Filters->run('api/cuotas_administracion/create', 'before')
 4 SYSTEMPATH/CodeIgniter.php(355): CodeIgniter\CodeIgniter->handleRequest(null, Object(Config\Cache), false)
 5 SYSTEMPATH/Boot.php(312): CodeIgniter\CodeIgniter->run()
 6 SYSTEMPATH/Boot.php(67): CodeIgniter\Boot::runCodeIgniter(Object(CodeIgniter\CodeIgniter))
 7 FCPATH/index.php(55): CodeIgniter\Boot::bootWeb(Object(Config\Paths))
 8 SYSTEMPATH/Commands/Server/rewrite.php(49): require_once('/Applications/XAMPP/xamppfiles/htdocs/SENA/api_ADMIRED/public/index.php')
CRITICAL - 2024-06-25 00:58:51 --> CodeIgniter\Filters\Exceptions\FilterException: "Config\Cors" must implement CodeIgniter\Filters\FilterInterface.
[Method: POST, Route: api/cuotas_administracion/create]
in SYSTEMPATH/Filters/Filters.php on line 200.
 1 SYSTEMPATH/Filters/Filters.php(200): CodeIgniter\Filters\Exceptions\FilterException::forIncorrectInterface('Config\\Cors')
 2 SYSTEMPATH/Filters/Filters.php(184): CodeIgniter\Filters\Filters->runBefore([...])
 3 SYSTEMPATH/CodeIgniter.php(481): CodeIgniter\Filters\Filters->run('api/cuotas_administracion/create', 'before')
 4 SYSTEMPATH/CodeIgniter.php(355): CodeIgniter\CodeIgniter->handleRequest(null, Object(Config\Cache), false)
 5 SYSTEMPATH/Boot.php(312): CodeIgniter\CodeIgniter->run()
 6 SYSTEMPATH/Boot.php(67): CodeIgniter\Boot::runCodeIgniter(Object(CodeIgniter\CodeIgniter))
 7 FCPATH/index.php(55): CodeIgniter\Boot::bootWeb(Object(Config\Paths))
 8 SYSTEMPATH/Commands/Server/rewrite.php(49): require_once('/Applications/XAMPP/xamppfiles/htdocs/SENA/api_ADMIRED/public/index.php')
CRITICAL - 2024-06-25 01:00:47 --> CodeIgniter\Filters\Exceptions\FilterException: "Config\Cors" must implement CodeIgniter\Filters\FilterInterface.
[Method: GET, Route: /]
in SYSTEMPATH/Filters/Filters.php on line 200.
 1 SYSTEMPATH/Filters/Filters.php(200): CodeIgniter\Filters\Exceptions\FilterException::forIncorrectInterface('Config\\Cors')
 2 SYSTEMPATH/Filters/Filters.php(184): CodeIgniter\Filters\Filters->runBefore([...])
 3 SYSTEMPATH/CodeIgniter.php(481): CodeIgniter\Filters\Filters->run('', 'before')
 4 SYSTEMPATH/CodeIgniter.php(355): CodeIgniter\CodeIgniter->handleRequest(null, Object(Config\Cache), false)
 5 SYSTEMPATH/Boot.php(312): CodeIgniter\CodeIgniter->run()
 6 SYSTEMPATH/Boot.php(67): CodeIgniter\Boot::runCodeIgniter(Object(CodeIgniter\CodeIgniter))
 7 FCPATH/index.php(55): CodeIgniter\Boot::bootWeb(Object(Config\Paths))
 8 SYSTEMPATH/Commands/Server/rewrite.php(49): require_once('/Applications/XAMPP/xamppfiles/htdocs/SENA/api_ADMIRED/public/index.php')
CRITICAL - 2024-06-25 01:00:59 --> CodeIgniter\Filters\Exceptions\FilterException: "Config\Cors" must implement CodeIgniter\Filters\FilterInterface.
[Method: GET, Route: /]
in SYSTEMPATH/Filters/Filters.php on line 200.
 1 SYSTEMPATH/Filters/Filters.php(200): CodeIgniter\Filters\Exceptions\FilterException::forIncorrectInterface('Config\\Cors')
 2 SYSTEMPATH/Filters/Filters.php(184): CodeIgniter\Filters\Filters->runBefore([...])
 3 SYSTEMPATH/CodeIgniter.php(481): CodeIgniter\Filters\Filters->run('', 'before')
 4 SYSTEMPATH/CodeIgniter.php(355): CodeIgniter\CodeIgniter->handleRequest(null, Object(Config\Cache), false)
 5 SYSTEMPATH/Boot.php(312): CodeIgniter\CodeIgniter->run()
 6 SYSTEMPATH/Boot.php(67): CodeIgniter\Boot::runCodeIgniter(Object(CodeIgniter\CodeIgniter))
 7 FCPATH/index.php(55): CodeIgniter\Boot::bootWeb(Object(Config\Paths))
 8 SYSTEMPATH/Commands/Server/rewrite.php(49): require_once('/Applications/XAMPP/xamppfiles/htdocs/SENA/api_ADMIRED/public/index.php')
CRITICAL - 2024-06-25 01:06:11 --> CodeIgniter\Filters\Exceptions\FilterException: "Config\Cors" must implement CodeIgniter\Filters\FilterInterface.
[Method: POST, Route: api/cuotas_administracion/create]
in SYSTEMPATH/Filters/Filters.php on line 200.
 1 SYSTEMPATH/Filters/Filters.php(200): CodeIgniter\Filters\Exceptions\FilterException::forIncorrectInterface('Config\\Cors')
 2 SYSTEMPATH/Filters/Filters.php(184): CodeIgniter\Filters\Filters->runBefore([...])
 3 SYSTEMPATH/CodeIgniter.php(481): CodeIgniter\Filters\Filters->run('api/cuotas_administracion/create', 'before')
 4 SYSTEMPATH/CodeIgniter.php(355): CodeIgniter\CodeIgniter->handleRequest(null, Object(Config\Cache), false)
 5 SYSTEMPATH/Boot.php(312): CodeIgniter\CodeIgniter->run()
 6 SYSTEMPATH/Boot.php(67): CodeIgniter\Boot::runCodeIgniter(Object(CodeIgniter\CodeIgniter))
 7 FCPATH/index.php(55): CodeIgniter\Boot::bootWeb(Object(Config\Paths))
 8 SYSTEMPATH/Commands/Server/rewrite.php(49): require_once('/Applications/XAMPP/xamppfiles/htdocs/SENA/api_ADMIRED/public/index.php')
CRITICAL - 2024-06-25 01:13:08 --> CodeIgniter\Filters\Exceptions\FilterException: "Config\Cors" must implement CodeIgniter\Filters\FilterInterface.
[Method: POST, Route: api/cuotas_administracion/create]
in SYSTEMPATH/Filters/Filters.php on line 200.
 1 SYSTEMPATH/Filters/Filters.php(200): CodeIgniter\Filters\Exceptions\FilterException::forIncorrectInterface('Config\\Cors')
 2 SYSTEMPATH/Filters/Filters.php(184): CodeIgniter\Filters\Filters->runBefore([...])
 3 SYSTEMPATH/CodeIgniter.php(481): CodeIgniter\Filters\Filters->run('api/cuotas_administracion/create', 'before')
 4 SYSTEMPATH/CodeIgniter.php(355): CodeIgniter\CodeIgniter->handleRequest(null, Object(Config\Cache), false)
 5 SYSTEMPATH/Boot.php(312): CodeIgniter\CodeIgniter->run()
 6 SYSTEMPATH/Boot.php(67): CodeIgniter\Boot::runCodeIgniter(Object(CodeIgniter\CodeIgniter))
 7 FCPATH/index.php(55): CodeIgniter\Boot::bootWeb(Object(Config\Paths))
 8 SYSTEMPATH/Commands/Server/rewrite.php(49): require_once('/Applications/XAMPP/xamppfiles/htdocs/SENA/api_ADMIRED/public/index.php')
CRITICAL - 2024-06-25 01:14:23 --> CodeIgniter\Filters\Exceptions\FilterException: "Config\Cors" must implement CodeIgniter\Filters\FilterInterface.
[Method: POST, Route: api/cuotas_administracion/create]
in SYSTEMPATH/Filters/Filters.php on line 200.
 1 SYSTEMPATH/Filters/Filters.php(200): CodeIgniter\Filters\Exceptions\FilterException::forIncorrectInterface('Config\\Cors')
 2 SYSTEMPATH/Filters/Filters.php(184): CodeIgniter\Filters\Filters->runBefore([...])
 3 SYSTEMPATH/CodeIgniter.php(481): CodeIgniter\Filters\Filters->run('api/cuotas_administracion/create', 'before')
 4 SYSTEMPATH/CodeIgniter.php(355): CodeIgniter\CodeIgniter->handleRequest(null, Object(Config\Cache), false)
 5 SYSTEMPATH/Boot.php(312): CodeIgniter\CodeIgniter->run()
 6 SYSTEMPATH/Boot.php(67): CodeIgniter\Boot::runCodeIgniter(Object(CodeIgniter\CodeIgniter))
 7 FCPATH/index.php(55): CodeIgniter\Boot::bootWeb(Object(Config\Paths))
 8 SYSTEMPATH/Commands/Server/rewrite.php(49): require_once('/Applications/XAMPP/xamppfiles/htdocs/SENA/api_ADMIRED/public/index.php')
CRITICAL - 2024-06-25 01:17:50 --> CodeIgniter\Filters\Exceptions\FilterException: "Config\Cors" must implement CodeIgniter\Filters\FilterInterface.
[Method: POST, Route: api/cuotas_administracion/create]
in SYSTEMPATH/Filters/Filters.php on line 200.
 1 SYSTEMPATH/Filters/Filters.php(200): CodeIgniter\Filters\Exceptions\FilterException::forIncorrectInterface('Config\\Cors')
 2 SYSTEMPATH/Filters/Filters.php(184): CodeIgniter\Filters\Filters->runBefore([...])
 3 SYSTEMPATH/CodeIgniter.php(481): CodeIgniter\Filters\Filters->run('api/cuotas_administracion/create', 'before')
 4 SYSTEMPATH/CodeIgniter.php(355): CodeIgniter\CodeIgniter->handleRequest(null, Object(Config\Cache), false)
 5 SYSTEMPATH/Boot.php(312): CodeIgniter\CodeIgniter->run()
 6 SYSTEMPATH/Boot.php(67): CodeIgniter\Boot::runCodeIgniter(Object(CodeIgniter\CodeIgniter))
 7 FCPATH/index.php(55): CodeIgniter\Boot::bootWeb(Object(Config\Paths))
 8 SYSTEMPATH/Commands/Server/rewrite.php(49): require_once('/Applications/XAMPP/xamppfiles/htdocs/SENA/api_ADMIRED/public/index.php')
CRITICAL - 2024-06-25 01:19:10 --> CodeIgniter\Filters\Exceptions\FilterException: "Config\Cors" must implement CodeIgniter\Filters\FilterInterface.
[Method: OPTIONS, Route: api/cuotas_administracion/create]
in SYSTEMPATH/Filters/Filters.php on line 200.
 1 SYSTEMPATH/Filters/Filters.php(200): CodeIgniter\Filters\Exceptions\FilterException::forIncorrectInterface('Config\\Cors')
 2 SYSTEMPATH/Filters/Filters.php(184): CodeIgniter\Filters\Filters->runBefore([...])
 3 SYSTEMPATH/CodeIgniter.php(481): CodeIgniter\Filters\Filters->run('api/cuotas_administracion/create', 'before')
 4 SYSTEMPATH/CodeIgniter.php(355): CodeIgniter\CodeIgniter->handleRequest(null, Object(Config\Cache), false)
 5 SYSTEMPATH/Boot.php(312): CodeIgniter\CodeIgniter->run()
 6 SYSTEMPATH/Boot.php(67): CodeIgniter\Boot::runCodeIgniter(Object(CodeIgniter\CodeIgniter))
 7 FCPATH/index.php(55): CodeIgniter\Boot::bootWeb(Object(Config\Paths))
 8 SYSTEMPATH/Commands/Server/rewrite.php(49): require_once('/Applications/XAMPP/xamppfiles/htdocs/SENA/api_ADMIRED/public/index.php')
CRITICAL - 2024-06-25 01:19:45 --> CodeIgniter\Filters\Exceptions\FilterException: "Config\Cors" must implement CodeIgniter\Filters\FilterInterface.
[Method: POST, Route: api/cuotas_administracion/create]
in SYSTEMPATH/Filters/Filters.php on line 200.
 1 SYSTEMPATH/Filters/Filters.php(200): CodeIgniter\Filters\Exceptions\FilterException::forIncorrectInterface('Config\\Cors')
 2 SYSTEMPATH/Filters/Filters.php(184): CodeIgniter\Filters\Filters->runBefore([...])
 3 SYSTEMPATH/CodeIgniter.php(481): CodeIgniter\Filters\Filters->run('api/cuotas_administracion/create', 'before')
 4 SYSTEMPATH/CodeIgniter.php(355): CodeIgniter\CodeIgniter->handleRequest(null, Object(Config\Cache), false)
 5 SYSTEMPATH/Boot.php(312): CodeIgniter\CodeIgniter->run()
 6 SYSTEMPATH/Boot.php(67): CodeIgniter\Boot::runCodeIgniter(Object(CodeIgniter\CodeIgniter))
 7 FCPATH/index.php(55): CodeIgniter\Boot::bootWeb(Object(Config\Paths))
 8 SYSTEMPATH/Commands/Server/rewrite.php(49): require_once('/Applications/XAMPP/xamppfiles/htdocs/SENA/api_ADMIRED/public/index.php')
CRITICAL - 2024-06-25 01:20:08 --> CodeIgniter\Filters\Exceptions\FilterException: "Config\Cors" must implement CodeIgniter\Filters\FilterInterface.
[Method: POST, Route: api/cuotas_administracion/create]
in SYSTEMPATH/Filters/Filters.php on line 200.
 1 SYSTEMPATH/Filters/Filters.php(200): CodeIgniter\Filters\Exceptions\FilterException::forIncorrectInterface('Config\\Cors')
 2 SYSTEMPATH/Filters/Filters.php(184): CodeIgniter\Filters\Filters->runBefore([...])
 3 SYSTEMPATH/CodeIgniter.php(481): CodeIgniter\Filters\Filters->run('api/cuotas_administracion/create', 'before')
 4 SYSTEMPATH/CodeIgniter.php(355): CodeIgniter\CodeIgniter->handleRequest(null, Object(Config\Cache), false)
 5 SYSTEMPATH/Boot.php(312): CodeIgniter\CodeIgniter->run()
 6 SYSTEMPATH/Boot.php(67): CodeIgniter\Boot::runCodeIgniter(Object(CodeIgniter\CodeIgniter))
 7 FCPATH/index.php(55): CodeIgniter\Boot::bootWeb(Object(Config\Paths))
 8 SYSTEMPATH/Commands/Server/rewrite.php(49): require_once('/Applications/XAMPP/xamppfiles/htdocs/SENA/api_ADMIRED/public/index.php')
CRITICAL - 2024-06-25 01:22:16 --> CodeIgniter\Filters\Exceptions\FilterException: "Config\Cors" must implement CodeIgniter\Filters\FilterInterface.
[Method: POST, Route: api/cuotas_administracion/create]
in SYSTEMPATH/Filters/Filters.php on line 200.
 1 SYSTEMPATH/Filters/Filters.php(200): CodeIgniter\Filters\Exceptions\FilterException::forIncorrectInterface('Config\\Cors')
 2 SYSTEMPATH/Filters/Filters.php(184): CodeIgniter\Filters\Filters->runBefore([...])
 3 SYSTEMPATH/CodeIgniter.php(481): CodeIgniter\Filters\Filters->run('api/cuotas_administracion/create', 'before')
 4 SYSTEMPATH/CodeIgniter.php(355): CodeIgniter\CodeIgniter->handleRequest(null, Object(Config\Cache), false)
 5 SYSTEMPATH/Boot.php(312): CodeIgniter\CodeIgniter->run()
 6 SYSTEMPATH/Boot.php(67): CodeIgniter\Boot::runCodeIgniter(Object(CodeIgniter\CodeIgniter))
 7 FCPATH/index.php(55): CodeIgniter\Boot::bootWeb(Object(Config\Paths))
 8 SYSTEMPATH/Commands/Server/rewrite.php(49): require_once('/Applications/XAMPP/xamppfiles/htdocs/SENA/api_ADMIRED/public/index.php')
CRITICAL - 2024-06-25 01:27:23 --> CodeIgniter\Filters\Exceptions\FilterException: "Config\Cors" must implement CodeIgniter\Filters\FilterInterface.
[Method: POST, Route: api/cuotas_administracion/create]
in SYSTEMPATH/Filters/Filters.php on line 200.
 1 SYSTEMPATH/Filters/Filters.php(200): CodeIgniter\Filters\Exceptions\FilterException::forIncorrectInterface('Config\\Cors')
 2 SYSTEMPATH/Filters/Filters.php(184): CodeIgniter\Filters\Filters->runBefore([...])
 3 SYSTEMPATH/CodeIgniter.php(481): CodeIgniter\Filters\Filters->run('api/cuotas_administracion/create', 'before')
 4 SYSTEMPATH/CodeIgniter.php(355): CodeIgniter\CodeIgniter->handleRequest(null, Object(Config\Cache), false)
 5 SYSTEMPATH/Boot.php(312): CodeIgniter\CodeIgniter->run()
 6 SYSTEMPATH/Boot.php(67): CodeIgniter\Boot::runCodeIgniter(Object(CodeIgniter\CodeIgniter))
 7 FCPATH/index.php(55): CodeIgniter\Boot::bootWeb(Object(Config\Paths))
 8 SYSTEMPATH/Commands/Server/rewrite.php(49): require_once('/Applications/XAMPP/xamppfiles/htdocs/SENA/api_ADMIRED/public/index.php')
CRITICAL - 2024-06-25 01:28:32 --> CodeIgniter\Filters\Exceptions\FilterException: "Config\Cors" must implement CodeIgniter\Filters\FilterInterface.
[Method: POST, Route: api/cuotas_administracion/create]
in SYSTEMPATH/Filters/Filters.php on line 200.
 1 SYSTEMPATH/Filters/Filters.php(200): CodeIgniter\Filters\Exceptions\FilterException::forIncorrectInterface('Config\\Cors')
 2 SYSTEMPATH/Filters/Filters.php(184): CodeIgniter\Filters\Filters->runBefore([...])
 3 SYSTEMPATH/CodeIgniter.php(481): CodeIgniter\Filters\Filters->run('api/cuotas_administracion/create', 'before')
 4 SYSTEMPATH/CodeIgniter.php(355): CodeIgniter\CodeIgniter->handleRequest(null, Object(Config\Cache), false)
 5 SYSTEMPATH/Boot.php(312): CodeIgniter\CodeIgniter->run()
 6 SYSTEMPATH/Boot.php(67): CodeIgniter\Boot::runCodeIgniter(Object(CodeIgniter\CodeIgniter))
 7 FCPATH/index.php(55): CodeIgniter\Boot::bootWeb(Object(Config\Paths))
 8 SYSTEMPATH/Commands/Server/rewrite.php(49): require_once('/Applications/XAMPP/xamppfiles/htdocs/SENA/api_ADMIRED/public/index.php')
CRITICAL - 2024-06-25 01:28:58 --> CodeIgniter\Filters\Exceptions\FilterException: "Config\Cors" must implement CodeIgniter\Filters\FilterInterface.
[Method: POST, Route: api/cuotas_administracion/create]
in SYSTEMPATH/Filters/Filters.php on line 200.
 1 SYSTEMPATH/Filters/Filters.php(200): CodeIgniter\Filters\Exceptions\FilterException::forIncorrectInterface('Config\\Cors')
 2 SYSTEMPATH/Filters/Filters.php(184): CodeIgniter\Filters\Filters->runBefore([...])
 3 SYSTEMPATH/CodeIgniter.php(481): CodeIgniter\Filters\Filters->run('api/cuotas_administracion/create', 'before')
 4 SYSTEMPATH/CodeIgniter.php(355): CodeIgniter\CodeIgniter->handleRequest(null, Object(Config\Cache), false)
 5 SYSTEMPATH/Boot.php(312): CodeIgniter\CodeIgniter->run()
 6 SYSTEMPATH/Boot.php(67): CodeIgniter\Boot::runCodeIgniter(Object(CodeIgniter\CodeIgniter))
 7 FCPATH/index.php(55): CodeIgniter\Boot::bootWeb(Object(Config\Paths))
 8 SYSTEMPATH/Commands/Server/rewrite.php(49): require_once('/Applications/XAMPP/xamppfiles/htdocs/SENA/api_ADMIRED/public/index.php')
CRITICAL - 2024-06-25 01:45:01 --> CodeIgniter\Filters\Exceptions\FilterException: "Config\Cors" must implement CodeIgniter\Filters\FilterInterface.
[Method: POST, Route: api/cuotas_administracion/create]
in SYSTEMPATH/Filters/Filters.php on line 200.
 1 SYSTEMPATH/Filters/Filters.php(200): CodeIgniter\Filters\Exceptions\FilterException::forIncorrectInterface('Config\\Cors')
 2 SYSTEMPATH/Filters/Filters.php(184): CodeIgniter\Filters\Filters->runBefore([...])
 3 SYSTEMPATH/CodeIgniter.php(481): CodeIgniter\Filters\Filters->run('api/cuotas_administracion/create', 'before')
 4 SYSTEMPATH/CodeIgniter.php(355): CodeIgniter\CodeIgniter->handleRequest(null, Object(Config\Cache), false)
 5 SYSTEMPATH/Boot.php(312): CodeIgniter\CodeIgniter->run()
 6 SYSTEMPATH/Boot.php(67): CodeIgniter\Boot::runCodeIgniter(Object(CodeIgniter\CodeIgniter))
 7 FCPATH/index.php(55): CodeIgniter\Boot::bootWeb(Object(Config\Paths))
 8 SYSTEMPATH/Commands/Server/rewrite.php(49): require_once('/Applications/XAMPP/xamppfiles/htdocs/SENA/api_ADMIRED/public/index.php')
CRITICAL - 2024-06-25 01:45:06 --> CodeIgniter\Filters\Exceptions\FilterException: "Config\Cors" must implement CodeIgniter\Filters\FilterInterface.
[Method: POST, Route: api/cuotas_administracion/create]
in SYSTEMPATH/Filters/Filters.php on line 200.
 1 SYSTEMPATH/Filters/Filters.php(200): CodeIgniter\Filters\Exceptions\FilterException::forIncorrectInterface('Config\\Cors')
 2 SYSTEMPATH/Filters/Filters.php(184): CodeIgniter\Filters\Filters->runBefore([...])
 3 SYSTEMPATH/CodeIgniter.php(481): CodeIgniter\Filters\Filters->run('api/cuotas_administracion/create', 'before')
 4 SYSTEMPATH/CodeIgniter.php(355): CodeIgniter\CodeIgniter->handleRequest(null, Object(Config\Cache), false)
 5 SYSTEMPATH/Boot.php(312): CodeIgniter\CodeIgniter->run()
 6 SYSTEMPATH/Boot.php(67): CodeIgniter\Boot::runCodeIgniter(Object(CodeIgniter\CodeIgniter))
 7 FCPATH/index.php(55): CodeIgniter\Boot::bootWeb(Object(Config\Paths))
 8 SYSTEMPATH/Commands/Server/rewrite.php(49): require_once('/Applications/XAMPP/xamppfiles/htdocs/SENA/api_ADMIRED/public/index.php')
ERROR - 2024-06-25 01:48:10 --> mysqli_sql_exception: Column 'FECHA' cannot be null in /Applications/XAMPP/xamppfiles/htdocs/SENA/api_ADMIRED/vendor/codeigniter4/framework/system/Database/MySQLi/Connection.php:308
Stack trace:
#0 /Applications/XAMPP/xamppfiles/htdocs/SENA/api_ADMIRED/vendor/codeigniter4/framework/system/Database/MySQLi/Connection.php(308): mysqli->query('INSERT INTO `cu...', 0)
#1 /Applications/XAMPP/xamppfiles/htdocs/SENA/api_ADMIRED/vendor/codeigniter4/framework/system/Database/BaseConnection.php(722): CodeIgniter\Database\MySQLi\Connection->execute('INSERT INTO `cu...')
#2 /Applications/XAMPP/xamppfiles/htdocs/SENA/api_ADMIRED/vendor/codeigniter4/framework/system/Database/BaseConnection.php(636): CodeIgniter\Database\BaseConnection->simpleQuery('INSERT INTO `cu...')
#3 /Applications/XAMPP/xamppfiles/htdocs/SENA/api_ADMIRED/vendor/codeigniter4/framework/system/Database/BaseBuilder.php(2325): CodeIgniter\Database\BaseConnection->query('INSERT INTO `cu...', Array, false)
#4 /Applications/XAMPP/xamppfiles/htdocs/SENA/api_ADMIRED/vendor/codeigniter4/framework/system/Model.php(383): CodeIgniter\Database\BaseBuilder->insert()
#5 /Applications/XAMPP/xamppfiles/htdocs/SENA/api_ADMIRED/vendor/codeigniter4/framework/system/BaseModel.php(840): CodeIgniter\Model->doInsert(Array)
#6 /Applications/XAMPP/xamppfiles/htdocs/SENA/api_ADMIRED/vendor/codeigniter4/framework/system/Model.php(791): CodeIgniter\BaseModel->insert(Array, true)
#7 /Applications/XAMPP/xamppfiles/htdocs/SENA/api_ADMIRED/app/Controllers/Cuota.php(22): CodeIgniter\Model->insert(Array)
#8 /Applications/XAMPP/xamppfiles/htdocs/SENA/api_ADMIRED/vendor/codeigniter4/framework/system/CodeIgniter.php(933): App\Controllers\Cuota->create()
#9 /Applications/XAMPP/xamppfiles/htdocs/SENA/api_ADMIRED/vendor/codeigniter4/framework/system/CodeIgniter.php(509): CodeIgniter\CodeIgniter->runController(Object(App\Controllers\Cuota))
#10 /Applications/XAMPP/xamppfiles/htdocs/SENA/api_ADMIRED/vendor/codeigniter4/framework/system/CodeIgniter.php(355): CodeIgniter\CodeIgniter->handleRequest(NULL, Object(Config\Cache), false)
#11 /Applications/XAMPP/xamppfiles/htdocs/SENA/api_ADMIRED/vendor/codeigniter4/framework/system/Boot.php(312): CodeIgniter\CodeIgniter->run()
#12 /Applications/XAMPP/xamppfiles/htdocs/SENA/api_ADMIRED/vendor/codeigniter4/framework/system/Boot.php(67): CodeIgniter\Boot::runCodeIgniter(Object(CodeIgniter\CodeIgniter))
#13 /Applications/XAMPP/xamppfiles/htdocs/SENA/api_ADMIRED/public/index.php(55): CodeIgniter\Boot::bootWeb(Object(Config\Paths))
#14 /Applications/XAMPP/xamppfiles/htdocs/SENA/api_ADMIRED/vendor/codeigniter4/framework/system/Commands/Server/rewrite.php(49): require_once('/Applications/X...')
#15 {main}
CRITICAL - 2024-06-25 01:48:10 --> CodeIgniter\Database\Exceptions\DatabaseException: Column 'FECHA' cannot be null
[Method: POST, Route: api/cuotas_administracion/create]
in SYSTEMPATH/Database/BaseConnection.php on line 676.
 1 SYSTEMPATH/Database/BaseBuilder.php(2325): CodeIgniter\Database\BaseConnection->query('INSERT INTO `cuotas_administracion` (`FECHA`, `ESTADO`, `FECHA_LIMITE`, `PRECIO`) VALUES (:FECHA:, :ESTADO:, :FECHA_LIMITE:, :PRECIO:)', [...], false)
 2 SYSTEMPATH/Model.php(383): CodeIgniter\Database\BaseBuilder->insert()
 3 SYSTEMPATH/BaseModel.php(840): CodeIgniter\Model->doInsert([...])
 4 SYSTEMPATH/Model.php(791): CodeIgniter\BaseModel->insert([...], true)
 5 APPPATH/Controllers/Cuota.php(22): CodeIgniter\Model->insert([...])
 6 SYSTEMPATH/CodeIgniter.php(933): App\Controllers\Cuota->create()
 7 SYSTEMPATH/CodeIgniter.php(509): CodeIgniter\CodeIgniter->runController(Object(App\Controllers\Cuota))
 8 SYSTEMPATH/CodeIgniter.php(355): CodeIgniter\CodeIgniter->handleRequest(null, Object(Config\Cache), false)
 9 SYSTEMPATH/Boot.php(312): CodeIgniter\CodeIgniter->run()
10 SYSTEMPATH/Boot.php(67): CodeIgniter\Boot::runCodeIgniter(Object(CodeIgniter\CodeIgniter))
11 FCPATH/index.php(55): CodeIgniter\Boot::bootWeb(Object(Config\Paths))
12 SYSTEMPATH/Commands/Server/rewrite.php(49): require_once('/Applications/XAMPP/xamppfiles/htdocs/SENA/api_ADMIRED/public/index.php')
CRITICAL - 2024-06-25 01:48:10 --> [Caused by] CodeIgniter\Database\Exceptions\DatabaseException: Column 'FECHA' cannot be null
in SYSTEMPATH/Database/MySQLi/Connection.php on line 313.
 1 SYSTEMPATH/Database/BaseConnection.php(722): CodeIgniter\Database\MySQLi\Connection->execute('INSERT INTO `cuotas_administracion` (`FECHA`, `ESTADO`, `FECHA_LIMITE`, `PRECIO`) VALUES (NULL, NULL, NULL, NULL)')
 2 SYSTEMPATH/Database/BaseConnection.php(636): CodeIgniter\Database\BaseConnection->simpleQuery('INSERT INTO `cuotas_administracion` (`FECHA`, `ESTADO`, `FECHA_LIMITE`, `PRECIO`) VALUES (NULL, NULL, NULL, NULL)')
 3 SYSTEMPATH/Database/BaseBuilder.php(2325): CodeIgniter\Database\BaseConnection->query('INSERT INTO `cuotas_administracion` (`FECHA`, `ESTADO`, `FECHA_LIMITE`, `PRECIO`) VALUES (:FECHA:, :ESTADO:, :FECHA_LIMITE:, :PRECIO:)', [...], false)
 4 SYSTEMPATH/Model.php(383): CodeIgniter\Database\BaseBuilder->insert()
 5 SYSTEMPATH/BaseModel.php(840): CodeIgniter\Model->doInsert([...])
 6 SYSTEMPATH/Model.php(791): CodeIgniter\BaseModel->insert([...], true)
 7 APPPATH/Controllers/Cuota.php(22): CodeIgniter\Model->insert([...])
 8 SYSTEMPATH/CodeIgniter.php(933): App\Controllers\Cuota->create()
 9 SYSTEMPATH/CodeIgniter.php(509): CodeIgniter\CodeIgniter->runController(Object(App\Controllers\Cuota))
10 SYSTEMPATH/CodeIgniter.php(355): CodeIgniter\CodeIgniter->handleRequest(null, Object(Config\Cache), false)
11 SYSTEMPATH/Boot.php(312): CodeIgniter\CodeIgniter->run()
12 SYSTEMPATH/Boot.php(67): CodeIgniter\Boot::runCodeIgniter(Object(CodeIgniter\CodeIgniter))
13 FCPATH/index.php(55): CodeIgniter\Boot::bootWeb(Object(Config\Paths))
14 SYSTEMPATH/Commands/Server/rewrite.php(49): require_once('/Applications/XAMPP/xamppfiles/htdocs/SENA/api_ADMIRED/public/index.php')
CRITICAL - 2024-06-25 01:48:10 --> [Caused by] mysqli_sql_exception: Column 'FECHA' cannot be null
in SYSTEMPATH/Database/MySQLi/Connection.php on line 308.
 1 SYSTEMPATH/Database/MySQLi/Connection.php(308): mysqli->query('INSERT INTO `cuotas_administracion` (`FECHA`, `ESTADO`, `FECHA_LIMITE`, `PRECIO`) VALUES (NULL, NULL, NULL, NULL)', 0)
 2 SYSTEMPATH/Database/BaseConnection.php(722): CodeIgniter\Database\MySQLi\Connection->execute('INSERT INTO `cuotas_administracion` (`FECHA`, `ESTADO`, `FECHA_LIMITE`, `PRECIO`) VALUES (NULL, NULL, NULL, NULL)')
 3 SYSTEMPATH/Database/BaseConnection.php(636): CodeIgniter\Database\BaseConnection->simpleQuery('INSERT INTO `cuotas_administracion` (`FECHA`, `ESTADO`, `FECHA_LIMITE`, `PRECIO`) VALUES (NULL, NULL, NULL, NULL)')
 4 SYSTEMPATH/Database/BaseBuilder.php(2325): CodeIgniter\Database\BaseConnection->query('INSERT INTO `cuotas_administracion` (`FECHA`, `ESTADO`, `FECHA_LIMITE`, `PRECIO`) VALUES (:FECHA:, :ESTADO:, :FECHA_LIMITE:, :PRECIO:)', [...], false)
 5 SYSTEMPATH/Model.php(383): CodeIgniter\Database\BaseBuilder->insert()
 6 SYSTEMPATH/BaseModel.php(840): CodeIgniter\Model->doInsert([...])
 7 SYSTEMPATH/Model.php(791): CodeIgniter\BaseModel->insert([...], true)
 8 APPPATH/Controllers/Cuota.php(22): CodeIgniter\Model->insert([...])
 9 SYSTEMPATH/CodeIgniter.php(933): App\Controllers\Cuota->create()
10 SYSTEMPATH/CodeIgniter.php(509): CodeIgniter\CodeIgniter->runController(Object(App\Controllers\Cuota))
11 SYSTEMPATH/CodeIgniter.php(355): CodeIgniter\CodeIgniter->handleRequest(null, Object(Config\Cache), false)
12 SYSTEMPATH/Boot.php(312): CodeIgniter\CodeIgniter->run()
13 SYSTEMPATH/Boot.php(67): CodeIgniter\Boot::runCodeIgniter(Object(CodeIgniter\CodeIgniter))
14 FCPATH/index.php(55): CodeIgniter\Boot::bootWeb(Object(Config\Paths))
15 SYSTEMPATH/Commands/Server/rewrite.php(49): require_once('/Applications/XAMPP/xamppfiles/htdocs/SENA/api_ADMIRED/public/index.php')
